<?xml version="1.0" encoding="UTF-8"?>
<robot generator="Robot 6.1 (Python 3.10.12 on linux)" generated="20231120 12:35:05.891" rpa="false" schemaversion="4">
<suite id="s1" name="Age Cal Data Driven" source="/home/vignesh/PycharmProjects/Appium_Automation/Age_Calculator/Robot_way/age_cal_data_driven.robot">
<kw name="Open App" type="SETUP">
<kw name="Open Application" library="AppiumLibrary">
<arg>${APPLICATION_URL}</arg>
<arg>platformName=Android</arg>
<arg>appium:deviceName=${DEVICE_NAME}</arg>
<arg>appium:platformVersion=${PLATFORM_VERSION}</arg>
<arg>appium:appPackage=${APP_PACKAGE}</arg>
<arg>appium:appActivity=${APP_ACTIVITY}</arg>
<arg>appium:ensureWebviewsHavePages=${True}</arg>
<arg>appium:nativeWebScreenshot=${True}</arg>
<arg>appium:connectHardwareKeyboard=${True}</arg>
<doc>Opens a new application to given Appium server.
Capabilities of appium server, Android and iOS,
Please check https://github.com/appium/appium/blob/master/docs/en/writing-running-appium/server-args.md
| *Option*            | *Man.* | *Description*     |
| remote_url          | Yes    | Appium server url |
| alias               | no     | alias             |
| strict_ssl          | No     | allows you to send commands to an invalid certificate host like a self-signed one. |</doc>
<status status="PASS" starttime="20231120 12:35:06.584" endtime="20231120 12:35:18.127"/>
</kw>
<kw name="Set Variable" library="BuiltIn">
<var>${el1}</var>
<arg>id=com.happyverse.agecalculator:id/BUTTON5</arg>
<doc>Returns the given values which can then be assigned to a variables.</doc>
<msg timestamp="20231120 12:35:18.128" level="INFO">${el1} = id=com.happyverse.agecalculator:id/BUTTON5</msg>
<status status="PASS" starttime="20231120 12:35:18.127" endtime="20231120 12:35:18.128"/>
</kw>
<kw name="Click Element" library="AppiumLibrary">
<arg>${el1}</arg>
<doc>Click element identified by `locator`.</doc>
<msg timestamp="20231120 12:35:18.133" level="INFO">Clicking element 'id=com.happyverse.agecalculator:id/BUTTON5'.</msg>
<msg timestamp="20231120 12:35:19.289" level="INFO">criteria is com.happyverse.agecalculator:id/BUTTON5</msg>
<status status="PASS" starttime="20231120 12:35:18.129" endtime="20231120 12:35:19.289"/>
</kw>
<kw name="Set Variable" library="BuiltIn">
<var>${el2}</var>
<arg>xpath=(//android.widget.ImageView[@resource-id="com.happyverse.agecalculator:id/IMAGE_VIEW83"])[1]</arg>
<doc>Returns the given values which can then be assigned to a variables.</doc>
<msg timestamp="20231120 12:35:19.291" level="INFO">${el2} = xpath=(//android.widget.ImageView[@resource-id="com.happyverse.agecalculator:id/IMAGE_VIEW83"])[1]</msg>
<status status="PASS" starttime="20231120 12:35:19.290" endtime="20231120 12:35:19.291"/>
</kw>
<kw name="Click Element" library="AppiumLibrary">
<arg>${el2}</arg>
<doc>Click element identified by `locator`.</doc>
<msg timestamp="20231120 12:35:19.297" level="INFO">Clicking element 'xpath=(//android.widget.ImageView[@resource-id="com.happyverse.agecalculator:id/IMAGE_VIEW83"])[1]'.</msg>
<msg timestamp="20231120 12:35:20.474" level="INFO">xpath criteria: (//android.widget.ImageView[@resource-id="com.happyverse.agecalculator:id/IMAGE_VIEW83"])[1]</msg>
<status status="PASS" starttime="20231120 12:35:19.291" endtime="20231120 12:35:20.474"/>
</kw>
<status status="PASS" starttime="20231120 12:35:06.584" endtime="20231120 12:35:20.475"/>
</kw>
<test id="s1-t1" name="Test_1" line="17">
<kw name="Enter Date">
<arg>13-05-1993</arg>
<kw name="Set Variable" library="BuiltIn">
<var>${el3}</var>
<arg>id=com.happyverse.agecalculator:id/YourName</arg>
<doc>Returns the given values which can then be assigned to a variables.</doc>
<msg timestamp="20231120 12:35:20.485" level="INFO">${el3} = id=com.happyverse.agecalculator:id/YourName</msg>
<status status="PASS" starttime="20231120 12:35:20.483" endtime="20231120 12:35:20.485"/>
</kw>
<kw name="Input Text" library="AppiumLibrary">
<arg>${el3}</arg>
<arg>${date_input}</arg>
<doc>Types the given `text` into text field identified by `locator`.</doc>
<msg timestamp="20231120 12:35:20.492" level="INFO">Typing text '13-05-1993' into text field 'id=com.happyverse.agecalculator:id/YourName'</msg>
<msg timestamp="20231120 12:35:22.218" level="INFO">criteria is com.happyverse.agecalculator:id/YourName</msg>
<status status="PASS" starttime="20231120 12:35:20.485" endtime="20231120 12:35:22.218"/>
</kw>
<kw name="Set Variable" library="BuiltIn">
<var>${el4}</var>
<arg>id=com.happyverse.agecalculator:id/BUTTON6</arg>
<doc>Returns the given values which can then be assigned to a variables.</doc>
<msg timestamp="20231120 12:35:22.220" level="INFO">${el4} = id=com.happyverse.agecalculator:id/BUTTON6</msg>
<status status="PASS" starttime="20231120 12:35:22.219" endtime="20231120 12:35:22.220"/>
</kw>
<kw name="Click Element" library="AppiumLibrary">
<arg>${el4}</arg>
<doc>Click element identified by `locator`.</doc>
<msg timestamp="20231120 12:35:22.227" level="INFO">Clicking element 'id=com.happyverse.agecalculator:id/BUTTON6'.</msg>
<msg timestamp="20231120 12:35:23.022" level="INFO">criteria is com.happyverse.agecalculator:id/BUTTON6</msg>
<status status="PASS" starttime="20231120 12:35:22.221" endtime="20231120 12:35:23.022"/>
</kw>
<kw name="Set Variable" library="BuiltIn">
<var>${el5}</var>
<arg>id=com.happyverse.agecalculator:id/IMAGE_VIEW2</arg>
<doc>Returns the given values which can then be assigned to a variables.</doc>
<msg timestamp="20231120 12:35:23.023" level="INFO">${el5} = id=com.happyverse.agecalculator:id/IMAGE_VIEW2</msg>
<status status="PASS" starttime="20231120 12:35:23.022" endtime="20231120 12:35:23.023"/>
</kw>
<kw name="Click Element" library="AppiumLibrary">
<arg>${el5}</arg>
<doc>Click element identified by `locator`.</doc>
<msg timestamp="20231120 12:35:23.027" level="INFO">Clicking element 'id=com.happyverse.agecalculator:id/IMAGE_VIEW2'.</msg>
<msg timestamp="20231120 12:35:45.696" level="INFO">criteria is com.happyverse.agecalculator:id/IMAGE_VIEW2</msg>
<status status="PASS" starttime="20231120 12:35:23.023" endtime="20231120 12:35:45.696"/>
</kw>
<kw name="Capture Page Screenshot" library="AppiumLibrary">
<doc>Takes a screenshot of the current page and embeds it into the log.</doc>
<msg timestamp="20231120 12:35:47.341" level="INFO" html="true">&lt;/td&gt;&lt;/tr&gt;&lt;tr&gt;&lt;td colspan="3"&gt;&lt;img src="data:image/png;base64, iVBORw0KGgoAAAANSUhEUgAABDgAAAlgCAYAAABtGofVAAAAAXNSR0IArs4c6QAAAARzQklUCAgI
CHwIZIgAACAASURBVHic7N15WFTV/wfw98gyLAIqqwqoiCvkAmpCamDuC6gl5loaLrmW5q9SK7U0
12zRNMW93OsbmuWSoWaYC2glEgoqQhqgFoPIps7vj2km7tw7wwwzLEPv1/PwKHdm7j3ALOe+7zmf
IwOgBBERERERERGRBatV1Q0gIiIiIiIiIjIVAw4iIiIiIiIisngMOIiIiIiIiIjI4jHgICIiIiIi
IiKLx4CDiIiIiIiIiCweAw4iIiIiIiIisngMOIiIiIiIiIjI4jHgICIiIiIiIiKLx4CDiIiIiIiI
iCweAw4iIiIiIiIisngMOIiIiIiIiIjI4jHgICIiIiIiIiKLx4CDiIiIiIiIiCweAw4iIiIiIiIi
sngMOIiIiIiIiIjI4jHgICIiIiIiIiKLx4CDiIiIiIiIiCweAw4iIiIiIiIisngMOIiIiIiIiIjI
4jHgICIiIiIiIiKLx4CDiIiIiIiIiCweAw4iIiIiIiIisngMOIiIiIiIiIjI4jHgICIiIiIiIiKL
x4CDiIiIiIiIiCweAw4iIiIiIiIisngMOIiIiIiIiIjI4jHgICIiIiIiIiKLx4CDiIiIiIiIiCwe
Aw4iIiIiIiIisngMOIiIiIiIiIjI4jHgICIiIiIiIiKLx4CDiIiIiIiIiCweAw4iIiIiIiIisngM
OIiIiIiIiIjI4jHgICIiIiIiIiKLx4CDiIiIiIiIiCweAw4iIiIiIiIisngMOIiIiIiIiIjI4jHg
ICIiIiIiIiKLx4CDiIiIiIiIiCyedVU3gIiIiIiIjDd16lTMmTNH832DBg0k79e0aVNMnDgRTz75
JBo0aAC5XI6CggLk5OQgOTkZBw4cwP79+yur2UREFUYGQFnVjSAiItKnVq1akMlkUCqVePz4cVU3
h8hiDBgwAMHBwbC3t6/qppRbQUEBEhIS8M0331R1U6qVfv36Ye3atbCxsdFskwo4Jk2ahNmzZ+t9
Dly7dg1dunSpkHYSEVUmjuAgIqJqy8bGBo6OjmjdujX8/PyQnp6OS5cu4f79+ygpKanq5hFVa6NG
jcKLL74If39/2NraVnVzyq24uBhdu3ZFnTp18Pnnn1d1c6qFxo0bY9myZYJwQ8qECRPw1ltvQSaT
obCwEDt37kRsbCxSUlLg6uqK0NBQDBgwAOfPn6+kllNlc3Z2rtTjKRQKnbfJ5XLI5fJy7beoqAhF
RUXlbRb9h3AEB1EVunXrlmibruGlRKZ48803MW3aNMG2jIwMPPnkk1XUIt1kMhnkcjnq1q2LoKAg
9OzZE23atIGXlxeys7Nx6dIlHDlyBAkJCbh37x4KCwuhVPKjjKi01q1bY9OmTfD19a3qppjNzZs3
MW7cOFy+fLlcj3dzc0NQUBAcHR3N3DJp+fn5SExMxJ07d8y+7927d6Nr1664cOEC2rdvr9leug/R
uHFjHD16FI6Ojnj48CGmTp1qUdNQrK2t0aRJE3h5eeHu3bvl/rsbwtnZGf7+/nB2doaHhwcA1Qn1
oUOH9J5UN23aFB4eHvDx8RFsz87OhkKhQFpaGnJzcyus3VJ8fHwQHR2NYcOGVXq48eqrr2L37t0A
VL/TsLAwwXPuww8/RFRUlEnHOHToEPbs2YNDhw6ZtB+quTiCg4joPyA8PFy07eTJk1XQEv3s7e3h
7e2NDh06oH///ggMDES9evVgZWUFmUyGOnXqwM/PD926dUNycjK+/fZb/Pzzz8jIyMCDBw+quvlE
1caTTz5Zo8INAPD19cWTTz5p9Imug4MDIiMjERERAQ8PjzJHPZhLSUkJsrOzsX//fsTGxprtPerl
l19G165dkZeXh9deew3Hjh2TvN/EiRM1Yc7hw4ctKtxo0KABGjVqBE9PT9SuXRvu7u5IT09Hfn6+
WY/Tvn17BAQEwN/fH/7+/nBxcYGHhweKioqwfft2yGQy0WOcnZ0REhICf39/BAQE6A04UlNTkZqa
iqSkJCQmJpq17VKGDRuGVatWVfhxpJQON5ycnLB+/XrMnz9fcJ8+ffqYfJw+ffqgT58+iI+Px7hx
4/SOGKH/JgYcREQ1XMuWLdG6dWvR9tjY2CpojZhMJoOjoyO8vb3RsWNHDBo0CO3bt4ednZ3k/a2t
reHm5oauXbuiU6dO+O233/C///0PZ86cQUZGBvLz81mng/7zmjZtKvj+xo0b+OKLL1BYWFhFLTKe
nZ0dRo4cicaNG2u2NWzY0Oj9jB8/HlFRUWjSpIk5m2eQVq1awdfXFx4eHvjoo49M3p+Pjw+mT58O
APj000+RnJys876dO3fW/P/bb781+diVpV27dqhfvz7q1q2LWrVUCz46ODjAwcHBbAGHv78/wsLC
EB4ergkp1NThRmxsrOj1EhISgj59+iAkJATNmjXTOd1CHXiEh4cjOzsbSUlJiIuLw/Hjx5GammqW
n0Hb+PHjsWDBAp23Z2ZmIiMjo0KOvXr1asTFxQH4N9yQyWT4/fffNfcJDw9HUlKS0fsOCQmR3B4a
Goovv/wSzz77LEMOEmDAQURUwz377LOaTqLazZs3cerUqSpq0b/TUOrVq4fmzZujY8eOCA8PR4sW
LYwqhiiXy9GhQwc88cQTuHLlCuLi4nD27FmkpKRw+gr9p2lfUT59+jRiYmIsag67ra0t/Pz8BAGH
saNSQkJCMGbMGNSvX9/czTNYkyZNMGbMGJw9exanT582aV9z586Fi4sLUlJSygxMSk9XuXDhgknH
rSxyuRzNmzeXrBmj/TlWXmFhYRg2bBjCwsLg4uIiuv3w4cNYvXo1srOzBe2KiopCZGQkQkNDjTqe
h4cHPDw8EBwcjODgYOzZs0cTBphLSEiIaLTE4cOHsWLFinKFCqZYuHAhWrZsiRUrVgi2x8XFmfRz
Ozs7o2/fvli4cCGcnJwAAAEBAfjwww8xbtw4k9pMNct/IuDo1asXPvnkE82LATC+zkFoaCgiIyPR
tm1beHt7w8nJCTKZDAUFBbh79y5SU1Nx6tQp7NixA/fv3zf3j4B27dphwIABaN++PRo1agRnZ2fY
29vjwYMHyM3NxZUrVxAfH4/PP//c4BSzbt265X7TM6VOhFTdidKKi4tRWFiI/Px8/PHHH7hx4wbO
nTuH2NhYg3+21NRUODg4CLbt378fkyZNKleb58yZg6lTpwq25efno1mzZuXaX0Up63drKEP+vsOH
D0ffvn0RGBiIOnXqoFatWlAoFEhPT8epU6cQExODu3fvmqU9hpoyZQrmzJkjGlKq7+cpbx2UCRMm
4J133hEdS+p5Vtbf5dGjRygpKUFhYSHu3r2L7OxspKSk4Pz58zh48KDJJyRS01NOnDhh0j5NYW1t
DV9fX7Rp0wahoaFo3749/Pz8TFrlQS6X44knnkCzZs3Qs2dPXLx4EfHx8fjll1+QkZFhUSd1ROZQ
u3Ztwfe3b9+2uNdBcXGx6P3T1dXVqH0MGDBAMtwoKChAQUEB6tWrJ/m4zMxMeHt7G3UsferXr48B
AwaYFHA89dRT6N+/PwBVLYOylO4HZWVlSd6n9O+3OtQAc3R0rNCCuL1798bUqVMRHBwseXtSUhI+
+eQTQbjh4eGB0aNHY/To0YKRHqUVFRUhJycHSqUSdnZ2cHd3F93H2dkZkZGR8PHxgVwuN2sNiQUL
Fgj6I6Wni1SmhQsXIiwsDADMHuIoFArs3r0b8fHx2Lx5s2Zkap8+fRAQEFAhQY45+rqV2TcnlRof
cERERGDlypXlLijVrVs3vPrqqzoL8Tk5OcHJyQmNGzdGjx49MGXKFCxcuBBffvmlKc3WeO655zBu
3Di0bdtWch6g+vje3t7o3r07Xn75ZSxevBg7d+4sc9+enp5maaO52drawtbWFs7Ozqhfvz46dOiA
5557Dm+//bYmjb5x44bOx/v4+IjCDUC1nFpoaCji4+ONao+LiwtGjBgh2u7o6AgvLy/8+eefRu3P
0rVp0wYrVqxAYGCg6DY3Nze4ubkhODgYo0ePxnvvvYddu3ZVSrtGjRqF119/XfJ1Ym4DBw6UDFLO
nj2LGTNmGL0/KysrWFlZwc7ODnXq1EHTpk0REhKCF198EfPnz8eBAwewdOnScg3BbN26NVq1aiXa
XpVzsevVq4fXX38drVu3RoMGDWBnZ2e2v5udnR1atmyJJk2aoHPnzkhOTsayZctw5coVs+yfiCqf
UqkUvEeol4w2hPZUHbVFixbhzz//xBtvvAF/f3/BbcuWLUNSUhIWL15crikxxrbFUNOmTYOVlRUu
Xbpk0BTDgoICTdDl6empt+9UXVRkfZTevXtj1qxZkv2XpKQkpKamIjY2VnCiLJfLER0djejoaNG0
yaKiIiQmJiIpKQnZ2dnIycnRPMbd3V1T1yMgIEDwuKCgIMyaNQsAzBJyNG7cWHCMmJiYKgs3Bg4c
CAA4fvy42U7stWVkZGDGjBn46quvNBevx48fj1deecVsx6iufV0yTI0NOGxsbDBv3jyMHTsW1tbG
/5hyuRzvv/8+oqKijBoS5+7ujg8//BD29vZmWcpsxowZRn0gurq6YsWKFXBxccG6dev03rdOnTqm
Nq9SOTo6YsiQIejVqxfmzp2LvXv3St5Pu6OiZm1tjRkzZhgdcEyYMEHnFR5/f///VMDRqVMnbN26
VXJIp7Z69eph+fLlsLOzw5YtWyq0Xd27d8fChQvL9Vo31pNPPokVK1aIrjClpaVh4sSJZr9C6ubm
hrFjxyIsLAyTJ0/GL7/8YtTjhwwZIgoPbty4gZ9++smczTSKk5MTevfubdRVupKSEly9ehVZWVlo
164d6tatq/O+MpkMdnZ2aNKkCby9vbF582YGHET/UbpOmC9fvoyff/4ZDRs2FNQtOHfuHLZs2YK/
//4b77zzjmD7H3/8AXt7e/j7+5crrDD15P2pp54CAAQGBuo8eVRvb9CgAbKzszUBR9u2batNwNGl
Sxf06NED9vb22LZtW6VMoQgICJAMN3JychAbG4v4+HhNQdDSIiMjMXr0aFG4kZiYiOPHjyM+Ph5J
SUmSK6WoA44+ffogLCxMMPpD3Z7MzExcunTJpJ+tdG2ZvLw8vP3224Lbmz9vD59n7ODgYZ4pPgBw
8aP7yPjh3/5O6XADEI7ecPCohWc26P7MlnIgUv+oiKSkJOzevRvR0dEAxFPyTFFd+7pkOPM906uR
Ll264MCBAxg/fny5T3h27tyJ559/vlzz/aysrPD2228L5oyW19dff230Y2QymebqqD6GvHCro9q1
a2PlypUYNmyY5O363uS6dOkiOVxfFxsbGzz//PM6bzfnG2p1oWuKlb29PT788EOjnjdWVlaYN28e
mjdvbq7miTRv3hyrVq3SWZDSnJo1a4a1a9cKprsBqqG/48eP1zkE2ByaNGmCtWvXGj3yqrpNTwFU
71HGDkG+fv06li5dirfeesuo4qg2NjZmm7dNRFVDO6Q1R10d9cnY/v378ddff2m2b9u2DX///Tc6
dOgAT09PFBYWYtWqVViyZAk+/vhjrFq1CgsWLKiSK+RWVlZG3f/ixYua//fq1cvczTGan58fpk2b
htmzZ+PFF1/E6NGjMWjQoAo/rlwux5QpU0ThRlJSElavXo2VK1fi0KFDonAjICAAU6ZMEfV7Dh8+
jJUrV+KTTz5BfHy8zmVgU1NTcejQIaxcuRJr1qzRuX9T+y+lgxPtsKT5cAe0eN6hQsONSZMmCcKN
+/fv4/jx45rvvZ6smClHpUe/6CpEaqzq2tetiPIHNVmNGsERGBiIadOmoV+/fkZ/CGhLTEwUVJ8G
gKtXr+LLL7/EiRMncOPGDTRp0gQdOnTA8OHDRUPAa9eujQkTJmDOnDkmtWPbtm2YNGkSHB0dkZWV
hYMHD+Lo0aO4cuUK5HI52rZti9GjR4sKHsnlckycOFHvcHmptbHv379foS9QXUrPK3N1ddUsDdam
TRv07NlTFNZYW1tjzpw5OHHihGgEhb4TQJlMhpdfftngeYGjRo3SW5hM11zMqmLM/DxfX198++23
gtEpSqUSCxculLz/xIkTRaGdUqnEli1bsGHDBgCq0S4vvPCCoDPq4OCAiRMnaoZjmpNcLsfq1asl
57qam6enJ2JiYuDl5SXYrlAoMGnSJEGlcENo/61cXV3RsGFDtG7dGiEhIejVq5foA7Zx48YYP348
3nvvPYOOERAQgJYtW4q2V5fVUwz14MEDfPvtt4iPj0dxcTEyMzOruklEFm/WrFmws7NDYWEhYmJi
JE/SRo0ahUaNGgEAjh49irNnz2oeJyUrKwvp6en48ccfNatPuLi4aIb3Z2VlISYmRm9bVq5cKbrd
lCkquvTt2xdr1qzBrVu38PXXX2Ps2LG4du2apn+gXmJ19erV2LhxI+7duwc/Pz8oFAr8+uuvuH79
Ovz9/XXWcqgIuj7jddXR2LZtGyIjI2FlZYV+/fqhS5cuVVZculWrVnjttdfQqVMnQR0VqSkA5hYe
Hi5anjQjIwMffPABfvjhB50jL8ePHy+qtXb8+HGsXLnSqFEXGRkZ2LZtG7Kzs7FgwQJB37FPnz7Y
u3cvfvjhByN+It20Ryn7hMsBM87czfihSBBuREREYOLEiYL7xMXFCabUeneXXmmmOqqIvm5F9s1J
Wo0JODZu3IiePXuabYj6e++9h86dOyMoKAi5ubl4//33sW3bNsF9Ll68iIsXL2Lr1q3Yvn07unXr
JrhdOyApj5ycHBw4cAAKhQIrVqwQJXg3btxAbGwstm/fjmeeeUZwW8eOHfXuW/sqNKC7CFVlunv3
rqZgz3fffYelS5di1qxZmDlzpuDNxN3dHSNHjhR1hsoKHZ566imDP+SHDx+u9/bqFnAYY8mSJaKp
N/v379c5tapnz56ibXv27MHcuXM138+ZMweOjo4YOnSo4H7meC1Iee+99yqlc1S7dm3ExMSIOjqF
hYV45ZVXcObMGZOPoX7e//rrr9i1axcaNmyIzZs3i36+nj17GhxwSE1PuX79On7++WeT21uZLl26
hP379+PBgwdo1KgRevToUdVNIrJ46oKJRUVFuHjxIo4dOya43cXFBTNmzNDUoDh//jwA6L3ifOfO
Hfzxxx/o0KEDNm3ahKysLPj4+GDq1KmQy+W4c+cOUlJS8OOPPwoep769qKhIMuCoiBEcXl5eGDBg
ANavX48tW7Zg8ODB2LFjB+7du4cmTZrg6aefBgBs2rQJ9+7dQ//+/TFkyBAUFxdj2bJlSEtLw969
eys14DDW2bNnsWPHDowePRpyuRwbNmzAunXrEBsbW+nTVTp37oy+ffuKtldkQVHg39EbpZ+zRUVF
iImJwXfffafzcQEBAejdu7dgW2pqqmS4ERAQgKCgIHh4eODw4cOS4UdRURFiY2Ph4eGBOXPmaJaX
VbcvPj6+3Es467vI4+BpvpEbGT8U4eJH/56HRERESC5Lqz09xblJxZxu6ho5Y4qq7usa2zcnaTVm
3K6jo6NkuGHKPPPZs2cjMTERQ4YMEYUbpZWUlGDt2rWi7boKU7m6umLdunVITk5GcnIyVq9erXco
1MyZMzF//ny9w5NWrVol2lbWUHbtCusAqm09iZUrV0p+EKk7IKW5ubnp3ZdMJsOUKVPKPOYzzzxT
5smzsdXcq4uoqChNlWu1rKws0bzN0qTmG+/YsUO0Teq1UhGVnwcPHiwKoCpiZIKNjQ3WrVsn6sQ+
fPgQ8+bNM2sV9NL++OMPLFmyRLRdewSJPlLTU0oPG7UEeXl52Lp1K65fvw5bW1tERkZWSqhFVNP9
9ttvAFQnWJGRkaIQoUOHDpp+TG5uLhITEzX3V8vOzsbNmzdx8+ZNZGdnw83NDW3btsWECRM00zud
nJw0J7Fubm6YNWuWqH9S+mTPkILD5ipKPHLkSNSpUwdXr17Fnj178L///Q8AMGLECNSuXRuFhYWa
flHv3r3Rt29fREZGakbtak85qI7mzZuHnTt3QqlUwsXFBa+//jri4+Nx69atCisCKUVXLbOKpg4f
Sjt9+nSZU4wiIyNFffOYmBgkJCSI7jdz5kzMmjULs2bNQmRkpN79btu2TTTKIiQkRFSI1BiVsWiA
oeHG7du3BQFHSb4Sp+cpED9X91fSxvxytUlX7RZnZ2csWLAA+/btE43cKUtV9nXL0zcnaTUm4NAu
OHnr1i289dZbonTNGMnJyRgwYACSk5PLvO+vv/4q2qbrCseiRYsQEREBFxcXuLi4YMiQIVi8eHG5
2wkA6enpom1ljWaRmqKSkZFhUjsqktSHkVQNDEOKp3bt2rXMpHXs2LFl7kdfocPqSi6XS05d+vDD
DzUVwKVIrUwj9XyRuipk7hoIfn5+WLhwoWC/ly5dwsyZM816HED1e+nevbtg2+PHj7Fo0SLJDz1z
kiooamiRujZt2qBFixai7WWtntKvXz+sXbsWx48fR0pKCm7evIn09HSkpKTg1KlT2LlzJ+bNm6cp
dlfRDh8+jBMnTqCoqAiBgYHo27dvuVfFIqJ/7d+/XzMS4umnnxadzEVERGj+n5iYiDt37oj2sWvX
LixfvhzLly/HsmXLNKNA5HI5Ro4cqQksSgcSnTp10llDCzBsdIY5RnAAqrpKAwYMAABs2bIFt2/f
hpeXFwYPHgxAFaSo+xQ//fQTfvnlF5w4cQJpaWkAjAucq0pJSQlmzZqFESNG4ODBg7h161aFLhfc
qFEjnf1fc/3djCEV9MfExJS5Kpn2ibF6hRVto0ePRt++fTUjenv37q03gCsqKsL27dtFvwtj6sNV
Nu1wIzw8XDLcAMRLw5bkK3H3Uoner2v7yzdyRZeFCxciOjoaoaGh2Lhxo1Gjrauqr1vevjlJqzFT
VL788ku88cYbyM/Px549e7Bx48ZKXe9dPUe1tL///lvyvtrpHADRCZSxpIrrlBVWSJ2cqz+0qyOp
EEkqzJAaDXPu3DnBlJ1atWph0qRJOofqN23aFF27dhVsS0hIEF3Ft7SVaABg8uTJgorbgCoc2Lp1
q97H5eXliZ4zQUFB+PbbbwXbpIrrmnvq0wcffCAYPXPv3j1MmTIFBQUFZj3OokWLNB3d0j788EN8
9tlnZj2WlDZt2oi2Gfq7HDx4sKiTde3aNZ3TaZo1a4YVK1bonNpmY2MDJycn+Pn54emnn8bQoUPR
tm1bg9pSXunp6dixYwf++usvODs7Y8CAAWjZsmWlLAVMVNMdP34cCoUCLi4ucHd3R3BwsCagcHFx
EfRVvv76a8mT05MnTwquRt+/f18zXdbb2xu+vr6Sxx41ahROnz6Nc+fOmfNHKpeRI0di3759mhOW
fv36aa7EyuVyjBgxAp9++im+/fZb3LlzBwqFAikpKahTp47k50NVMOTK8YkTJyq0wHTz5s01NdMy
MzPx/vvvi+5TFe/doaGhguNmZmaWuZqej4+P6Eq++vWiTbsmlL+/P3x8fHDz5k2d+4+Pj0dOTo7g
xFt7lEl1cfdSCS5+/G+40bJlS53hBgB88cUXRh+j3fTagBJmqxXi4+Oj+ZvLZDL4+/sjOzvboMdW
VV+3vH1zklZjAg4AGDRoEP74448qOfazzz4r2qY9jE3N3G/w7u7uePXVV0XbtV+M2qRGcJw+fdps
7TI3qXmaUh0uqYDjm2++gYuLi6CAanh4OFq3bo3Lly+L7j9u3DjBlfLU1FQcOHDA4gMOuVyO0aNH
C7YplUrJKU7aMjIyRG/6Y8aMET3PpOojmKNGhdrMmTPRqVMnzfdKpRILFizA1atXzXYMAJplprVt
2LABK1asMOuxpNStW1eyWJX23HVdjFk9pX79+ti5c6dRwyvVw9srSlFREf73v/8hKSkJSqUS/v7+
6Ny5M/Ly8gCo3kdtbGzg4OBgclFpov+inJwcJCYmat4rIiIiNAFHUFCQZl6/QqEweGqbdv9G/bmt
XSTU29sbkydPxiuvvCKaR29IAVFzFBlVa9myJZ566ikcO3YMLi4uGDlypOD2F198EYWFhfjxxx9x
/vx52NnZoUOHDujfvz+6dOliljZYMhcXF/Tr1w/h4eHo1q0bnJ2dUVRUhC+++ELvSX5l0S5Sf/r0
6TIvgEqNDk5MTJR8zsXFxWHo0KGC57e/v7/en12hUOD06dOC6SytW7c26/PaHBTXH+Lc4jxV+ADV
a+Wzzz6TrOGnNnHiRNy+fVvytpSUFNEIj3bTa8Onu3kLoZryO6yKvm55++Y2NjYYPnw4OnfuDAcH
B9y+fRuxsbGii7cNGzbE4sWLNX2l33//3eBabpaqRgUcVRVuBAQEiIZbPn78WGfdjh9//BH9+vUT
bDt58qRRx6xfvz78/PzQs2dPDBw4ULTSx8WLF8t8YUidnO/btw/37t3TFAK7cOECDhw4oCn6WZWk
rhZLjZLRNfVm27Ztghe0jY0NJk2ahOnTpwvuK5fLRX+f7du3S67cYGlL7UZHR4uG1J47d05voS21
77//XjSioGvXrvi///s/LFu2DIBqHqj2srqFhYVYt26diS1Xad26NV5++WXBtr1794qmqJnqtdde
Ex0HALZu3Yp33nnHrMdSc3FxQcOGDdGyZUt07NgRffr0Ec2rzc7Oxqefflrmvtq2bSsqiAroXnb6
jTfeMHruqK4A11ySkpJw8uRJ5OfnQyaT4ebNm3jrrbc0H9BWVlZo1qwZRo4cyZocROUUGxurCTjU
01Ryc3MFJ16JiYk6h0iHh4cLTgZLPy4nJweZmZmiz8nU1FT4+/sjLCwMUVFR2LBhgygA0VbW7aaQ
y+WIjo6GUqlEYGCgaFU8b29vzJgxA506dcKdO3cgl8vRsGFDhISECOqR/FdNmzYNAwcOFDwP5HI5
vL29q0XAof38y8jIKPMEWKpop656K1Kjpb29vctsV2pqquB5Xd2K1iuuP0T8XAVK8lW/K3W4IdXH
Lq301LbSrly5IprW23y4A3yeqV6voaro65anb+7q6ort27ejXbt2gu0jR47E6tWrNW0FVBfsQHh8
MAAAIABJREFU1MVTlUoltm/fXq52WpIaFXBUhfr162PNmjWigp2HDh3SecVj7ty5UCqVmikQx48f
F1Tn1ceQglCnT5/GhAkTyhyuL1Xwyc7ODg0aNECDBg3Qpk0bDB06FHPnzsX333+PpUuXVnrV7dKe
e+450Tbt2iPOzs6S8/PT0tJw7NgxTJ48WXAi169fPyxfvlzwATV8+HDBieWtW7ewZcsW0dAxQFU8
TV353RKMGDFCtG3z5s0GPXb9+vUYPHiw4Pcgk8nwyiuvoHPnztiyZQteeukl0Un5smXLdBaCMtbC
hQsFf9/09HTMmzfPLPsu7dVXXxV1pnfs2IE333zTbMcwtrjb7du3MWXKFINeg1Krp6SlpekcDq69
AhSgCkk3bNiAhIQE3Lt3Dx4eHggMDESnTp0QFhZWoUOdlUol0tPTkZ6ejsePHwNQrc5w7949wf2u
Xr2KgIAABhxE5aQedu/s7AwPDw8EBQUhMTFRMD1FX/HmoUOHCj7/1Ce5RUVF2LZtm+QqBzExMViw
YIEmWEhISBC8X0mdfFbEKiqlde7cGbVr15a8cg+oTnh1nbj9l3l4eOCll16qcUGPVNigq58ntb2s
EECX6jJ6QyrcWL9+vd6RG/rcv38fr776qmCKj093OVo8b2+W9mozJQytir5uefrmb731lijcAFT1
F6dPn474+HicOnUKTz/9tKbOEKBanfLw4cPlaqclYcBhAnd3d2zdulUw7QFQnbjoO+nKysrC+PHj
K6RNR44cwfjx41FSUlLmfQ2taO3o6IjIyEiEhYVh/vz5ZVaergil08fStNcNl5rvW1xcrJm+sGvX
LkEhSgcHB0yaNEkQMGlPN9q5cydKSkpw5coVFBcXC6bKyGQyNGnSBL///nv5frBKFBERIQppfv/9
d4NXHlEoFJg5cyZiYmJEq8d07txZVLRVqVRi3bp1Zhu9MWrUKISGhgr2v3jxYr2rC5WX9odjcnIy
XnvtNbMfx1B3797FjBkzDF7eVarOj74h5lKrAc2YMUMw7ef+/fu4du1amUVKDaXviqxMJkPr1q3R
q1cv/Pbbb3j06JGm45eZmYm//voLgCpglgoetY9DRNKys7MFgYb6JF59gqdQKERDykvTPhFUKBTI
zMzE8ePHBVcJS7/WY2Nj0b17d/Tq1Qs+Pj4GrWpW0eRyebVe7rW68vb2rnHhBgDJEUu6Qgupn19q
xK+l0A43nJ2dMX/+fJPCjfHjxwsu6vh0l6PdDPFKjtVBZfd1y9s3L72K5M2bN7F06VKsWbMGgKrO
4MCBA3Hq1CnMnTtXM/I1Ly+vxk9NUWPAUU6+vr7YvHmzaChjXl4epkyZUmXLrfbq1QunTp3C/Pnz
y5x2YGz9CBcXFyxduhTFxcWapdTMzcbGBvXq1YOXlxeaN2+O4OBg0RBYtdu3b4uGu0ktlVX6CtLG
jRvx0ksvCYYsDho0CEuXLoVCoUC7du0EhZ5yc3MRExMj+F576KKnp6dFBBxSVev37dtn1D7OnDmD
BQsW4OOPPy7zvnfu3MHFixeN2r8uLi4uonoU3377LQ4cOGCW/ZelVatW2LZtG6ZNm1Yh666XxdXV
FTt37sQ333yD119/XW/196CgIPj7+4u263vNFhQUiDovnTt3NntdE7XHjx+jsLAQ9va6r974+/tj
zpw5gqtj2dnZmDNnDs6ePQs7Ozt069YNHTp00HusoqIiPHz40GxtJ6pp9u7dqwk4wsPDBSdsFy5c
0Fucb9++fYKTudzcXGRkZOCnn37S+V6Zm5uL1atXo3Xr1vD29ja5yHp53blzB1999RXkcjleeOEF
zfa8vDzs3LlT78jM/v37w8/PD7t27dJ5Mjx8+HDJ2mGWyN3dHU5OTrh27Zpgu52dXYVOHzIH9Qgl
taZNm5ZZ60LqOe/j4yM5NVOqf2pIQUt1O9Sqw0oZJflKXPgoXxNuAEBwcDCOHz8ueZGkQYMGGDhw
oM79qcON0n3k6hxuqFVmX7e8ffPS4cuNGzc09ZPUPD09MXXqVMEI1w0bNlTpSPzKxICjHFq1aoWN
GzeKKujm5eVh6tSpZi2oWB4+Pj5Ys2YN5s2bp3cZy5YtW8LOzg5169aFu7u7pq5HQEAA2rdvLzkn
39bWFu+88w5Onjxp1rocxg7XLykpwYIFC0RtkFoZpvTJ4F9//YUDBw5g1KhRgse89NJLWLVqFUaN
GiX4wNm/f7+gk6ZQKEQBR1Wt7W4MX19fUTG0/Px87Ny506j9jBw5EvPnzzfovu7u7li3bh26dOmC
119/3ajjaJs1a5YgvLp//z4WLVpk0j71keqw9ejRAzt37sS4ceOqJMC0srJCZGQkPDw8JIsaq0mt
nnL16lUkJibqfExycrKgcCsAvPvuu+jYsSO++OILs7+nlZSU4Pbt2/Dz89N5HysrKzg5OWmCl5KS
EsTGxiIlJQWAqnM4fPjwMq8eZmVlmX11HaKa5IcffsCdO3fg5uYGDw8PQYHisq4i7tq1q8wVKaSc
P38emzZtwuuvv15lIwAyMjKwZMkS2NnZCQKO7OxsLFmyBIWFupeu9PLygp+fH5YtWyb5eVCnTh30
69dPspaDJXFycsIzzzyDoKAguLi4YNOmTYLlyy1hhFxSUpJgpUF17RR9f1+puhphYWGIjY0V/cxh
YWGCz9yioqIyR3DI5XLR6ofmmspbXiX5SsTPVUBxXXhBIC4uTucorpYtW+oMOKTCDecm1gh4qfov
815ZfV1T+ualL0w5OjpKLlldupbc1atX8dFHHxnVPkvGgMNIHTt2xPr160UjBdTLVFbkvHRAlZbK
5XL4+vqifv36aNGiBcLCwtC1a1dYW//757Szs8O7776LpKQkwYdRaUVFRSgqKkJubq5kojdkyBDM
nj1btASuh4cHxo8fjyVLlpj3hzNQXl4eZs+eLTlUXirg0C5EumHDBkRFRQmurERFRWHdunXo3bu3
ZltxcTHWr18veKzUFSmpY1Y3zz33nGBVGEA1ZUE91N8QgwYNwuLFiwX7uX37Nl577TU0btwYPXr0
QJcuXQS3y2QyjB49Gra2tpIr/RiicePGGD58uGDbrl27KjSF/r//+z+8/fbbolEN7dq1w65duzB8
+HCdVcINpR0gqkcv+fr6onXr1ggNDUX37t1FNWVCQkIwbtw4bNq0SXK/xk5PAYC1a9ciKChI8B5i
a2uL5557Ds899xxu3LiBuLg4fPHFF5KrDhnrwYMH+O233/QGHKUplUpcvXoVBw8eRG5uLhwdHfHC
Cy+UOT0FUIU3upbsJiLV59rx48c1da7UIxzz8vL0Tk8x1c6dOxESEiI5/bQyFBYWar5Kc3R0xJAh
QzQrNqlHCoaGhsLV1RW2traaq/bqcEOq2Lv2Z64p/Pz8NPPtz549qzmBbtWqlWYk8Y8//mjWUQAd
OnRAjx49EBERobmgl5+fr7NPWV3Fx8ejc+fOgmKeoaGhoinOpWVkZCAtLU0wGlJqpIZ2IAio6l2V
VVw1NDRUNL1L30WIynDtQKEo3CiLvtEbr776qijcCF3kDBvHih/tox1q6SoQK6Uy+7qm9M0vXLig
qZ/Wrl07bNiwQXB7YGCg5vxEqVTi/fffN6h8QU1Rq6obYEm6d++OrVu3isKNzMxMjBo1qsLDDbWi
oiJcvXoVJ0+exIYNGzBy5EhER0drPozV7O3tMWnSpHIf56uvvkJERITkiWRVLI2Wn5+PvXv3onfv
3jrrAEjNkdQOJa5evSo64WvUqBE+/vhjwZCv48ePIy0tTe++AMtYSUVqOStjail4eXnh/fffF7wR
5+XlYfz48YiLi8PmzZsxcuRI9OvXD+fPnxc9PioqqtwF2qZPny44yb9z545By9qa4osvvsDw4cMl
r8I0b94cW7dulaxbYYqSkhJkZWXh3Llz2Lp1KyZOnIjIyEjJK0m6fpfBwcFo2rSpYJtSqSxzStnh
w4fxzjvv4MGDB5K3N27cGGPHjsWhQ4fw+eefC6ZxlUdeXh5OnDih83jaCgoKcPToUfz222+wtrZG
aGioQc+ngoICnDp1yqDhwkT/ZVJXpi9cuICsrCzRfc01HSE3Nxdr1qypshXwdPHy8sLcuXPxxhtv
4I033tBsHzFiBN544w3MmTNHNA8/IiICEydOxMSJEzF9+nTMnz/frMvIh4aGYvbs2Zg9e7bgxC0q
KkqzfeLEiXBzczPL8Z544gnMnDkT06dPF4xWbtGihVn2X5mkQrro6OgyRw4dOnQIgGrqyOHDh7F9
+3bRa2To0KGiUTplhYLOzs6Ijo4WvY4qMkw0hFcnG7gGlv1VmtRy9ADwzjvvCPqClRluAMCKFSsQ
ExOD06dPY9y4cQb3ASq7r2tK3/y9995Dfn4+gH9XlVO7c+eOYETHkSNH4OHhgU8//RRbtmzB+++/
L3oPq2k4gsNAnTp1wpo1a0QnsykpKXjppZdE8xIr25EjR/DJJ59gzpw5gu2mFs3KycnB+vXrsXjx
YsF27VEd5qJUKlFcXIyioiIoFArcunULN27cwM8//4xvvvmmzIKSUmGDVL2CTZs2oWfPnoIPmP79
+wvaIXWF3BIDDj8/PzzxxBOCbX///bfmw9sQ06dPF/2c+/btE11xSEpKwtChQ7F3715BbQSZTIZR
o0aVq0Cl9oeFm5ub0UM5S0+BMnQ51MTERERFRWHLli2iQsKBgYHYvHkzRowYUSFFTtUuX76MVatW
4YMPPhBsl6qxAahGXWm7evWqQfNDN2/ejISEBLz66qsICwuT7PxZW1uje/fueOqpp7B06dJyF9Uq
Li7G+fPncf78eXTp0gW1aunP2pOTkxEbG4sHDx7A19cXEyZMKLNK/ePHj3Hx4kWcOXOGU1SIynD+
/HncunULDRs2BKB6jepafrt0sW1DVhBTKBSax9y5c0dw29mzZ7F582b83//9H2xtbVFcXGxQe8uq
oWCqunXrikZnenl56Rw1Fhsbi7NnzwJQjaAdOnSozvfp8vD09ISvry9kMpmg/9WmTRvN9+PGjQMA
fPbZZyaP5OjWrZvkaEBtMpmsWtffAFT9ksTEREF/OCQkBGPGjBFd9S4tNjYWRUVFyMnJQUJCgqjf
ERQUhNGjRwt+foVCoXM5drUxY8aIpqecPn0aly5dMubHEpAKIo3l4qcKIfRRXH+IE6+o+sHh4eGi
UUuAKtwo3dezcZQh9L2KCTcCAgKk26lQ4O233zZ6f5XZ1zW1b37p0iU8++yzePPNNxEUFAR7e3vc
uXMHx44dQ3BwsCbsLCoqgr+/v2CEOiC9nGxNwoDDAOq1n7Wf9GfPnsVLL71k1loUpvjmm29EAYc5
1tWWGt5e3iWwdDH0pLMsUu2SCjhOnjyJixcvon379pL7uXjxIk6ePCnarj1KRtcxq5O+fftqKiir
nT171qihas8884xom64Cn0VFRVi9ejW2bNki2K7rg6gsDg4O5XqcOdy4cQOjR4/G9u3bRSFHhw4d
EBMTgxdeeKFClwmWGhmm6zlXuqq2mjFXhX799VeMHTsWDRs2xIgRI9C7d2+0atVK1IGVy+WYO3cu
MjMz8c033xi8/9Ju3ryJr7/+Gn5+fmjYsKHeTvKRI0eQnp4OGxsbDBo0SHJptNKUSiX+/PNPHDhw
AGlpaRYxT5yoKuXm5uLjjz/WnCwXFRWJitaprVmzRhOAGrJaRGZmpuYxUidiO3bsgKOjo1FLrle3
13Tp90FbW1u0bdvWrAGHIezs7DBu3Dg8fvwY69evF4VJxu5Ll9LhklKprPZFRouKirBmzRqsXbtW
87yVy+WYMmUKsrOzcejQIcnnXVJSks6LKQEBAZg1a5Zo5b7Dhw/rfIxcLkdYWBiio6MFv191+0zp
R5QOtLTPVR5kP4aDh3kG7Gf88G8bpUZvSIUbIe85w6Z2xTw/zH2BsTL7uubom//666+iKdyTJ0/G
yJEjNd8XFxeLRvYC4uVkaxoGHGWoXbs2PvvsM9G0lJ9++gljx46t0Ku3xpJ6c3z8+HGF7LciT+hM
IbWMla6/0a5du3QGHLqKs0oFHOVdOquyaF8pAMquyaBNqniRvhU2Lly4INpW3X9PumRkZGD06NH4
/PPPBUMAAdVVrqVLl+KVV16psONL/d6kXn8dO3YU1bRQKpVlXk2S8scff2D58uVYvnw52rVrh5de
egkRERGCYZtWVlaIjo4ud8BRXFyMkydPomXLlhg2bJjejkq9evXg7u4OX19fDBw4UFSXRFteXh6O
Hj2KY8eO6S0kR0T/Kr2sqz7Lly83ar9///233seUdbsl6NGjh+aCkr29fZVN5bCzs0N0dLRmzr0+
bdu2hY+Pj2ZqZHlV53BDLS4uDocOHUJkZKRmm4eHB2bNmgUPDw8cOnRIcjqoNnVIMWzYMNEJfmpq
qs4RIR4eHoiIiEBUVJTowuPhw4fLVahXF+0T7IwfitBimD1ghj/Tn2dUI6ycnJxEI3xWrlwpGW64
+FnOqWZl9nXN0TfXVr9+fUyePFnzfWpqKlxcXDRt0recbE1jOc+6KjJnzhzRSc25c+cwZsyYajfs
uW/fvqJt9+7dM3m/UvPJqsNyVlKkTnykQglAFXBMnz5dMyRXLSMjA1988YXkYywx4NAOcZRKpd7i
WlIePXokKoQUEBAgOcoFgGjYHYBq93oxhjrk2Llzp2iI8tChQ5GUlKR3qKsppIp4SY0aGzRokGhb
SkqKyQXhLl68iGnTpuG3334TVRXXXibbWFlZWdizZw+cnJzQt29fnXPWn332Wfj4+KB+/fqi92Nt
CoUCR44cwc6dO00uBEtE/w3afZo6deoYVST05ZdfljxhMYW6oClgXD/Dzs4OAwYM0BlweHp6IjQ0
FIMGDUJAQACuXbuGcePGlfuCXXUfwQH8e7Xd399fEAD4+/tjypQpCAgIwKFDh5CamipZkNLZ2RlB
QUEIDg5G7969BUtvAqrPnTVr1oimmTRt2hTNmjVDWFgY+vTpIwo3kpKSsHr1apOD+NI1JrQDjis7
HwBKJXyesTNpJIfi+kM8yFJdNA0PDxc8Jw8cOIDPP/9c831lhRt9+vTR/P/06dMm768y+7rm6Jtr
mzt3rmZlR3XI+dlnn2lu17WcbE3EgEOPxo0b4/nnnxdsu379OiZOnGjSyZqrqysWLVqkGU5+7Ngx
zJ07V+ea8YYIDAzEtGnTRNul0kVjdOrUCVOnThVtNyXtr0hSAYfUFBVAVdTxq6++Ev3evvrqK537
lwo4yrqaXJWCg4NF84j/+OOPMit8a7tx4wZatmwp2DZhwgSdb/pSxW3T09NF2wx5LRg7fUlqyWFz
TIG6efMmpkyZgp07dwpGG8hkMrz55ptISUnR+fsor6ioKEEaryZV3EpqvrQ5i5bFxcWJAg57e3uT
9vno0SNcvXoV27Ztw6NHj9CvXz/UrVtX1Fl2c3NDv3799O5LqVRCoVBoisH9/vvvePjQuIrwRPTf
tHHjRsH3zZs3l6xppMuJEydExVL79etX7imWrq6umDJlimZKRbt27TTvi7qm5yQkJCAhIQGA9Oet
o6MjgoKCNCMQ1CdCDRo0gI+PD5KTkw1qW+njW0INDrWkpCSsXLkSs2bNEoQAHh4eiIqKQkBAAK5e
vYq0tDQoFApNP8TDwwPu7u4ICgpCYGCgqD6VQqHA9u3bRUsq9+7dG5GRkfD39xcFIur2fPDBBybV
3lC7fv265v/Ozs5YuHChoAbFlV0FuLLLfBeZSo9eOXDggKjeRUm+EidfLf85jSECAgIQFRWl+d6Q
EThlqai+rjZz9c1L69Kli+CC9JEjR/Ddd9+VuZysocXeLQ0DDj3Gjh0rmoc4f/58yTXPjbFo0SLB
k3DIkCGQyWSYMmWK4H7PPPMMFi9ejAsXLuCXX37B77//juvXryM3NxeFhYXw9PTEE088gW7duiEy
MhK1a9cWPF6pVGLPnj2i4wcHB+Ozzz7D+fPn8csvvyAlJQXXrl1Dbm4uSkpK4OnpibZt2+KZZ55B
3759Rb+DkpISbNu2zaTfQUWR6kzoCjgAVbHRsWPHan539+/fF82nK00qhKrKGhFl6dixo2hbSkqK
0fuJi4sTvel3794dX3/9NTZt2oQzZ87g8ePH6NixI1588UXJVXakTrYNfS1UFxcvXsTs2bOxZs0a
QcpvZ2eHDz74AIMHDy7Xh6yNjQ28vLzg7u4OT09PBAYGolu3bggKChJ1Hh8+fIhdu3YJtj355JOi
kSWGrJ6ipn5P+Pnnn5GQkIDLly/j5s2b+Pvvv+Hm5obAwEBER0eLHmeO5VdLSkpw+fJlbN68Gffv
30ffvn3h7e0tmpuqz6NHj3D79m0cOXIEu3btQkpKyn9qOTQi0k3Xe4GNjQ1sbGxQUlKCjz/+WHBb
YGCgJuBwcHBASUmJ5IgOFxcXTf2S0hwcHNC1a1dR/8DQ96XatWtj1KhRon6dPsePH8fKlSslb7Ox
scHzzz+PqKgoyavOlrDcvTmoCzhOmTJFVIQ/ICBAE3xoBxy6VlzJyclBTEwMdu/eLRiFoa7RIRVs
AKoi5mvWrMF3331n8s8EqE7ML1++rGl/dHQ0kpKSsHv3brPsv7QGDRpoLqhIhRuVwcfHBx9++KGg
Hpk5RtFWVF9Xm7n65qW99dZbsLZWndbn5eXh3XffBVD2crLq4sg1DQMOPaSGG27dutXo/WhfPZa6
0tq9e3fJ4/v4+MDHx6dcS2weOHAAR48eFW0PCwtDgwYNEBERUa79btu2rcrX69ZF6oqyvoAjKytL
VDxSH6kRHPqKcVW11q1bi7aVXpfcUOvWrcOQIUNEQ9k6deqETp06lfn4rKwsfPrpp6Lthr4WqpNv
vvkGvr6+mDdvnmB7gwYNsGTJEkFxJ32kRpoYYuvWraL5klLTU37//XeDrwyp3xOGDBli1FVLc30w
lpSU4MqVK9iwYQOuXbuG559/HoGBgZrh2WU9Njk5Gbt27cLRo0fx559/4tGjR2ZpF5El055y4OXl
ZVQhz+rA1tZWtFKDsYXdr127pungl+bp6YkhQ4ZIXsEsXcg4KioKBQUFkvPzR44cKRlqu7q6Sk4r
MXTFvaysLOzduxcjR44UvQ+WZ8RE/fr18eabbxp1QcYSpp6Uh7qoaFRUFMLDwyWLdjs7O5dZQP70
6dOIjY3Fnj17BOGGh4cHpk6dKhluKBQKxMXFYc+ePWZfFvbtt9/Gvn37NH+zVatWoXfv3li5cqXR
K8/pox69cfz48UoPN5ydndGnTx8sXLhQ8PfRV9zVGBXV19Vmrr652uTJkwXB5caNGzXvNe+99x7+
97//wdHRUbSc7IULF3ROybd0DDj08PHxqZD9GvqB0aZNm3If49ixY5gxY4bkbUFBQeXap1KpxO7d
u/HWW2+Vu10VTerD25SpP4bsqzqP4JBazteQqvfacnJyMHPmTKxdu9boVWPy8vIwbdo0yd+dpXae
Pv30U7Rr1w4DBgwQbA8PD8e4ceMklxg2lVKpRExMDN555x3RbaaunlKe94S///4bK1asMPpxuqhH
Yezbtw9paWkYNmwYevXqBRcXF53Pk7y8PBw/fhyff/45EhISauxQS6Ly0D7xDgkJQXR0tEXVQ7Kz
sxNdbDJ2GPfBgwcRERGhmZKh5uPjg1WrVpX5+MWLF+u8TTvo1ufevXs4ePCgQfctLCzE6tWr4eDg
gMGDBxsU9urTsGFDk6cU1iRxcXHIyMhAYmIiwsLCEBgYCHd39zIfV1RUhNTUVJw+fRqHDh0SFQf1
8PDAlClTBLUhAFUfKjExEfHx8YiLi5Os82Gq06dPY/78+ViwYIFmW58+fQRtycjIKNco082bN2ue
uxEREbhy5YqoLxIeHl4ho2+dnZ1FdUVK9wkuX75stkLvFdXX1WauvjmgCq5LT2VOS0vDRx99pPle
13Ky33//PRYtWlRjR7sy4NCjoopH/vjjj6L55FLzu8pTwO/27dtYv369oKiMNl1D5vRRv2D27dtn
9GMrk9QH+F9//WW2/UvtqzoHHFLLBJd3jl9cXByef/55LFq0SOfqM9oSEhIwb948nYUuDX0tVEez
Z89GQECAaGrI7NmzceLECaSlpZnlOA8fPsSZM2ewZs0ayQrboaGhaNy4sWCbMdNTAOPfE5KTkzF7
9myTrjjoUlhYiLNnz+LGjRs4f/48Ro8ejaZNm8Le3l6zPGFhYSHS09Oxfft2HDlyBFlZWay3QaRF
+z2oSZMmmDt3bhW1xny0a12U5aeffsKuXbsQGRkpKipeWdLT03Hw4EH89NNPBj/m9u3bWLZsGWQy
GQYNGlRmyGHq9OnyqIhQubLey9UFRRMSEhAYGIimTZvC398fLi4ugrCjqKgIOTk5yM7ORlJSkibg
0D6RlcvliIyMRHh4OLKzs5GZmYnCwkKkpaVpjmPOkRRSNmzYAIVCgYULF0qew6hHhRtr3LhxAKCZ
vjF+/HjB6Ohhw4YZFBaa2+nTpzF27Fi9I7WNVRF9XW3m7Jv/+eefZfbhpJaTrekYcOhRUeusz507
F0qlEl27dgWgGuYl1emYOHEiQkJC0Lx5c3h7e8PNzQ116tSBXC6HtbU1CgoK8ODBA2RlZSE5ORk/
/vijQQHEhAkT0LlzZzRr1gze3t5wd3dHvXr1YG9vr9lvfn4+MjMzkZycjO+//x6HDx82+++hIkgF
HKWrS5tKavWY6nxVROqKhClXDi5evIj+/fsjIiICvXr1Qps2beDq6qqZJ5yfn4/bt28jKSkJsbGx
omrN2gx9LVRHubm5mDt3LrZu3SqYm+3i4oIlS5Zg6NChBu9LqVSiuLgYRUVFuH//Pm7fvo3MzEz8
8ssvOHjwoN4rLqWXvVNLTk42qiM1efJkhIeHo02bNvD19UXdunVhb28PKysrlJSUoKCgALdu3cKV
K1dw9OhRvYV4zUE9muPrr7/Gr7/+iv79++Ppp5+Gt7c3bt++jZMnT+LAgQNIS0vTuUqnKRcGAAAg
AElEQVQS0X/dmTNncPPmTfj6+lZ1U8zm5s2bOHPmjNGP++CDD5CdnY2+ffuibt26mrnqFe3hw4f4
66+/8OWXX5brfVMdcjx8+FBzFfvy5cua28+dOwcHBwcUFxdrCoxKuXv3LgoKCiQvyBQUFIim/eg6
YdT+LMrIyIBCoRBd7S4oKMCdO3fKtc/8/HwUFxeLAp2HDx9WyLLfiYmJSExMhLOzsybgKH0CWlhY
qAk4yuo/ZWdna5bgzMjI0Iz4MOdI4rLs3r0b8fHxGD9+PIYNG2byxdrDhw9r/nbNmzcXhRsBAQGC
USOV4fDhw9i9e7empoq5mbuvq83cfXMSkwGomLN4IipTRa34Qf8dP//8s+gEZs2aNVi0aFEVtci8
atWqBScnJ7Ro0QKtWrXClStXkJycDIVCgcePH1d184iqtTFjxuCFF15A06ZNTZ7mUJWKi4uRlpaG
rVu3mlTkvFGjRmjdunWljbx88OABLl++bNDKCvrUrVsXwcHBkMlkOHXqlGaaUYMGDRAQEICCggIk
JCTonX60cuVK0YhDQLUCx2uvvSa4qNe+fXu88cYbgvBeXYxVexTKu+++K5pCcP36dcyaNUuwTdc+
P/roI9FUjw4dOogKn+bl5eHnn3/W+fORbsZOtyitqKhIb90edW2HylBWW4jUGHAQVSEGHGSKLl26
iFZKUiqV6NGjh8FL/lkKKysrWFlZ4dGjRywiSmSEgQMHIjg4uFqPNiyL+gT+wIEDVd0Ui+Xg4CA5
PSEjI0NyqomPj48gCCooKJAcRi+1X1379PX1FTwPde3T2toajo6Ogm35+fmcikhEBmHAQVSFGHCQ
KZYvXy5ateXSpUvo1atXFbWIiIiIiKjq1KrqBhARUflILX1o7qXniIiIiIgsBQMOIiIL1K1bN9Gw
4MePHxu1egoRERERUU3CgIOIyAJFRESItiUlJVXI0q1ERERERJaAAQcRkQWSmp7yww8/VEFLiIiI
iIiqBxYZJSIiIiIiIiKLxxEcRERERERERGTxGHAQERERERERkcVjwEFEREREREREFo8BBxERERER
ERFZPAYcRERERERERGTxGHAQERERERERkcVjwEFEREREREREFo8BBxERERERERFZPAYcRERERERE
RGTxrKu6ARVHBtg6AXJnwLY2YOOo+rK2/+fLDrCyA6xsASsboJYtUMv6ny8rQKb+qgXIZKr9qf8l
IiIiIiIiqnBKQKn891/lY0D5SPX1+BHw+OE/X8XAoxLgUTHwqBB4WAg8LFB9leSrvorvA0UKoDhP
tb8aSAaL/slkgH09wNETcPAA7F0BO1fVNlsnVTgh9RgiIiIiIiKiGk/idF/5WBVyFNwDCu+q/n2Q
DeT/qfq/BUcElhVwWNkCzr6Ac2PApTHg7KPapsHwgoiIiIiIiMhwpSKBR8WAIgPIvQEo0lVfj4qr
rmlGqv4Bh4M74BYIuLUGajfkNBEiIiIiIiKiCvfPtJj7fwB3LgN3LgEPcqq6UXpVz4DDrh7gFQy4
P6EKOAAw1CAiIiIiIiKqCv/EBg9ygJzfgD8TgMJ7VdskCdUo4JAB9ZoDDToD9VroqJ9BRERERERE
RFVK+Ri4lwLc+hm4dwXVJVao+oBDVgvwDAJ8w1XFQTlSg4iIiIiIiMgCKFWFSW8eB7ISVMFHFaq6
gEMdbDTqDtjVBYMNIiIiIiIiIkukBAr/AtLjqjToqJqAw6Ux0HzIP/U1GGwQERERERERWT6lqk7H
la9UK7FUssoNOKztAb++QP2OYLBBREREREREVBMpgdvngGvfAQ8LKu2olRdwuLcB/AcCtk6Vcjgi
IiIiIiIiqkLFeUDqASDn10o5XMUHHHZ1Af9IwLUFOGqDiIiIiIiI6L9ECdxNAVJjVXU6KlDFBhxe
wapww8q2wg5BRERERERERNXco2IgdT/w5/kKO0QFBRwyoEkvwDcMHLVBRERERERERIBStaTs9SOo
iCjC/AFHLWugZRTg/gQYbhARERERERGRQM6vwO97gMcPzbpb8wYcNo5AwBjAxRcMN4iIiIiIiIhI
Um46kLQNKMk32y7NF3A4uAOBLwL2rmbZHRERERERERHVYAV3gUtbgAc5ZtmdeQIO50bAEy8A1g6m
t4iIiIiIiIiI/hsePgB+2woo0k3eVS2T9+DgznCDiIiIiIiIiIxn7aDKFBzcTd6VaQGHjaNqWgrD
DSIiIiIiIiIqD2sHVbZg42jSbsofcNSyVhUUZc0NIiIiIiIiIjKFvSsQOEaVNZRTOQMOGdBi6D+r
pRARERERERERmci5kSprKOeqrOULOJr0AjzalvugREREREREREQiHm1VmUM5GB9weAUDvmHlOhgR
ERERERERkV6+4YBXB6MfZlzAYVcX8I8ER24QERERERERUYXxj1BlEEYwLuDwjwSsbI16CBERERER
ERGRUaxsgWaDjHqI4QGH+xOAawtjm0REREREREREZLx6LQD3Ngbf3bCAw9peNTyEU1OIiIiIiIiI
qLL4D1RlEgYwLODw6wPYOpnSJCIiIiIiIiIi49g6AX59YciAi7IDDpfGQP1OZmgVEREREREREZGR
6ndUZRNl0B9wyGoBzYeAU1OIiIiIiIiIqGrIgOaDVRmFHvpv9QwGHNzN2SoiIiIiIiIiIuM4eKgy
Cj10BxyyWkCjcHD0BhERERERERFVuUbhekdx6L7FMwiwq1sRTSIiIiIiIiIiMo5dPb2jOHQEHDLA
l6M3iIiIiIiIiKga8Q2DrqxCOuCo1xywr1eBLSIiIiIiIiIiMpK9qyqzkCAdcDToDI7eICIiIiIi
IqJqp0EIpDILccBhVw+o16ISWkREREREREREZCTXFpI1Q8UBh1dwmWvLEhEREREREVHN4GBng7pO
dnC0s6nqphhIpsoutFiLtrgFVkZriIiIiIiIiKiKODnYYnDX5nh3XFf4ejprtqfd+htvbfwR35xO
Rd6D4ipsYRncnwBuHBVskgFQar5zcAc6zgTrbxARERERERHVTGHtfPHdsqGwsxWPeVArLH6IbtN3
4NzvtyuxZUY6txJ4kKP5VjgXhaM3iIiIiIiIiGqsGc91QNyHw/WGGwBgZ2uNs+vG4JXnOlRSy8pB
K8PQCjhag6M3iIiIiIiIiGoeb3cnrJzc3ajHrJjcHd7uThXUIhO5BQi+/TfgsLIFajes7OYQERER
ERERUSX4ZeM4WNUyblCDVS0ZEje8WEEtMlHtBqos4x//BhzOvoCMozeIiIiIiIiIapoGbrVR18mu
XI91c3FAA7faZm6RGchqqbKMf5QKOBqD01OIiIiIiIiIap5F0d3KPaZBJlM9vlpyaaz5779VRVwa
VUVT9LKqJYOVVS2Lj12UAB49eoxHj5Vl3peIiIiIiIjI3CJCm5n0+D6d/MzUEjNzFgUcMsGwjurA
ztYajb1c4OvpDDtbq6pujkmKih8hPUuBG3/morD4YVU3h4iIiIiIiP5jnB1ty76THu51HMzUEjNz
9oVqNoryn4DDvp6gMEdVk8mAcf2ewJsjQ6pvtVYjZebkYcmOn/Hp14lQciAHERERERERVaKfLv2B
p9v6lPvxiVf+NGNrzMjKVpVpFNz9pwaHo2cVt0iogasTXo5sX2PCDUC1HM+kiHao71oNC7MQERER
ERFRjdWrYxN41XM0aR8bvvnFTK2pAP9kGqoRHA7VK+CoyWQWX1GEiIiIiIiILEFDNye8P+FpjO4V
YNJ+ikseVe+Aw8ETwOV/RnDY10N1WkHl1t08fLb/IjJz8qq6KWaTmaP6mW7drTk/ExEREREREVU/
jnY2mDs6BKk7JpgcbgDAzmPJZmhVBbJ3BaAewWHnWpVNEVEqgZiDv+L7hHQ08vx/9u48WtLrrO/9
d+/3raoznx7VrW6NljVakmXLk2xsGQI2HsDYQAKOSbISknsJhJXkJiFAcsO6FwL35i7WdS4khJXJ
KxASMINtbBAewTaeB1my5lmtlnqezlRV77v3/eOtOkMPUkvdrT4lfT9rlfr0OVV19q63tKT9q2c/
e4axdvnMD1rHlnrVcpNR+29IkiRJks6FGAPvvOUK/r+f/h4u2TZzVp7zgScO8bd+5aNn5bnOmfHN
QFjVZHSdWepV3L/rIA89eXgd1ZY8Nx4TK0mSJEk6l665ZDP/8Z99L2+4/qJT3mepV/GbH7md1153
Ia+9dsczPuc37t/Dd/yD3z6bwzw3xjYxOEUlQHt9NvOsU6ZO9fkehiRJkiRJ69KmmTF+4W99B//g
PTef8j45w6e/8Sjv+OcfZKlXAfBP/tpr+OkfvJmLL5g54b57Ds3za3/4NX7pv33hnI79rGlPQ4gE
2jOZW36W9dSDQ5IkSZIknVqnVfCDt17Nf/3n76BVxlPe7+Enj/DD/+qP+Nopjnm96uJNvHVwysqh
Y0t8+C8f4L7HD56rYZ87X/jXlHTOzr4cSZIkSZJ07l1+4Sx//v73nlB9sdr8Up+f/ref4D9/7FtP
+1z3PX5wNAON43VmKWmd2Vm4kiRJkiTp3Ou0Cj7z/vfyuutO3T8jpczv/8W9/NVf+NDzOLJ1oD1F
SXvqfA/jpCbGWtxy3Q4u3DxFUazP7TP3PHqQOx/ex/xS/3wPRZIkSZI0QibHWvzc+27hR77rWi7Z
NsPje4/xgdvu4P/5H18+6Rrzn7/3dfzij7+JIp56fXzf4wd51f/yAY4t9M7l0Nen1gSBi9+Uecnb
z/dQTvB//p038tZXX87sZIcQ1mfAcWS+y+988i5+++N3sefQ/PkejiRJkiRpnZsab/OXv/4+rrts
y0nDipQy33poH6/48f8CwHfffBl/+IvvZmq8fcrnXOpVvP1nfo+/uP3xF+/pnQ99jJJy/HwP4wQv
3bmRt7/2Cm566QXEp0mn1oPd++f43B27DDgkSZIkSU/rpTs38tXf/JvMTnZOeZ8YAze99AIOf/Qf
8sS+Y1x32Zanfc5/9huf4df+8GssdquzPdzRUo5TUo6d72GcYLFbUad0vochSZIkSdJZMTXefsZw
Y7XZyc7T3vePv/Agf/ff/AlPHfTDdgDKsfVZwbH38Dy/88m7KWJk59YpinjqI2/Op3sfP8CHPn8/
Dzxx6HwPRZIkSZK0jv3lr7/vtMONp3PPYwf4W7/8Mb58z27yi3Q3ykmV45QUZ/4Cn239KvE/P303
9zx2gI3TY6zTFhw8eWCeOx/ex8GjS+d7KJIkSZKkdWpyrMXLnmGryTNZWOrzk//vx/ntT3ybfuWO
hxMUHUqKUzcqOZ92759j9/658z0MSZIkSZLOyM//2OvPqL/kZ7+1i+/72Q9yZL57Fkf1AlO0icT1
GXBIkiRJkvRC8Ne+85ozevzUeMtw45nENpGidb6HIUmSJEnSC9Yl22bO6PE3XnHBWRrJC1hTwWHA
IUmSJEnSufL43mNn9Pj7dx08SyN5AYslkVie72FIkiRJkvSC9T8+dfcZPX5usc/MWTiB5QUtlgRu
+ReZ9tT5HsoJdmyZ4tpLNrNlwwRlsU6PUTlNKcHhuSVuf3CvjVMlSZIk6UVmcqzFkY/9I4ozaDQK
8L5f+gi/++l7PEXlZPpzBN7wrzLl+PkeyhqtMvJT776ZH7r1ai6/cJZWWZzvIZ2ROiV275/jv/3Z
t/m1P/yab0ZJkiRJepG547/8ba6/fOsZP8/+I4t87z/9Xb7xwB5SymdhZC8Q1SKB7/g/8no7Knbb
xkk+/K9/kFddvf2MjtJZT1LKfP3+PfzAz/8BT+w/s/1XkiRJkqTRMjXeZtcH/z6zZ2mryR9+9j5+
+t9+gl37XF8CUPeIhHi+h3GCsoiEF0ausUYMgYkxe55IkiRJ0ovN3GKPV/29D5z2ca9H57t89d6n
Tvnzd7/xKh7/vb/PT777lUyOeXgIIRJ40y9lwvrbAvLLf+9WvudVlzEz0Rn5sCNnODLf5bYvP8y/
+E9/cb6HI0mSJEk6T6bG23zh372P6y7dctIdC3XKfOmu3bzhp34LgJddtoUv/vsfY2r81DsvDs91
ec+//AM+883HyC/WXSu5JvCmf53XYxXH5plxbr56O9s2TlDE9Te+Z2PYg+MLd+1mYal/vocjSZIk
STrPJsda/PyPvZ4f+a5ruWTbDI/tOcr/+NTd/NJ/+0vmT7Ju/Ln33cIv/p03PW0BwL2PH+TWn/7v
7Dk0fw5Hvk7lRODWX84w4iUSkiRJkiS9wHVaBZ//9fdx81XbT3mfOmU+9sUH+f6f+/3ncWTrQSZw
66+8WAtYJEmSJEkaOTe8ZCu3/Zu/yoWbp055n7nFHv/iP32W93/wq8/jyM4vAw5JkiRJkkZMWUR+
9K9cy7//x289ZZPRnOGxvUd5yz/5n9z3+MFTPtfWDRNctn2WJw/MjfSpLAYckiRJkiSNqG0bJ/mZ
976Wf/TDrz7lfXKGr9//FN/xU7/NUq8C4MqLNvKb/+R7eeWV25hZdXTtkfkudz2yn3/0a5/iS3fv
PufjP5vWdcBRxEBRxHXbIaSqE3Vaty+fJEmSJOlF4oaXbOU3/vFbef31O095n8VuxX/86O30+jU/
9Z6b6bROfaJqt1/z7/7o6/zjX//UuRjuObFuA46xdsll22e5ZNsMY+31d4wtwEO7j/DAE4fo9qsX
71E8kiRJkqR1oVVG3v7aK/jAz72D2VVVGc9VzvCbH/km/+uv3nYWRnfurcuAIwT4iXe9gp/967dw
0dbp8z2cUzp0bIlf/u0v8ut/9HWPf5UkSZIkrQuTYy1+5r2v41/+jdef8XPVKfP2n/k9/uwrD5+F
kZ1b8XwP4GR2bJ7mJ971inUdbgBsnB7j1psu5saXbD3fQ5EkSZIkCYD5pT7/+3/+LDt/6Nf5yF8+
cEbPVcTAb/38O8/SyM6tdRlwSJIkSZKkM7N7/xzf/3O/z9v+2e9xx0P7nvPzbJoZf9p+HevFugw4
dh84xn/48DfX/fE0h44t8aW7dnPfrlMftyNJkiRJ0vn0p19+iF/4r597zo8vYuCH33zNWRzRuVGe
7wGcTM7wHz/6LT7xtUe5dNsMY+31N8zFXsUjTx1h175jLHbtvyFJkiRJWr9ee+2OM3r8667bwW99
/NtnaTTnxvpLDgaWehX37zrIQ08eXpfHxGaaY2KTx8RKkiRJkta5I/PdM3r87gNzZ2kk5866DTig
6dZap/p8D0OSJEmSpJH2Z195mF/68Tc958d//KuPnMXRnBvrsgeHJEmSJEk6e75671N0+8+tgKDb
r/nKPU+e5RGdfQYckiRJkiS9CHzwM/c+p8d94dtPnOWRnBsGHJIkSZIkvQi875c+wsGjS8/qMYeO
LfGd//B3ztGIzi4DDkmSJEmSXiSueO9vsNitTuu+i92Kl/zob5zjEZ09BhySJEmSJL1IHJ7rsvn7
38/n7tj1tPe78+F9bHnXv+Xw3JmdvvJ8Ctz6K55zKkmSJEnSi0gRA9s2TfK333YjP3jr1WyZHefg
0SU++Of38F/+5A52H5gjpdGKCww4JEmSJEnSyHOLiiRJkiRJGnkGHJIkSZIkaeQZcEiSJEmSpJFn
wCFJkiRJkkaeAYckSZIkSRp5BhySJEmSJGnkGXBIkiRJkqSRZ8AhSZIkSZJGngGHJEmSJEkaeQYc
kiRJkiRp5BlwSJIkSZKkkWfAIUmSJEmSRp4BhyRJkiRJGnkGHJIkSZIkaeQZcEiSJEmSpJFnwCFJ
kiRJkkaeAYckSZIkSRp5BhySJEmSJGnkGXBIkiRJkqSRZ8AhSZIkSZJGngGHJEmSJEkaeQYckiRJ
kiRp5BlwSJIkSZKkkWfAIUmSJEmSRp4BhyRJkiRJGnkGHJIkSZIkaeQZcEiSJEmSpJFnwCFJkiRJ
kkaeAYckSZIkSRp5BhySJEmSJGnkGXBIkiRJkqSRZ8AhSZIkSZJGngGHJEmSJEkaeQYckiRJkiRp
5BlwSJIkSZKkkWfAIUmSJEmSRp4BhyRJkiRJGnkGHJIkSZIkaeQZcEiSJEmSpJFnwCFJkiRJkkae
AYckSZIkSRp5BhySJEmSJGnkGXBIkiRJkqSRZ8AhSZIkSZJGngGHJEmSJEkaeQYckiRJkiRp5Blw
SJIkSZKkkWfAIUmSJEmSRp4BhyRJkiRJGnkGHJIkSZIkaeQZcEiSJEmSpJFnwCFJkiRJkkaeAYck
SZIkSRp5BhySJEmSJGnkGXBIkiRJkqSRZ8AhSZIkSZJGngGHJEmSJEkaeQYckiRJkiRp5BlwSJIk
SZKkkWfAIUmSJEmSRp4BhyRJkiRJGnkGHJIkSZIkaeQZcEiSJEmSpJFnwCFJkiRJkkaeAYckSZIk
SRp5BhySJEmSJGnkGXBIkiRJkqSRZ8AhSZIkSZJGngGHJEmSJEkaeQYckiRJkiRp5BlwSJIkSZKk
kWfAIUmSJEmSRp4BhyRJkiRJGnkGHJIkSZIkaeQZcEiSJEmSpJFnwCFJkiRJkkaeAYckSZIkSRp5
BhySJEmSJGnkGXBIkiRJkqSRZ8AhSZIkSZJGngGHJEmSJEkaeQYckiRJkiRp5BlwSJIkSZKkkWfA
IUmSJEmSRp4BhyRJkiRJGnkGHJIkSZIkaeQZcEiSJEmSpJFnwCFJkiRJkkaeAYckSZIkSRp5BhyS
JEmSJGnkGXBIkiRJkqSRZ8AhSZIkSZJGngGHJEmSJEkaeQYckiRJkiRp5BlwSJIkSZKkkWfAIUmS
JEmSRp4BhyRJkiRJGnkGHJIkSZIkaeQZcEiSJEmSpJFnwCFJkiRJkkaeAYckSZIkSRp5BhySJEmS
JGnkGXBIkiRJkqSRZ8AhSZIkSZJGngGHJEmSJEkaeQYckiRJkiRp5BlwSJIkSZKkkWfAIUmSJEmS
Rp4BhyRJkiRJGnkGHJIkSZIkaeQZcEiSJEmSpJFnwCFJkiRJkkaeAYckSZIkSRp5BhySJEmSJGnk
GXBIkiRJkqSRZ8AhSZIkSZJGngGHJEmSJEkaeQYckiRJkiRp5BlwSJIkSZKkkWfAIUmSJEmSRp4B
hyRJkiRJGnkGHJIkSZIkaeQZcEiSJEmSpJFnwCFJkiRJkkaeAYckSZIkSRp5BhySJEmSJGnkGXBI
kiRJkqSRZ8AhSZIkSZJGngGHJEmSJEkaeQYckiRJkiRp5BlwSJIkSZKkkWfAIUmSJEmSRl55vgcg
SdILTREyhLD895wh50wmPM2j1p8QBrdV38tASudrRM9dDBBYe11SzuQ8WtcEminEVcMevrdyPn9j
kiRpPTDgkCTpLCoibJoKlIMVaCKz2IWFXqCqz/PgnqV2ARMdmGitrKYX+5mD8+dxUM9BEWGiDeOt
QFkEAk1Qs38u0KtGLxWYaMPs2OCaBOjVgYVeZqGbYcRCNEmSziYDDkmSnoUQMp0ysH225pKNmYs2
wAXTcMEGmJ2EsQ6MtTIhBkKATKBfZRa6cGwJjs7BkXl4aB88sj/wxJHI0aVw3qoiJjpw8WbYOluz
Y2Ni54bAtqmC2bFAp13TKhJlGIYAmaqGxV7myCIcWYC9c5HHDkYePRh44kDg6OL52/3aKWHHhsRl
WxIXzMLFGxNbpjLT4zDVSZRlIIbQlNSkxGJdsNTPzC1m9h6LHFmMPHk48PjByOMHC44uZqrzdF3a
JVy0ES7eVHHhbOKC6cQF05nZcZgah7FWJNc1KQbqUNJNBUv9mv3zcGQhcGgOdh0M7DtcsPswHDh2
fuYhSdLzyYBDkqTTMD0W2DYLl27ObJ+tuXxL4vLNNZdshG3TsG0jzM4EOu1MHu6EGG6HyJleFZhb
ChyZyxyezzy4N/DQ/sBjhxKP7y947GDBnqOBw/OZpX4+Z9sNQoBWEbhkM1yyOXPZ1szl2xPbZiou
3pTYuQG2Twc2TEAr1kCiqXeg+TNnUsocXoAji4E9RzMPH8o8tL/kwb2RJw7AgTl4fD8cXoBedW7m
AVAWMDMG22Zh58bMhRtqXrK15vItmW2zmUs3J7ZMw/R4ZqwcXJTMcsBBrOlXcHQJ9h6NHF6M7D4c
eOxAwaP7I/fvgScOBZ46AnuOnttKjyLChknYOlOwfTaycwO8dFvFZZsyOzYkts0kLphJbBhLjHUi
IaQm4AhxEHJkqpTYPweHFzIH5wKPH4jsOQyP7C14dF/g4ELg4b2ZQwv5nF4XSZLOl8CtvzJ6tZmS
JD0Pigjj7cBEK/HS7fCGqwLvuCFx9YV9Nk7WdIoMwx4Ocdis4rj/rIaTbBkY3iVkunXgkX0lH/92
my/cH7n7iZrHDmTmu4Feffb6XRQhM9GBmfHMpkl468tL3n5jzSsvr5gcq4lNFwcgQC5oijYyhLx2
SqEJOVamEkghUtHh4Hzg0QOZOx5L3PYtuGtX4KnDgfkl6CfOSmgTQqaIgfE2bJmGay6E116R+a5r
K264qM+GiWd4wTJNZrP2SY+7TpE6tfjqwwVffLDgs/fD5++v6PYj892zGw60isxYGzZNZq6/OPOq
l0xwy0tbvOoy2DC+RBGXgMHepuELmFdfg0gC0uDqNRdu1QudI8cW2uw62OKuJ+APvlZx++OZPUdg
rhtGtg+JJEknY8AhSdIp7NgYuPXawPddf5gbLi3YvqXN5HhBK3UpciKENSv/k4cZJ/veKjkH+qnp
0XF0PvP4/sQn74786bfa3LU7cGTx7Cw+t0zDO29c4j0397jx0pLJdmRiuJ0mZEJTcvKMz5PJ5Hzc
vCnIuU1KiX7u0a0XWOhl7ntqkk/fNcaHvxq558lE9ywEA+3BNpTvvqHLu15VcN0lBbMTkYm8RKdI
xPgM/1vzjAFHaEKrULBUzrDUD+w7VHHP4wt86ZEJPvr1xDcfPXsJx0suSNx6bZ/vu7nLDRdVzHSm
mGh1GGtFiqJPWK6gGVQGDYOnNSETT5se1SlQJ+hVmaPzXW5/ouS2uzt88EvFoA+JAYck6YXBLSqS
JK0SAmydidx8WeDWayNvvLrmJRsjsxM1nXaPGEsgn7hIfs6/L9OOmXYnM93KbIg/PckAACAASURB
VJwMbJ7JXHsRfP6+yGfuDty5K1E/h99XFnDhhsB3XNXiTdd0ecWlgZduLdg8kU6SZZzJIjcR6FPE
RBEqxtpNr4ixVo9N44HrLxzjs/e1+dx9ifv31Mx3n9tnKxduSLz+msxbb0pcv7Pm8s01myZL2mUB
dVippjm+iua0DUKeECFGxoqaTsiMb+wz20lcfmHiqu2JL94PX32k5NuPVSz0nv1vKSNsnILvuhbe
eE2fV17e56UXBjZOtyhiGOwKyoSch9nGYGwnn9epf9IoYqaM0CkTU+MFY9MF27dnXnvlIp+9t8VX
Hiq4f3fk6FkK0yRJOl8KLvvuXzjfg5AkaT2Y7GSuuKDirTcmfuDVBW+5Hq7f0WWyU1OEJhSIZbHS
x2GN51bB0cgQA7Eo6LQLNo1XXLwJtm8MzE4EAjXdCpb6zafxp2NqLHPDzszbboQfenXge65Z5Mrt
iYmxCCmfOK7TGuepJAirbwCBdpHZPJm5fGtgx8YWU+OJokgs9jML3UA6jRwihqZJ6MsuzrzlpsS7
XlXx3TdUXL45MV4kilgQi2KwbQNOK9w44dINr90w4AgQi8HUEoGKdqtm+6bIxVvhkq2RrbOBTGax
BwtdTmsuADPjcM3OwPe+HN7z6j63Xtvnqp2Z6clmHiEWpJyo+j1iPDF2eq5XKeTmH6EITIzDto01
V23vsnm2ZnayIhSJPYcjdR1Pey6SJK03BhySpBe9EGBmPHHNhRXf/4olfuI7+7z+Stg0mah7C82n
6QFCURLabagqTrJKfu4BRwhQlNAqyTFQLS3RKWsu3py58RJ4yeaKo0twcB6OLcWn7WVRhMzkWOC6
HYm//rqav/vGmpsurhnLC5ATIcZB9UlYu1o+7YDj+HqBwb6JsLx/Ym1YQKaIFRdtTlx7cWLH5pql
OvHUoUi3H562MqUIsGkSrr8k82NvSvyNWxM3X9qnRUUEQojEskUsS3JVDbtQPLNTBhyrphiAGAgh
k0nUdU1RRiYnIhdtidx0aWLbhszCEuw/1vQZycMeJicRI0yPwQ2XwA/dkvnJt2WuvXCRmYlEUTTh
Ru7XBAL9Xp/uwjydVklYHszK0J6tJm8aXpsacg2pAvrs3Fpx5cWLXLChx679Y3T7kV4Vz9vpMZIk
nQkDDknSi95EO/MDr1niH7x1jvfc3GXbNLSoibkixkBRRGKMzQK6rk/R7+BMKjhYPtkjpESMkSI0
jT5bOXHhbOKGi/sA3L27YKF36ufcNBX4rmtq/re3Jd7yssDWyUDMwzX84BSREDlu3Xza4wwwWPiH
5Vyg+ToP/gwEYnMLgRDz4NajVfbYvjlxw2UFkZInDzUnrpxyLpOBd94U+Kdvi3zXNbB1AkpKitAm
xlYTcuQ8WKwf3xPlaWYQIqsGf9zch41VM01zz9R0GYklMYemW2qvJtaJHVOBl+8s2TQZ+OYuWOyd
upJjagze89qSn/zeHu945SIbJxYpC4gxNCFGyuTUDK+IkVbZao60DcNXPaxcP04c+8p1OPHWhDXA
IKwJoYZQE4qKTKYMcOGGgu+5sWS8M8b+Y5EnD1nGIUkaPQYckqQXrVYJW6Yz733jIu959QKvurzP
lolMGYvlT87DcEH8jM4w4FjzkEH6kJseHa2YmBqr2DZbc8GGzMMHWiz2oKrXPu7qHZl3varm7765
z407KzZNQBkHzxXzYJ0cmhNfBkN+TuM86V1PsiAebBkJIUNIhND0nxgvMhdvKhgvA/NLgScOrX1Y
EWHjeOJ9txT8yKsLXnFRYHY8UzTpCoGCkItBEUpzhgjLp8CccoCrfvYMcx2Mt/lz+Ijh1qQaqJvw
KZRMdSIbJyq2Tnd59EDB3FI4ofrhos3wthsDf/PWHjddssTGyYoY60EQNHiP5VUBxjCsWDPecMqX
+RnLOo4rThm+VfOq8Ga81WZ2aoytEzWtIjDfL9l1wDIOSdJoMeCQJL0oFREu2pT5vptqfuT1Fa+4
NLN5IhBzBAoGH3mzsjoMz7CQPIOA44SdDcdVFJApi8yWqcyOjZBTZP+xwNHFQH8QclxxQeJtL6/5
q6+recNVMNEa5BgBcsjNLTZfD58+hFW/6zkHHCd7XB78ZDixSKAk5IJcZUg1O7a22DRR0wqJIwuw
fy5SpyZ02j6TeceNNT/66sirLwtMjyUCvSYkyZGQS5rwqalEGG6/OL2NHKcTcLA25BicFNP8rA/0
ISfIkTJmZsYqLtrYp9uHwwuRwwsrIcclmwNvvibw125J3HJln9nx4VG8TZgRT9plI7Icrp1OwHEa
chg+7/D9HQhkmnqbpqIm5MCmycyGyUiMgd2Ha+a78YQgTZKk9cqAQ5L0orRlOvPmq2t+9u19rtvR
ZqbTLMAHKQCrg41mTTlYRC+vR0+yMH1WAUc47vesNqgYWa4iGDQhDQWz44GbL6rZeyzw1JHAkaXA
WCvzQ6/p8yOv7fOGK2tCqwVEcoAUEnWoyDENwo3mFprykJUqgZMO8xRjX/MaBNYmNHmwcF6ZS8gt
Qh4n5pJUJVLdo5xosW16iZ2zFVOdyJ1PRJb6gS3T8MarMj/7tpqXbYeJVgIqiEs0W0Yi5NagGKU5
RnX4Eoc14znVHJ4p4Bg+WW7CEzIroUAGekB3ZSyD8Gl6vObq7TXHliK7DkeOLARmxjNvvSHyo6/L
fM8NNe1WEyaEFAenvgx6u8Dyn8vjyyuVHSc6LhF7xpNxw0rAkUugWIlPMpADqU7kXkXZarNlOrF1
tqIqYde+wLHFp++VIknSemHAIUl6UXr3Kyt+4s0VN2zPtGIgpBpS3Xwyn5oeDJlMzolMahpI5qaa
oun1sOqTeOLqFepaJws4UmiClDV9IFb9PA//Pvg9w1KMEIkh0m61uHZrRVVnHjsUePlFfX7iLT1u
vqxHJBFji97SIqnuEUJqtnHkZitHIBGoCSEtL4zD8kp3sN1juXJhuJA+bg7H/zUPqwEGcVDOECIh
REIoCLkkpDY5BUg1IXWpFueg7jI9kdmxKVKnFgeOwWuvzPzcuzNXbOrTic1YoQK6TeCQm9e8uR7V
4OfD7Smr5rD891VzGF6r5eqc1Vta4nF/sraCI68OOKrBdSohRCgLwniLibLm8s19OmXmW7tLfuCV
mb/5xoo3XFXRLiCG2IQbCfLwGNjh+AfXu8mf8srlXzOPwW25CmdVSJaHX5+YdiyHKATyYMzN3xMp
Z1Jqjj0uY/P9OtV0xiquvByOLhbsOwoHjj6LCh9Jks6T8nwPQJKk51MM8MYrerzlqgVetmWJog5N
4BBXnQICy1s76pghN1tXmoV8s9YNsQCKZpEbC451Yc+RxGMH4chCoF5ueREYa8HW2czOjYEdswEo
IZTUKVFXXYp2QQyrQ4dhSHB8+NF8HUls25R5xysrLt1es3Wq4qrNPcpUNRlNlQhV1bTbGFYCDBbG
Kffp1Uu0O2PkXJIpabXHICZSb4mqTnTLMR7eDfuPlswtFXSrpqKkU8DkGGycDGybyWyahPFWIqfB
2JeLOPLycIfBCsPtELEgxA5FKAfNRwu2zUZ+9HUVV22NbJ6suXyyT5n6rDxhDbnbZAHLzxXJOZFy
gpSIIQ92XjTjqfs96jpzeKlk39wYe4+1ObZU0k/NXDKwYbw5PWfLVOLijYmy7AyuKYRYNsHQIIBY
qeYAQgGpgFgy/F+pUCfKMrJzS+AdNyW2znS5/qLEFVuhQyb1Q3OCTYacBlUp9Ml1v5lDzhRli6rX
J4RA2RmjeRMFqrpPv1+Ry3EeP9xm79GSY4uBpV4kEylzZrJVc+GGwLbZwMxYTbvI5JQIrRZ1ncg5
UXY6hLS6FGPYELYJTnIYhCs50CIym+GHby6YOxI5cDiz/9hz/bdOkqTnhwGHJOlFo1NmLphK/MCN
89xy6TwbOv0m3IDBB/3Lex0YpAPkPPgEP0VIzVKwrjM9xji40OaRfQWPHizZO5d56kjkiUMsl/QP
84lOCzZPw4WzgYs2BLZNRS7f1ubCDTDVGX743lQfrFQirBrH8OvhOEmULbhmZ+ayrTWdVk2RKnJd
NQeA1BVxUPgR0qB5JUBIpNSlvzTXfHpPi0yHRMljh+DxvZHdhwr2dNs89lTm4FzJ/FJBt2oe3y4D
k2MwOwFbp2DnRrh0c8HlWwq2TFVMTWRaZWq2XwxDmuGpH9QQh6ertJtAaVBd0SkD11yY2TpZE+uK
8dijTtXgoU2VQ0iDo3mHvTFSQQ6BnDI512RqKGCuH9l/tGDX/haPHIDdh9vsOdbiwHzJXLekP7je
OcPMRGS6k9kyXXPZ5shFm0t2biq4cENgy0yC0FqupGnCp2EAFptzX9OwsiZDysth1pUXws4NfabH
IeZMrgcvQ83g/TQIOEKfTAU5kVMm5UTu9yE00UpVB544UvDoAdh1oOBAt2TX4ZL9cwVzS80xuzkH
SmCiFblgNnDBNGyfgZ0bMhdtgEu2wnh70INjbAyWuk2l0rBvyeDUG0IavC6ZQEFJyURoceOFbd5+
Q+LgkcSHv5Hpn+oQIUmS1gEDDknSi8bG8Zpbr1jg7dfOceWWHs2CedUdlvsdhMFaOhMHAUfIkZwi
/Rr2HYUnFwrueLLDp+6KfPqegn1zLDf8fDrjLXj5zsBbboi8/uqSqy8q2DrTpV1mYlxZSC+PZM34
ht/My8813mq2rlRLTbFEs9skrfTJXB3c0GxFoIb+Up9uXTDXzRxcTHz67oIvPDzF7bs6PLD3dE6N
gQtmIq+4NPI910detrPHFdsrts32mS5rQh5WPwzDlT5QrGz5GL7Oq/7cPJ2hSqQqk0OzNWh5y0mu
B3Uo/eZ5c7OVJOdMXVf0q4qD8yUPHpjk9iem+OojBZ9/sMXuw4Fe9fTbK4rYYrITeOVlkdddFbnl
yswrLktsmCzptDJFrAfbRlYHUDXEwfzyyjUB6BSZzmQTFuQ86HmSIKXha1ITQjWYSwUEYozUVZ8Q
Ir1+4Mixmj2LHT53f4svPNjim4+Pcd/e8hS9MIZbawAKts/ADTsSb7wy8+Zrai7fEpjZUNAa70C1
SK56zaOWtyitbEMazq6MJZ32JLlOvPnaTK+CrzyYefII9Gq3q0iS1qfArb9iDi9JelF47SWL/Icf
eoqXbq+ZHGNtuBE47huwXDFAsymiV5fsP9bid748yYfunODOJ1t0q0Cvn5u2HU/bvHLwawK0CuiU
gY1TkZsuCfziD0cu3l7T6dTk2CfmikiiSHmwxWRlOM1t8J/uPOzRkakWFyDVTbuOwZaHkNesuwfb
bppuGakO3PtUhz+7e4IPfHmMJw4H5rqBqj7xmNNTiRFaESY6gQtn4TuuhXe+fIm3XnOMVhtCHPSw
yBFye9DHIp7Yl2R4PGrOUFfkqkedeoRcsbxFZGUKxJBJIZNDTSbRrTJPHY184HObue2uae59qk2v
DvQqSDmTT9qo88QhtIvmFJeLNmXefEOfH3kjXLcjMDuWCKEi5j6BftPDJDOYU7kctjTXJAwqVwZ9
XHKzVSSnTEoV5OYUlpD7MKhUSbnpjRHjGOSSe55s85E7xvndr43z5JHIQq8J1qrTDBZiyLSKQLuE
nRszf+Vl8J7XBL7zxgzVUXLqD+/Z3NY0u03kEAmxQyyn6C0sEELivj2B3/xE4H9+uWSP/TgkSeuU
TUYlSS8K126reef1i7zzusOMdwKxOFnjzOO+lwfNQHPk4HzB5x7s8P5Pz/Jn9zSfph9ZbI7QHLbX
PF11gl4F813Ydyxz+2OZA3Mw1oFtGxM5rmwhWBNwnEqAVPUHh62sNJo8flQ5QJUjc73Ax++e4r9/
dYIPfavDg/sLjnUD/TqQnsXHHjk3c+lWMNeFJw/DPbsD9+4puWR7Zmq8pixWN/nMK+HMcmXHqi1C
g5+HYZPQPNgPsWoSKy1Jmq0eTx5t8ef3T/H+T27i0/dM8tD+NkeXQnNd8qrfcxqG12WuC7sPRe7a
VbD/aEmrXbB902BLSahY3kqUVx/lOggK1gRKwzkzCJ3qQTjSHG8bi0F1R1kQ22Mc6xb84Tem+K0v
TfNnd3V4aH/JfDcOrsvpzyMTVs0lsPtw4MG9cGAuMt6umOwk2mVipepj1TslNO/mnCGnTCwDRZkp
iz5T5QLfeKzNwXmPjpUkrU8GHJKkF7zxdubWly7xrhsXuGZHRYynCA1WVxZkgJI6jPHowTafvneM
P7h9gj/+9gS7DhUsVqe3jePppAwLPXhobxNw1CkzO1GzcapLWQQisel9umaMrCyiQ1h1okZqjv4M
K0FCCJEMdJeWCCFQ5+YI04/cMc4f3T7BZ+5rc/++4qz0VahqOLIAuw8HHjtQEEqYGavYMFbTjoPF
f1rdkyOser2P6zOyHHCkE65TDE1rTFLg4QNtPnXvJL/3tWluu3OSPUfL5X4hZzaXwJGFwK79gX1H
I4sVTE/2mZlapF3mQZBRDBp0DqsgiuMqIZqvlzcHpeF86sFWpMH1idDLgafmIn/8zWk++LVpPnd/
h8cOFlQpcIaXhSo11+WpI01oc2wxMNGGC6ahVUZC2SKEuHJdQjOfkCM5Z4oCQqgoY4+Z8T5PHG3z
1JHIgWNWcUiS1h8DDknSC97ODTVvv36Ot1y3wMxkhJROWNGfsFzLkZoOx6pJPnrnOB/40gQfv2eM
uW48ra0oz9ZTh2HfkUy/n7hsS5ep8UCnOC7gWHOayuqyhkyIkRBDc/TooGklMVLnzMKxYxSxYO9c
yWfuH+f/um2Grz3W4sBccdbnUafA3BLcvSsyXlZsm67ZMlkQi7LpY5lh5RjcVfNY3SdkcOLKcouU
QHPc7SDcqerIkYUWf3zHNP/9S9Pc9u1x+nU469elTrDncGbXgcRCr+bibT2mxwLtoiSkkpALwqDC
Z/kWVoU3q6pThgFHHDSTzTmTKahD5Ikj8Km7Ar/6p1u5/fE2RxfPPDw7Xq+C3Ycy9+4uiEQu2lhw
wXQgdsaaoaY0aDhaNLfhMb+5JqQeRewz1km0OpEH9hY88FRhs1FJ0rpjwCFJesF7zUv6vPW6OV65
c4GYak72sXhYfWJJ8x3mlkruemqcf3PbON94vGSxenZbUZ6twwuBR/cFFrsFl2xOXDCVKInHtX9s
xrZ2K0SzeF6+T6qbvg9VBVVFWZbUqeZ3vz7B+/98I/fvbdOvz91ccg4s9iOP7GvTrdrceAlMbZxo
ts+kvBICrJnXoPJkGD5lBhUSgRDyoKFnIqXMoWMFn3loM//+sxN86dEWKZ27awIwtwgP7C4JYYzt
sy0unI3EHJsGtDkQ8rDJZ1j7ki4HHE1FTcoVMUC/12Pu2ALEkmO9kj+9Y5b/+2NbeXR/e9DA89zN
p9uHR/dH9h8tufUqaFFRUDWnqIRMc0zu4AjkEAaNVZstNSFkJlpdvvVoyR2Pd06rqa4kSc8nAw5J
0gtaCJkff90R3vSSY2yaXKJOfWKIq3onDO/HmoBjbinypUc6vP/Tk3x9V8HRXjytZpVnImfoVoHd
hyLTncjW6cC2aQYLz2Hnz8za3gk0+zZWCQlSnQixIJYFIWX+4qEp/ujOab74yBi9alVTzHM4l6V+
4Ohi5OhS4OYdPSbicC/MqgqH5R0dq8cTm60Sw6akZAg9ILGwFLnryTF+9VPT3Lm7ZL577rdKZJr+
JHsOBTZOtLl4Y4sN44mYc3Pa7fKYj2sWsuoZcko0tT81pKZJaS5afPKeaT70zUm+9mgTbpzz9xhN
NcdiL7DYL7lia82GyZoQmwAj5A6BpiFsGJwOM9woEyhol+McODbFniMljx2whEOStL6c/RpISZLW
iVYBWybh+gu6bJvoUfX7pFQPjh+FleaKJ97u39fmU/d2+PR9JYcWAuk0TxY5U72q+YT9tm+1+MoD
LXpVsxUgR2j2q+SVkGD5eNDhSRgRQgGhINMEMnUdOTJf8rG7p/nKY+Ms9J6///T3Knh4f+RPbi/5
y3sjew4n6pSeIVsZBh8rc1kOOQjct2+MD90+yZcfLjiy8LxMA2gKSx7dG/jMHQWfvbug1yvIy6en
PFMoMeiNMgg9YggkCu7f2+KTd4/xlYfbLPXPfYA21K9h1yH4g6/Bt3Y17++mQ+2wYW5BoGTN+4oC
aNEuxrl6xzjXX9x+XsYqSdKzYcAhSXrBmmhnrt4GF8xAp4BcReKaZpCrAoLBYi6nQLcLX360zSfu
n+TwUkH9PC08V/vaw4EvPlDy5KEWiZIQAznmJpwZ9rHIq8Y+vIUWORQkCnIdODoX+fquCT51zxgP
7iuf93ksdOGhfQW/9/Ux7t4b6KVMGm7lOLG5yNqvI8vbb0INxxbafOGhSX73G9Mc68Xzc10erLnt
m5knDpV064IUhr0/jhvL6h1FcMIUF+vIJ+9p8/kHSx47ePZ7oTyT+W7mzl01n7kn8uC+wf8OhmL5
0JflqqAc1oQcmYKLNpW8dHubdhlOOPFXkqTzyYBDkvSCNT0Gr3lJZmYq0G6NMd6eoR2nKHIHBp9Q
D5spEgpyKKgr2LW/xxcfinxjV+u8jb3bz9z5eOS2O1tUxTiUBYREphqckDr8VL2AXJJz8wl7pqQO
bepcklLJE4fG+dW/2MKuo89/uDE038189PbIXQdbzMWSOkJePlZ1VdAUCoiD7SkhQ5Eh1FBXsFTz
1QfG+Mv72+w68vxV1BzvWDdz92742O0lBxcD/RCp46A6YxhqrDrylpwJORNCaLYLRYhlYIkWH/rW
JI8cOH/vsUzg97+S+cpDEWIbYotEJrFSZRMG9xtuVAmdgp1bA9fuyGydKij9P0lJ0jrif5YkSS9Y
063AK7cFZukQu5OExRlY2ACLM4SFScLiJAxvCxOExUnq7gyfum8b9+6dojpPi2hoFpUP7M184ttw
eLFFTYscAimt2p6y6ljSlVadkZhKyqrN0SMd7tvd4iuPRo4tnb+P2jNwdBG+/kCbbz/Saaponsnw
uNsUILWgnuZbu6a4b0/nvIUb0AzpiYOJD381Mz/foaBDoDW4Fid7AE2zzhCBEnolu/eM8Rd3z/DI
wTYLvfNbArH3KNz/ODz8aBwEZZkcahJ9Vvq+DIQEqSKmLhvbXa7flhlvWcIhSVo/zt/HOZKkF5Xx
CBvLzEyZ2VTAhiIzWZzYpHDNcmlQ/37894qiIIamr0EIASKkmJotHCEMju/MXLKhz41xickDNTkW
5NQipAgxrTo1YhAQpObozlTDzIHIreMV11wcybRYabM4HMLKCSAnPyozr92ecPwEn6434+DnKSYo
euwIFQt72vSLinYnEGIJ9XBLTRz040gEqsEiu0WoS8pehkNLzBxc5J0zmbxxnBxa5BBJGdJy48jj
X/xVJ3+szGalF+hx3xj+PS/POTYhS4zk3Jx8EmMiFjU3lTDbLQhVgPJUR3CsOjY2Z6gjeT5QH8ps
n+/ypqnAyy4dI+fmmFYG7WJXRrraqa7P2te62TGzdqGeB6fSNIUZoVnqh0wMiaJMzI5VdJZa0CuI
ZQTqwW3t71978k1JfaRH2gszhwPv3pY4tiFT1wz6ecRBe5WmB0kenCxztlp5xjy4EYgxARU5Vlxf
1oSjAXolkUSiT6KmWPNmHcyl7pOWEtuKwA9eCZcVFXMLBSG1BlumVgv0c2axhkO9zJNL8OQSLNb5
+OhEkqSzwoBDknTORDJTRWYG2NlOXDme2d6puayVuaSd2VyuXjzB6mXmcnjBcN09+DpAu9VuQo4i
UMQIrUBqQ13WpBiIqaTImbHY54K5RYq5mpQKwuDWhBuJ5SfPGSpIVUWoE7fkxGu2ATGSQouUl0cx
HBwhBPJwG8Ia+aw0i6yKmsVigWpyjrhvjHqqRdhYEIsWy80fhyFASAT6zRhzQUhtQg/Gj85z3dIc
P39JjzzWoo4tqkFYU6U86Od53LyGs1h1aXLOzRGvg1ch5OHdB/fPmZQyOUcCBQUlZVGSUh/oE8ua
sqiY2pyZKSKxapGLtPJExxtu9yBAFWEuUD9Z84ZinldemIllScpNkBNysSqXWfV8uelXkp8m4Vie
bWgqX4ZfZ4BUATXEQA6BfsqECGUJoaypJ7ps6kXCYpswEZrQ7Pj06vjfXbeojpZMHap5Vd3npivb
9LqJfj+TUkGMLVJqGpeGWJAYnpibT1kgcrpChiJlylTQCpkYM5RQhSXGNyRmeh3otYhln0SfOmeK
0D4xM6oTqVuxrQXvvrLg9Z150tw4RVUS09rKnEQTZhzpBx5bzNxxNPONw5lHFzP7enDMY2YlSWeZ
AYck6ZwZi4FXjfV5c6vLq8dqLp9KhJBpp0SrzhRVWAkaBlZCjbAq1Fi7uit6C8SioChK2u02MTfP
k6hJIRJIhByJKVPMtwmUBDqQx5qjR0NiTfl9yoS6pkw1ZYCLW812kOZD69UL19WnlwwHfKrPos/s
c/c61CwUgaVWh5ligjbNca/NeONKn4fYNOHM1IQYINWQMtQFE3mM8ZDIIRA7BUt1l36votVu06cC
AjHGtSUaNK99HoYPg66TcfATWL4sxOF9c2gqOCgIZCKJMmYyFbmuqLs1ua4hJIoNJaQO0Hvm16hu
KjgCY3RCh4vaeRA29Yk5AxXkEiiOK0UZXKvlAGr1BFdVVCx/a+W91iQJGXLVXPsQmq4UoWpex9wi
pZLFfslkNU5Rl5DrZivN0278bcKnWLVoLdXEhch4e4zuYpfU79EuEq0Ccl0SiITYVOY07+m8cj2e
o6alSWjeI1XVvLZjk8wvzMNcorUA9NuEYnEw78Ht+GQlRsp2i3Ii0OkGUnGU8VbNRIRQnWSMJeSx
QJoK9DYHHp2v+eMDmQ/vy3z+8BlNSZKkExhwSJLOuskic+1Yn78y3eO1ncSOWDNTJMrWoNqgToR6
VfVDaBahK5+or9kQsfxh/vDndYCUAnUO1PUi9KBVtWiPdyjLQfNQAsSi6Y9AHmwBGJxAQk1YW6Iw
WOQ2C+WQ88pvXi4PGH5n2E8hQDhVtcaZbyoIQCu3yd3E/FPHKLZsIE6WjY9MqwAAIABJREFU5FgT
c1y1EG+2RtRF05QzpkQs02AuLXIxRtFpkVNNGRKxnYixRxHymrX+8b87s+ofYfVdwvIBG2HYJDSG
ZntCgJATgUCo+8uvRBEKcjFBr14iLWXyUg/G8kqusPZyr335ipJcFtTdJagGPwuZHPpNP1JqTgw4
hpM4/iiTk73Kwy+PX8jnJiwKmRwSIVYkCmIuoYoUFMzvOcrY1BTtiTYUBXB8VUpY+3UIlONt8kQm
z9VU/Zp2MUaMbWLuN8+dxyF3BvNcJIRMwUmChucgBMghkcvYBHj9RFlOUIcu9RJweAk2QdEJzRaw
wQVqrlEcvKYRihZ0WoSxSBEC5IqUuxQnbNFp5h1yoCDQiZGLJgM/0C64YhpefgB+/6maA73MybIR
SZKeLQMOSdJZ0wpweSvxyvEurxnv8cqJPpeWgVbI1CHRj4MgY7BoXF58DhaFw24DYfnozeNWPasW
ocO1d0rNB84pZAgFnU5JjHlQzRAhtwdVFmFlkZiHccpwkT9YZYdVH8GfZMGVh79/zar8JPc7C4u1
kCOtugW9RP9oD3olVMWgf0hYGd+gSiENM4+QCKGGMOjPGVuUsUOiTxhsTYi5XnmKpxlsc7Xy8cv0
5aCp+XN4PG1zWsgwIBq+1sMwKIQCiKRUMWg6sfw7VraYrPolDJ66CBAjdd1cz6ZtSiKERKReDsfW
XLs1M3g6q35+svNOh/txBrdAIqRMyBDrQG+hS+qNrwofni6EGIQFRSSWkRArcj8RY0FJ2VRU5AJo
N+/ZnCH2ht0/zo7AIJBq+nuEFImxTcoJqgRLzVat0I5rZ7K8L2nwpmmOgiEUzTXNOZNzc/7KyX/p
UGSsKLi0CGwoIhcUzfv8T/YnHlow4ZAknTkDDknSWdEJme1l4u1Tfd4+tciVZY+CRDuVzeIoZvJg
i0XM+bhq/pXgoRHXfJs82KZykoqD4dqyqhJ0uwQirXYkhpJIbCo4BiHGSmgSaao6VrcPjWvHMVw4
kwa/Y/UvX7V94/hFdG5+05ku10KGoi4IuU0dOsSq3SQWVCyXUJCb7wWIuSDl5jXO1Aw6NzRzDrGZ
yeq1ZmZVFcupnPjzEzZ7DBfNg1Aq5DAIglaqb0IAciKFetCr4jQPcYsZipocoY4ZQhhc00DIcdX4
0iAcOAOnPAVlMJdcrKowSgRqwqAR6bNLtJqgJOa6eQ6Gr8fwNcusbHs6vsTlDAyvE0UTFA0qNGII
FCk2O7ZShFQ0zVvz6qucV32Zm/sOqndCjoNKnji4JqeadfPvRczN3LbEzMxkZPyign39/P+z9ybN
kSRLnt9Pzdw9IrDkXllZmVWvln5Lv9f9urk0hzOcAzmHkf4cvPLT8cQzDzxQKEOhyJwoMqQIt349
b60lkUCEu5kqD2Ye4REIIJErgIT+qjyBiHAPN3P3AKB/V/0rf+qNn9K7T9NxHMe527jA4TiO47wX
Po/Kv50v+e+OTnjcGMkyw5Bo24AINGrkMCl9sPHuP9tZFIyZAbIVX8socqzX37yNSknj6FNPIrMQ
YxYWSOxKdwdq2cpY3kDp7sFEiJB1ADhSukyUYHZ6Z3pS2oFdIBLYu4ekVjNQtKENHSE3ZUgh1vmM
wbWARprcFO8NFdABrIxa6q/6LKF2TpGJvHC5EHPRq7oO9Md/BLNIKRWpGR2Ajcdaiv9G3y4JQVGR
10scoiAJGsFaZWh6JAhRItFm1Ual+mSsy4t2xIA3ER62MjjGsiVq5kYRANZClyRMlhD6MsYxG+l1
J31MNlGjVcUYEPp63HI9bH2ZE9TjNvmcvCsWiinr6OEiGRFDTNfiY+nM01DqgWpZ1857rOeiQrBI
tEC0SNB2z07H7W0tGlq9EmMj/LoV/s1j4XdL+J++fz/TdBzHce4uLnA4juM478yjYPzrWc9/e3jK
MYkhZxRomrguP9nOcp84Osj0znstI5moDpOOrOgY9011kTE7Q0rrU9XEWX+GAfMu0IVu3PtkI1kH
tBtNY7dRqGyW0e9i+tJb8TpPiCm1BapGokoJsI3SyjYMxSdkDMItFDEkUASOupuwNtnUsr7Uu+66
6X5y2XAuzkTZrSepLU6ltq6dZG+M2TKjLCJQOrJcxTRzFCxEJj6gQrBQjGVHQQcppSx72pReSeSY
ZgeN241lTVCO2Tpzp7aDHT1M1kLdWL5xyX6Mkj2hsfioYIjoJjOCDDJQU5YYT6TJm1w3F+27fpZ0
cj2vs3jqkscPWMn6oXba2Zi11smNHr0qBCuZIGK7x3BknMcoim1WEjNaMv/NA+GfzgL/7idlpW+Y
EOM4juM4E1zgcBzHcd4aEViI8a8PBv7xcOC7eUZCsRMAwYKQJ7qC1UAV6k13dmOinQhRJlLIToXK
dLuSKVDeVNVIKdPLQJCepusIAbbvglczyK0gezeqGoPMMUDfDeo3Aeh53uW582sMqgSj3GmXhMUi
bohKDZRrcG9S7r5rBM2IpipyKNFsY1dhpdCjxLiXjOHC13eOhZXylHW8b1NRK9RDKaTcEVCQmiEg
VXTZpwqs5xVBBbFIMCFaKXMQFSTXea/FqitGxrsXkEwMbutj1qUixqZfjGCay7VrgiRBcizHe1+J
yzS2tyoaDIoMAbTdCCdbgo/C2PJ361C/edS/JS1UcWstzEzeO+WMDpl2VBaCVOPYMUtoOpD6PkrR
Y6alXReNsWa+rK8PAC3nMYjxojH+9gh++0D4998bKxc4HMdxnLfEBQ7HcRznrWkEvptn/vG4518d
JEwgi1CyD2q3k/Xa49343VhwJ5qxnZT4KRfeHd8IEGKCKaQh0UvPrFlBVMKuCeW6c8uFI1nvVIhs
R4XTrc6P1/a+2yiGTNaXfetN1hdDBVIwWrHS+SQMaCjtRCJNDZRrWYhVU1WdQU6ILkF70EwUKx1l
Ge+4Txu/XjyEveNbPzUe06nAMSnVqAF8KYuINLEDUyS2GGlTirTP4HOcjzaIBmIeiBqIWk1Si4Nq
WWfM6NmX6XDRBGXnwa7YJVqNcFmLSaVyRerVFonWINpcLHDU6718W8WyBAyCWIuZTQSadeR/bsxv
nTC0te0omMTq4SJrXSyrkrQITkXcoHrmaM0Sml77YSNwWBV6xuvkopbJVYA0ys+E0krYCNU/pjPl
ZwvhXz6J/O8/wuo9+qo6juM4dwsXOBzHcZy3ZiHGPz5M/N0icS9mshoqY1BX7+K/XkGoL00DqcvZ
e9e/3h6WIDXbXklpYNChBGMxbjw83hDbETU2DhLGrl3q+Oz5sLSKG7Lja3CJaGMho8Ho7s2Is4DE
BJJR6Td35aWp+o6U4JUGtKtixzApFikZHOtMBdtzDM8N4ZKaizErYRSW1s9tz6GsIZuMjBBqS9Xz
+Tvn918EDjQQNBI0EIxqVDnNXKnHa20I+6bYzrVhVYjbCGDTHAUTgSayWCyITfNmNRUWSlYKNUNi
PIajB8b0mIS3u14v2TmlxGYUOJQcMsyEuGigAxqDaFgwlFwzh+qYzDYJTZNKnfU19poMGpVR4Ci7
DzU7pAmBp53xi3mmDdOMEMdxHMd5M1zgcBzHcd6KWYBnnfKvuhVPZSDV1H1gcjd7GkTvD1qsegCo
Wf2eTcAo9R7/JPh8nUhhamuRQ1VZ9T0hRkIIby1wvG/GOHAajNs6QCwZFhqUZJncKvPHh8hBQFoh
NIHSFcU2+kLQyZtOFjaVEecH8W5zKPuuotSomdgmo2M6Lw2KhoGhWZXxx3kZk1yUvbHeeL0IJd4v
LYQp5zjITnnH+2Yqa5TMCouGtQYzIzxYIDMoJSVvUUISXjP/98qYPVSzUwANAykkZCE0xy0sIrT1
WjLdKinZHGKZvN3Y1ebN5q5V57Jq0ROawPN5w79sAg/agZ8GI3mZiuM4jvMWvCdbbsdxHOeucS8Y
f91lXoTEcRPKnewt6n3dsX7/0jhOMDVSSqSUyDmTVVHVYqo5FT+ugFXzTFVlGAZySuv3uh4mUfqE
3SqJ0UQUwEQZQs+qWxEeBGQORFsHxDJmRIy30GXjRTHubsvzYCqAjDt/zTL6RprsWdi8VvwmrZZ0
WHWrKDtWyeQw0LdL+nZJikMVZN7gsOm2hrMZYxWFPtBfM+McNvtVaDLWKDpTuNfA3CCMnVR236Bm
qVx03a3P18e8LktmRpaBIfQMzQrmSjwKsJBSd1aFqz0FP/WJsSRKNtfhFU7o2F8njh+FTaUMCzWe
auLLzjiIN0OIdBzHcW4fnsHhOI7jvBWfhcx/0fUcG8Sx7GJvRcPGSFJRNCupCg5TUkoMw1Bv6gtS
0w4kCCEEmhhpYkOI1fDx3F37rXQIRjPFnBJpSMRQSlRijLw7dsH3l6zzmk4YOWdsFAdEyCi5TeiR
wn2BWapR/nbXCpPaTSWGye32QB4SllMpBdipBrlqOH1ZuceoW42PVDaFPLLubKJYgCEMrLpT9CgT
Dpsyj8tEr/FQSaiem6l0+KjB9GgmKmv/1/qcyBtnE4zsHcr0rcSwoCWDo8vkNmHHARYGzaRV7Nab
VvVnzHJRRXMG1a1WvRcO4JIKoTdm1Le0CFE5JFJYkbqBeNAQDgVGEW2foDjNDJJYlj6Vbr5XKHeS
+h4xbz8GsKyQMrPe+OuDhv/rzPgpvZ9pO47jOHcLFzgcx3Gct+JZNP7rWeJhCAxnK5IlYhP2hpej
wGHZOFue8f33P7A8W55bb3+GhdJ1MxaLBQcHB8zn82LhsBNQlRKGHZFDFTVjiH0RSJqmCifv6mK4
8UsYA+otMeBKrUk3gocCq9UKNaVrOxAhhYFwKBw8ncE9g25gbCEq2zsrIkcztooN0HYsf/yPcLKi
pSmv6/aYriYDXCxC2ETcWGdTmGBayy40IF2DRaVPK06bVzz8/D6HTw8h6ia74SIM6OZwkrCfXmJ9
LmalTDJTwia7QkSKp8P7KvlYKzibGg0TQ1qwTlmFFYv7AQ5r15N1eVXdvtbUWCqCgYhBPzCcnsJS
mcmCrTa9+8atdtUTdfVJWfEqURJD08NCCcdCOBboMkjGTCeeINPNx2yNAENGfniJpDFj5/W7Fiun
fk09vJoTIjBvG/7FYeJ//THy/7gPh+M4jvMWuMDhOI7jvDFH0XjRKj9vjSZlQtOh0rLSfm+rTqt3
hIc0sFouy13sKyI1EFbNDGlAVsJ8PrtSJobBurzF3rDM5Y254t32saJkKzlAjPl8hlrGDDQPZEuE
udA+aJBFX7pakDFyLQuo4ogYJqVLimCQMvz4Elv1oLaWYKYh6LTEZFsqudrj3aO4kWqqKafW/ISs
5Zb9TOketMT7Agvlddksa5Yr9GRFOl1CjjVjpXg4jCUOH8x+Y4diOZHpWWEL4f7XnxGbvohOIUO+
xBzTDNTIyzMsJYS4qfVZrzP5fpre8N4nYqgoGhTrlOaoihtjJgpKMT+1auM61glNymlUsQFSn+pn
6g3FiOmFJBAODyFAd9bzy0PlfuNGo47jOM7b4QKH4ziO88bcb5RHXaaJmaiCaLkrLHvuyo+mkCkn
+tWKs7MzUrq6wAGCGaScYbUip0zbtm9XarJ1l323nGD9z0ehJjysiW0DKqS+RyTQzlvivUh8GGGR
MDHM8jphYpNdUTqHqGWCRcgZ/eEMWw6goQocUktZprknhVosso45x8fjOnbB6+ujN8a9Mlmzqg6q
GbNMmAfmDzvivQBzXTdA2ZF5zh+k1Yp8esZwtiTqwXreMtnEwocWOcYUkVKGQ2OEw472s2Nofiii
wJgUZHF7M910YdGUOHv5ChsCHQ2b9JOyxlQYFGynBGiDvAeRzijlNjKH7mFHvNcUgSOmmjWi6zXX
F9zUODhl8iqxWq5oLOzfybmB168bbW7znJbOLm0Uvl4oDzujCZC8XazjOI7zhrjJqOM4jvPGPGmU
J11iCCWAy0Mi92nSMnKDSKheGJnVqufs7Iycr1ZgP/pxGMWAdLVccnp2imreXukq2O6DneUjZQLs
Y+yIoqYkTUgrzB4c0D1cEI4C1iY0JLSW1oiEupS4U0TQrGgybDCGH1+hq1wrcWrJSM0YmIoBo3XC
vq9rW4ULXt/vKzkeTwXJZHo0JtrDyPzhjHgQShvSMJVZdLLd+KWUuLDM6KuevMxri4uiQ9U5jXOT
KhC8d32qvnfQmvWQCfNIc9TAXFHpsSZXY07OHxStAoYFbIBXP52R+kwRN4QtY9iNgwk2+bpveVuM
kr1hwaCF5iDQ3p8RjxvorGSikLdLZ9bHYTLOPpPPelZnq9oqVi4VmdZntwpSRDYil4CtVthqRcD4
bB74YiE86DyDw3Ecx3lzPIPDcRzHeWNetANfz5Q46+iXSyzVu9jsZlUIEkrwnXOm73v6vifGhhiv
oLFL2d7MSheU2gkl1xIXEUFCqCUv+1Pl1+Upa68IuVYx4yLSMLAczuitpz2YIU8PkEeGNSckallH
KDfXQ72bXrwojGCCLQWGgL0S+pMe0UCgKf4IFkpZi1GOqYXXWmC8CWtv04nAYSHThyW2SCwez4gP
GqzrS4kNEcY52Sgw1evBImiE3MCrAXklxKEl1IhYEIKVMpW6QRU33v9JtSC1NKUIHCkOdPdntMcB
O/2e4TDRhBmxaTHR81qbCVgLKtgyk14abV89LKaIsO3bMs2heY/zESPFjHaZcAhy3CCHo7ihYBlT
mVQQCcHG8pTaA0UFWyn2KmGnSiQSiFcSl8qxrGVaoyZk5TOahwya6eYzfnFf+OYE/nTepsdxHMdx
LsUFDsdxHOeN+Toa34RMWmWaAKFt0GBrb4ctLBBCLTNJmYODQ/Ie80Qz2xMgUkwrKyIREUhDSaXv
5h2qpXTDbGxTuv0GgmK5dBQxzZP0+130LeJJ245Lx0h/fFImBRV731tq/kJAROkWLc1BS/figPB5
hCMFIiHHItDU91DZlDCICSE3hP4QfozoH1fIKhI0Ei0SLCLalowIq9Fl1Hrz/N1rAMZpBRVCna2J
ksJA90SQZy3hsUCjyG5gb5MMDrMibphAauClcPa7hP0h0C2PiKlFJFYJxaqesTn+Vy7dmJ6Ti+Yk
JRDPAZIUQ05pMrPnxzTPGniYkbnRNC2sQHslaARk3SoXC0XIWQV4GZDvA/OTezRDh2hzPhNjXznK
/iffKovDMDRmVqG0HZ593hGfd4QFwFASNyTUcyTl2lADqekWsYEwh78o+fseflSO8jHRDoqBquS9
/jubMddvbSJs1OdCiIhUkWRQPmuFx+0FB8VxHMdxLsEFDsdxHOfKiMCRwPNgfG4Zy4pJYOOZuD/A
yTkzDAMppRLMkEeXga33vjxG3QQ7aUjklMBml4dA9U60aibnVFt05kvipre5Y75rKLDz0iVxrK2f
KVFf7CLNcUN4GOEIaLVmYDRFqFmXcWgJGmskLtrCaQs/AN9D6BtEI2KRYKPsENf7KqfpPRkcyJg8
USSTUqlhaEjEe4H4OCDH1L84xhqFja/FdpmQQAqwFPhJ4adIOA3E1JUyCCldeuScseXVz5vsOSfn
MFmvo4A20B03xAdtmctMoanlV3lar7MptREEBoE+kk+M4Q89s2FBo5Fw7qLYHb9tfdlZ+apTPbcP
FcNmRjgKxAct4X4HXb+5BMfaJCvnSVRLVx4JYE1RfF722E8Dciq0OidoByHV9ij7z8PW6bpgTmtx
U+HbmfH1wsUNx3Ec581xgcNxHMe5MhF43iifx8xhDcqmbgoXhZnDkOj7nmEYaJp3T7wf0kA/9LRp
RgwXl7oYrMtbcs7klLCcIYZqiHoNXKCHqBkhBuKihUWEVkF0knEQakVHaRNbbBJKuQm5hVPBfkrY
iRKGppao1KyN3X1eosm8KZvYXOrjUjKiIREPFshRA13aVGWobZmMjuanReEKkARODf1+IC4DIQeC
tWyEA9sIQ/uqOt4TYkJQEDFCG2gfzpFDga6apNooU4zKXFnGnjVkgQFYQT4ZWH1/yjwfFMHJKOf2
Mj5Axx8DQhsIi4ZwOINFBzJMTuJErDGZGKfGcm5OM/mnHj3JsGoIo1nqfkOWNdNqqKucpm9mZekC
DLUTkOM4juNcBRc4HMdxnCvTAL9slUdv2MBkmsEhIoTwbm0g+1XPcrmim80JXQdcXHYwenDknEkp
kVIiSlPuTE+QtYPl9WAYxEiYz6DrWLtqrjMtShAZrAbUVo+hRshzWGXyq550OqzFjWBjyQhIyLWE
pvhVyFog+BCGJNVfo4nQtHUuOk60ihzF7NJCyUQJOZYsgT5iJ5n0xxPkrCudYcbp1+0n9hvly/sW
N6ilFMmIYmgTiJ/NS8lQI2s1T8hsZcKsdY5a39IHOE3oyRnp7AwJHYFYs3Ku1ub4fdM0DXE+h4MD
6CKks52dVr8NAzIgDdDCyrA/vWL4oSe9UkIKEOtKV/A/eROLlMcBnjfG4xb+UHxMHcdxHOdKeBcV
x3Ec58o0YvxNs+IzSYyB8iYQ34cxpIGcM1rvSOesmL5b6DakzDCUkhMzW3uHXoSNRoaqpUXtHg+Q
j854+GpU3LUN7XwGXVsmoxkzLYUpprVWoppDaFuyNlIHaQZpDq8MOSuBp2hEdBSRDJOMSsZCrh4R
4/IeD8JW65Uq2Ky7nexMemLAUHIeAtDAEOAU+FHhBMIgpWwC9p9gGcWaD4CBqNCEhnYxhweHMBvL
NeKk1GanC4yGYpA6NLCE1V9eoScrDmeL4gGjWst49PLlfZUQ7dDNZjSLBbTjdWagthYCMauXRyji
mTbQt+gJrP6wJJ8okgJRam/cMICMJr/vh6jwZQv/cGS0/peq4ziO8wZ4BofjOI5zZRoxfj1XPmut
lk6McWd5INXgYLdyIOeMqq7LQvYnDsj552T9z7mnx1isaTrS0BcRYHdTIEjNYlDDxjKVrik+CBOv
hQ1vFqiNJQnTgh3ZSvmfFvHs2d7YtE0NAjFWj40iDhRzUS0eFGPgmSOlO0eEXuCHFfYyI6tAUBjN
RK3uYOwgUzITpGYfjMf7fckD9X1sTLEY9x9KJoeBpR7ISDOKA2PeTZ1P7tCTAf1zT8zzYpC6917M
rv/G5W1Kt0pzpqfkdYxaTEqk01fE+7bpPjOW/pSLqz5XO8BoV+by/U/YywT9uM1lhVx7xvwBRDiJ
AQm1Hc+rU8x6iLr2z9nYogSQFnQGS8h/yZz+fknbd8RUfF1MJhks71FlEuDpLPB39yP/44+Z5YfR
ehzHcZxPEBc4HMdxnCvRiHEvwFedcRwm2oON4sbWQ6CKEGrV4FOLKSNcErjtREmjN8PuWjX402yl
3EUCpkbYiXKFInCMg9GsReAwrQHcZCzj92/abnT9Hvu2u+C9pqaLlawZGwZiGhAixFBiaKtZD1rv
rOcINitZAivBThL6h1PkpUEfiDpup5hoMZbc9P0kqBDX4k74sJksVrMbYi3HyLW8ZtLWtXiIBBgi
eqLoTxk7gcYW9QLafdN9kfRrJvGWc7Txv5Sxl6/g3uGkfmVTKzOKZyG0Jbumb7ETSH/u4RUwhHKt
UjJWNuO5RMV433U3lTQk4jAQBwFdojUDQyIbEWYU0qyDoUF/WJL+tIKTQLBI1IiYoJKrRDUKVe9v
zE+6wK/vtTThPWcaOY7jOJ80nvjnOI7jXImDAC/axAEDgbQjBExT9SfPmrHqV/TDsM7gKFkc7x4I
FV+PYlyqevEt3iAloFRVdMzg2FsiY28uboy87XYTcs6k01Pyjz+uMyAwLWUqVtuhau1mERalBOJl
Qv90ytkfz8inhozlKTaGneV9TDI5KCqKBv1QsfN5hgH6vggdTYPM50jXjXYi1O6iyCBwkki//wn7
caBtj0u5ytja9ppQUYhCCA2NNkgzr+1SlY0zREAN+j5hYQY2h5dgvzshnSi6CpAiZhEkYoRSkmOj
AWzYv3wgQ5jTkxNWL1/CaoC2JVcTXrMq5hibHrkDcNLT/8cf0T+ccb99QKdzYm4QFRQlSyl7et+n
6VEDvzo0ZrtVTo7jOI5zCZ7B4TiO41yJ42j81UyxtCQ3RgxjCG3r3hG7mBmrVc/QD5jVbIv31BMh
5cRyuWK1XBFi2GRqTJF6b7kKEFp9OM4nBUxrGN6WPWkZb0CQMqd0mli87LDWsIMBaycmo7UtLAl4
OZC/X9L/ZUk6SXR9VzMkpPhvBKuBp1XrjlJeIfrxosXVy5foX07pmhlyfABRoAmgJSAWlVK+8Sph
f06s/vSK8HJBaw2kYZIO9PHv4JvAEA0NhiSDHzLNDwPyMMEsg2j1lREsNEisosBJYvhzz+kfTonL
pphxKpQ2rUKQiBF3PgW2c+lY/f98bc3+T9rVGYYefamEn4z5/aPShUgmrXuh7EsFemX5z99jPw7E
1JKXSqQIaFZLn8av70Hj2yIG5V5M/PU94exH+LH3LA7HcRzn9bjA4TiO41yJB9H4+0PjwawjhqGU
PdgY4GzZLE6wrQwLESklF++KCKrKqu8Zhp4uzC64zVuDwrpfM0Nz5kO04HwjdodqQmxaJAhDSrz6
/U801tFqQzxcAIbk4lFB38KrnvSnU4bvl+grYx4PiRYvDDLFNv4oH5bt0pPlD2csg3IsR3Q6R2YN
NDOQUAL1XDI39M9LVr9bISdCXAUspSJ+yPTK+si38avBjBnYKjN8n5HZT8QckUcRZrH669ZuNSHA
SSD/OTH8eUX6SWloCBrL5yJonU5g0ie3YjvX5Pia7jx+NyFOgFYa+lcDZ388YX5vXrr20K73L7mB
3GGnkH7/kvDSsGVAV6C90TRSfVH0XYdzIVazNmYNfHNg/IcT48f3uwvHcRznE8UFDsdxHOdKPIjG
3y4GjtuGqJmkudzohXq32cod7XpXm2q3kGunE9jcg76YqwWxAqgaKSVWq55uNiOEqbfBtrHnxhOk
pONnLV1dwrRV7DvGz3KFe+tr35KtHZZykmABsYD1wupPS0JusDPgsNxdN5XiPdpneJnIP/bYSSYM
wizOEHRSzrExFhGTYqiqZa4y7XbyXgPTaYmPELVBXkWyKYMq4aQYkqsvAAAgAElEQVSnOYzQBkxi
8QhJBq8M+4uR/mS0w4xmiNgwIDSbeVyDvoEZQQAFXQGDkW1JSB2ynMFBRKQFynlDDf1hRf7TgH1v
tH1DDJFQvV5G65FQzsYOH0gp2NlHMGFmHbpU9M9K6laE4xaZtYz2OGgDFtGXifRPZ7Spw3qBPJq5
hlpmFhCq+e05M5t3Y3yneYRfH8H/8hf4p3d+V8dxHOcu4AKH4ziO81qCwLEkvpIzgpXa+2nUadSy
jyogEKQYipqhuhE4jEkXinO8iTdHCdI1G8vVkntyjxAimvLmrcY0/z3ZGsMwELuObmyVWdxQLxrY
lYckbzJ+xvKZspUmxbIgQ8thiOgp5H8eyKEHEQI1U8ACooGYjZAbJFM6YWisSSyj0GCM3VKkBreM
2++0dH0vTNJHxKDJLffsIekkkV8lhn9aIseBECO5X5FyKudLIVqgy4dELRkPYTTnWL/hNZgwGDRa
BDmlAQL2fcaWwJ9yeXHWQNNAztjJS/IyYb3RpsiMFkkgokyv7Y2stXutvYMHzBUQg6CRtocYGjQp
q/+wpJ0lmlmLtOOfhANYRvqMvGyKea8GYoxIGNv2FgEz7Fi5mdimre+7jLUuRwL/4tj4H7pyvD5Q
Q2DHcRznE8IFDsdxHOe1fNEkvml6DjRBbIqlaA3GAjWAq7FZEyOKkXOmH3py1ioyvP/gzaxkcfR9
T5R9d8b3k1ImDwMaI6Ft3/u4rsx6wKVkIZhB2gS/VteR6QZVtFgLNzYGhJsAeYwxpWZwYHGybhE5
PvTEggbEOiLtOBPk+6JuNdYRpd2qa5I62U2Mr9Ub4nqC2rFRilEzYIhAA2cRVmUeqkskDsU8Nwsx
R6KNQpdsNItpedDe6XxYcWPcsZgQshSPVEppWUiCnIWiYtahQCao0Wk3Gdq0TKacuNGL40ONtwvw
XTvwJAY6CazchsNxHMd5DS5wOI7jOK/li1b5qhnQYUlvDSGOfWI35oclGUGITQOqDLV8RK12aPhA
wUlKmWEYaJuWdmxHug/Z5FeklEoWR9PQNfVX4YWZJR+ISaAr6yBftoLJy4t5tl/dF2iWp66rYZrU
TqqTcaZxontyXa7bF2UvU8GlihaZTcOgXH0owihmSE02mZ7cnccXtRPeO/0L1n0HZC1G1nOQa/IS
O52IzPZmJE1bDm8fn/eLasY0cWQDX3Qdjzrhn1cfZl+O4zjOp4O3iXUcx3FeyxdN4qsuE4Ngms+1
ZZVqCogITdsSYiwmoKtVbcn6ATI4atmCqjIMqZiHXrY6mzBTVUkpkVLCxrlck7gxPgzvfBPfdpbx
nfct18T6Qrkt7ByzjZkLRdEIe+YzFTcuOt77ztXr1vkwWVBlV3Z+uXjlnccf6NqqZWPztuHbA3gx
u4kCmOM4jnPTcIHDcRzHuRTBeBoGfjZTDo+OioAxMeecOC8gIoRQWrbmrPT9mMHxAQdoQk5py8z0
ChuRcylTycNQRY49Qd6NzCpwPioXJV9IIDQRiXEtdMitEm9uNiEEuq5jcXjIXx9Hvp7r6zdyHMdx
7jxeouI4juNciGDMBL5qleexZ7kS1LQaiI4Go9VfAYDM6ekrck6cLU959eqEtp2/2yD2+EVs4szy
2jBkUsrnm21cYPxpapgqqrrJ4NhaYTRSvEDkeNdAdjKnLX+NjxEf2/qfm8VNEwdG89l952Uc6663
zE2bw20mBCw09GdnfN4FPp/7PTnHcRzn9fhvC8dxHOdCgggvZpnHTabD0FKsv98ZoHoN5FxMP9Mw
1PjvQ6TW194gUsw2U64lKufEiP0Bp03GYxdlbdhFvgjOncY1jI+CZiUPidg0fNkpL9rMLOzrPuM4
juM4G1zgcBzHcS4kYnw9SzxoXp8eXiw4SvQ3DAMpZ2IMH6Y7RBUhxhvmOWXyvkyMN3k/o6g0Ji5s
OM51YpQMqzQgAg8a5YuZ8dmsiK6O4ziOcxEucDiO4zgXEoBvusTDuGMqulcAGLMqAiklcso0seFD
3PJeJ2pU34OsWrw+rrj9dtnKtP3lNZtwOo7DVGHMQ0IEniwCvzgOxOCfT8dxHOdi3IPDcRzHuZAY
4LtZ4lE0ZOqFIaUl5ujDAaXUY9ChlI3U7pkxRnJ+vfBQkiamnT823012UeQH21hkILa2lJgmYEzX
VynjLi1L6/OmtSVrWTZ6v6G7HT73cK7zZx3DreCOJ6jsPXcXsO84XXTu7Yrv+Sb7v7snSghtQ2xb
0J6z5Sn3ovHLey3/81/u7EFxHMdxroALHI7jOM5eWoFHIfOrRvksCq1NfmWM7T4nUV1WrUsmrRKW
rAgcGGK2FQCW7yc+GFvP7SQXTtNFaiAp663AxLCgnC7PCD8Gjo4OadsWkYCZnfeHNEBLl5dVHgj0
hNggUdA6TqvCichm99NhSOCC4POWBF+3ZJgfZKDyhgrPrq/LRdtftePOm+z/rnXxmfq5ZsUsoShE
4fMF/PYw0YgnHzuO4zgX4wKH4ziOs5e5KF+0maeSObCasVEt/koQsl3OERACpTxFtSgRQUrLWJNS
FGJw7u61yeU3tPeW3E/Vh6qO9DlxuloyPzygjaGoENVbY5O5AcFAtZgYgpKTggmGYEFQAaWIHIJs
5JbJOIvXyC1Olb/FQ//oXNXz4UN4Q9xBv4n1jE0hG1kMawIPA/z8IHMchdMk5Dum/TiO4zhXwwUO
x3EcZy+H0fimG2g1kbOhViSKtSCxJ/iSIKgqIQRijIAQY0QnmRe2s6lNnjvXA+WCfP6NW0ZAa4aI
SECaCLEsEgKmYwtbKyUqNtleynhpAtYEpCnijYUxg8NABB3lnHV71Zq9cvdiT8f54Oj6M1v+M1E0
CHPJfNYFns/gpwFO8jUP1HEcx7mRuMDhOI7j7OVBzPzd0Yr5oggVaw+OGtjLjsCRc6YfEifLJaus
JFUspbXnw5i9sSVi1LfQyffbyLn9bL1GESLMjCDGkJSUM0NWgjEROIpMEayIIdkGlFTzMwKtdWCR
JEY26ruy5c8RSo7HeqByVdMFx3GuhIggga3MKZNQzICisJjBb47hdysXOBzHcZz9uMDhOI7j7OWw
TXx7/4zZ4QxCg40B/TqBYTvAjyo0vYEEmtQSUiANAyHGbf+NC/a319Bx9PrYR83uMDMwQ4LQzTva
hzO6xYwQigfH+O5SMz1AERVyLlke8XBGuL+A2JSgSkL14Sg5IrKe6ShwnBd3HMd5f0gtOxOtD2IC
UWaN8HfPIv/uZOB3S1c4HMdxnPO4wOE4juOcY9YIT58s+JvfPuHhYkYnYStjYZ/AgSp51WM/CJoz
OWfykAgxcFE9x/RZu2gtkb3rMnqcGmgVONqu5ejePWbzBaFpdsQRWy9mGVVDQqCdzWgXx9DNCbHD
pGSsmJScjY3R6DoP5fzcN6N6/6zNSxzn02V6iYsaoiVLykyRmFFR7g3wDw+E//6Pv4cfXl3bWB3H
cZybiwscjuM4zjnuLyJ/9c09/v7fPKQWkBQuCbRtGNBXpxyeHpJzwnIuJSJyXg6Ytmx9HRdmS9Qs
CzMr3U+CEJpI13U0iwVhPoOm3d4pVkw2yhvXdigRsxY5vE9cHIO0QKzrCeU28uVz36zgSoTjvDNj
W6Xas7kNGcSYZ+M/Oxn47N+/Iv6/p2T1z5vjOI6zjQscjuM4zjmeP2r4+vMWugEkU1qR2KX1JYme
s3DC0KzIkiCMrVYnPVesOFrIJXFJONeVc1vg0HUrk/KPUQQODSAxkjtlNhPaDmKbJ+vuDFkEI6I0
KBBnmTibiBQ2WpmGInJ4LOU4HwcT0FC11fpDI5SfG4sQefF0zpN7Hb//YXXNA3Ucx3FuGi5wOI7j
OOf42dOWv3rRkKIiu2rEnkBfgIzS54Si5Prk6KEhlI6tIuXrVsvVS4SD0u1kW53YPJT1+41aRK7q
SSPQTNNEph4gomUBVBTFUAISlRhqCctrj5DjOB+Kzc+EWp8Vyg8MiZE47/jmxX2eP/nRBQ7HcRzn
HC5wOI7jOOf48knDd1805JDW3QzW3UP2bWDlZmvKuXwzmmTIxqJT9vWBnbBHizj/zFZ31m3zT6mN
Y82qOYdJFVU2MzCxmvleu68IGKFIMlIXmipx2ORdr4qbjzrOuyNM2qhs2jILWBB+8eU9vn56yP/2
f/xwnYN0HMdxbiAucDiO4zhbtI3w4mHgy0cBVNelICNTM9DxTqupojmvO5qUF6fB/ugIujEGHbff
9Dkp5Snn2she6MFRZI2iqEhtLRmwDKZlQQWaUQap722hdEORMhMRRVBgKItEhIgS1nOxidPnxRKG
ixuO895YK4vjN6UddB5W/OLFId88O7zW4TmO4zg3Exc4HMdxnDUhCF8+jDw/ggchIzkXIWHsELvW
LkLJbaiPX718xdnJKaigCEHG9qp1w7GGZBRExh3uaAJ5j0bwupasQig3fEWIFtAMw+mKhkgbOyCu
91PipYwQi9+oGUG0iBzDEguvkFYQIpE4EVs2eRyXldQ4jvOeGH9mhCJggiBBaGaHPH94xpOj9jVv
4DiO49xFXOBwHMdx1kQxfvG04emRES1BNixOi0Lq12naBWBqmGrJ4Nhak4lZ5zZX1gku0zcm6SQB
KW0lNRdhJY/ZJJvSmpLB0UzavOaSzYGBJiz1SBwglDQQ4eIWt282UMdxLuXcDwTZ/kiJgIKsehZB
+eJhw7efL/i//7hEvZuK4ziOU3GBw3Ecx1kTg/C3Xwae3ds4YuwUmuxFbNP6dczb2GReXBz4v3NY
IpOsknFPZogZqGFqYyXKZF9hXS4jGFZNUFUVcoI0QPu2LV9d5HCcN+Z1HzXZ/qaJwrMHc3754pj/
789LVC/c0nEcx7ljhNev4jiO49wVohh/+6Xw7P74zGt+TVgxzRjFBbFSKvK6spIPhpU6/TKsSdR0
UQA1HaYamjKaM/gdYce5eYigMSIx8vThnF+9OCIG/1PWcRzH2eC/FRzHcZw1IcBXj5X7B6NLJ7Bb
pjEtT6lCgNmuO2jhY8ocNkm6MPaPp6CYGIiyvZJhqIscjnOjCGBl0aSsfvwBzYnHxx1/9fmc4ElT
juM4zgQvUXEcx3EAOJoLv3oe+ezYmLcZJECQrSasG3Gj1HyYKv3ZGbkfSmmIbPwuxrawMunC8kFj
EdvkbJgZq9USFTicdZtV6leRcd3zIoaZgSoWbasl7RUH8RYDfx0ewTl3nbHVdKRrZwQin92b85uv
73O8aFgNSnZB0nEcx8EFDsdxHKfy8DDwD9823D8QYjAgg4VqVzHJ4lj7dhYhIPdDyXiYxBfr/ikC
YjJ94YOxm7WRUsKGnsNJ6xaRK0oQ58Z5lYG/rW/HGw3Ece4oggjEpnRPOZw3fPHogGeP5pycJV6t
8jWPz3Ecx7kJeImK4ziOA8CDA/jPv205nAVq/QlI5sLAvZaoyPpl2xh9XkNcPvpulOqTsYPKhq0M
lAuYZmyIiwuOc2MRERbzll+9uMfRwu/XOY7jOAUXOBzHcRwADmeB7z5rmLddMeMICnGfV8WIrf8b
zUaDSDEZ/diDH8djY+HJFQxGdxhNUh3HuR0czRv+q18/4fG9+XUPxXEcx7khuOTtOI7j0Dbw2XHg
t191LFqtbVRzifqtlKcYbLVlhdo1hU2+w+3XBwwhI/RAT5ldw6Qux3Gcm4DAYhb5u2/vc/+gve7R
OI7jODcEFzgcx3EcHh4ILx4FHh9GggWwCNTMjWnL1zHOF0HVSH1i6BOatZiRVoVjKgWMWRVvJw/I
lTaUUX2puRvrUhk1Ut8TuwYJYVOmcmGqhiEk0CVYU8Qd2ekicyEfSt65LbKRC0DOW/Km6mi91OZt
4FdfHvHwuKWJQsq35bPiOI7jfChc4HAcx3H44mHgmycNIFXcqBgQMojWXiojgmZjtepZLfv61GQN
2x/uvnkIbJhcvJXsfC8IKiUBpQgcyursjHk8IIpALZ8xG4Ubwbbe3sAy6BnkKm5Iy/VVdN6mgM0F
DucdeIvLp22E54/mPHs043jR8P3J8P7H5TiO49wq3IPDcRzH4fmDhu+etiV7A1jnQKxTIS5HKL9Q
wkeMx0fPjN1kjDB5zszo+57UD2jWC94psP51aAaaIa8gL0EHbpfI4Dh3DeU3Xx7z7bOD6x6I4ziO
cwNwgcNxHMfh+cOGb5+2VanIEHoIq/KVxLkgv5qKrsUFs015ygXZGx+Tcf9mSuoHhn5A9XVtJMfs
k9L+dr04jnOj+e6LQ54/Wlz3MBzHcZwbgAscjuM4dxjBOOgCLx41vHg4lqYoyABxhYV+0ip2Bxtb
sW48Nq6Y8PHRMANTJaWBlBKqWkpTpBb9b6V/lLnUjrdYzpjq+nnHcW4m3z474PkTFzgcx3EcFzgc
x3HuNCLCswcNXz5seHwUWEf3kkEShAETKz4V0xhfDVPFTLeEjZskbqyzOICcMmlI5KylBe76FZvo
F8ZG5DDMFMuZdWqK4zg3kq+eHPD84Zy2uUk/gRzHcZzrwE1GHcdx7jBBhF99ecAXj9piwqlr84oS
4FPCfRldNgxQ0GFAq6+FmJwTNm6K2CFmmBmqimkVMETAUsnVGKdbl3WbFatGpLUU51yXh/Xk9piA
vN8ZsOOC6jjODo+OOr54OOfR0Yw//Lh0TdJxHOcO4xkcjuM4dxgJ8M2jzOMjIUgNpi3sWba3yzkx
DANZSwbHVM34WOKGUYd7xQ6upoqm4qux6xMyzUAJ6ze3IviYnZu/4zg3BxF48eSAv//2ATG4IOg4
jnOXcYHDcRznDhMEfvmi4fP7Umwpxjax1talQQjs5miklBnSgJpWgWHaQPbjsas72GTZet6MnDM5
JSzlvaLFtCvLmMixtRMZM0Bse6Nze3Y1xHE+Np8/nPObr+8TXOBwHMe507jA4TiOc0eJAQ5nwi9e
RB7fM0wzJWKPQAvWAQ1i4VzGQ86ZlHMp8xBZv/hBqzUuYS0tTDI6xsdSszE0KzmlInLsyWHf3/2l
1uSMe5DzpqPFo8QFDse5Tp7en/HLF0clE81xHMe5s7jA4TiOc0dZdMI3nwmfHw90tmToV/WVaZlK
ZKvopIoZVr0tTKSICpP3vRaRY6dU5VzZihU/DtTIQ0LNxn4pl7znKG4kYKhfFayKHKJsxA/Hca6T
z+7P+OXzY8/gcBzHueO4wOE4jnNHOZwJP3/WMkeJsznN0VHVMkobVZFQylNGE9HqY9GfLclpANi+
Wypc3RPjAzHdvwDBaoGNla4vOWdyzqC2KUeZlKWM35ftFdEVDD+BnoL1Vdy4jLWLh3Mj2M2seV/L
beETn3sdkmYjAg+PWn77swccH7TXPTLHcRznmvC/whzHce4o9xbCf/pl4LgLkDJ5GHYifEEm7htm
hg6JYbUi58xWJrjcuNBnjQhghqmhmtGUNgIHk/yUc54chliCdAr5DHTYCBx7Yz2/c3wz+YQD/Nfy
iQscFQmR2DYcH7T86qtjjubeJNBxHOeu4gKH4zjOHeXBAv7h64b7ixYbBvLybFN2IcZWr8WavZGG
gX4YUN3OZLjOcOh1+5aqxJgZlpU8mozC5QM0wDJoD2kFWktULsVFDsf52EgTCU3kYN7y118dc7Rw
gcNxHOeu4gKH4zjOHeV4Hvjtl5HFLNJ1c+azOUXcmHhLTNQCzcYwDAx9vyVwbHlf7Fk+NCaXL+v1
TFHNpLzfZLSsdP6xZoWcitiB8cn6btzsm/SOczFB0JyZS+K//OVjHh521z0ix3Ec55pwidtxHOcO
8vAw8uJh5HgeaELx20CkZDbYnihXFasdSNZeFZOX10LCDQ2OSxaHgdZlq02s1TqWTfuVuvYa04yk
DJJLk5nrahfjOM45rE9IbDh8cI+fD4FHxx1dG+mHfN1DcxzHcT4ynsHhOI5zB/n8XuCbzzq6Lpau
A1sCxU7wXstTNGcs6bnSldtw17/IF8UoRFWxtZhRBY/p48my/q+alJ4TSCbLDT8EzpRqpLte7iJj
J6S1qHmLMUVM6SI8uTfj+eMF991o1HEc507iAofjOM4d5MWjhl980RJjLNkbyP7MjdGqwlgH9lNT
zqlJ561JalDdCBtq666v5xUKw0wxm4g6NhU36vG4SstZ52awK2yMS7hjfw7tCBo2Pre73BJEQDQT
cmLRRb57dsTnD+fXPSzHcRznGrhjv9Edx3EcgG+eNvzNVzMkxE1pykVB+ihkjLFgabx6K+00RyHG
+gFLuVanXDR/q6rNRYaktyB1ZcotCljfK7tCRoybrzFC03z6Asc+QSdGpGmQGJEQPplMFgH+5mcP
+Pbzw+seiuM4jnMNuAeH4zjOHeT5Q+G7Z/XBNEPhEtlCLn31drHqV0gMtDFAbLCcQCiB3l5ugZgx
TaGxT+VMvQfGa1ukZO9MA/nxe7OJ0PcJsjuvcb7Tx6//EXA7EPji0YLHx7PrHonjOI5zDbjA4TiO
c4cQgacPAk8fwNHcIF8hFX0aB72uS+otIQ2J3CYa7RCKL4cE2bIi2dYIxmyOscuMcDOTIC+IUsUw
EoJu6osY28zE+vVTkrAuwrA0YGPL3zpdEUFipJzT0XD3UzwWRh6WmOWtMx1CREJTRY+AVfHjdh2B
TcbV158vePH4gK4N9MMn8kPLcRzHuRIucDiO49whROCXzwOfP6BmblxtIzMjJ91qD3ul/b3VKHcY
PUD3jVV21tv3+u7zApozmou/hphum02ei/OLx4aQgVSW9d3vcG4YNxJRjDNUl5gOoBmxgNAhskDi
nHVwPwofayHktrPpjgMZdImlV1herQN9aRri4gCkBekwWkxi6RZ0q4WO3Q9IxvQUTWegpV2ySIB2
TuwWIA1Gg0kEC5Otb8ExECgtnJXPHzR8/fmMp/dn/NOfzz7ZxBzHcRznPC5wOI7j3CEC8LfPI8/v
RSQH1Iwgr1EJFNJqoF+tSqaDlG4kthM1CPJBchpkq6XrDhc8r5e9bpBrV5jRbDTO5/X7vBE4tuZn
oAPoCnT0MWgYxQCBGxoDSu3pm4BX9OmP9Gc/IP0ZkiJtfEA7f0o8fFKC+3VmimyEpVstcuyeFEXk
DLHvycu/kNIZIQjN/ADmDyAcYXKEEjAiYSvIv43sfrYTTbNE019I/QmWMqGZIfEI7BjkAJV5OeMi
iAliNzFTqbKbZYWWVs4iPH/S8vff3eef/7Iku8LhOI5zZ3CBw3Ec5w4hAj972PHkoK02oVf4w1+V
nBM5Z3LONE1zcUbFLUFCmYDlSevXnQmthRwo2S46YBoRi8ANr+8XhXVgWgI/YwB6gixLkC+RwJzA
CujL+hL4dMwY9iAlABYZEFkS5ZQgRjCFFKEJEDpkDPI/KayWV5VMJJEVQVZEGQhq5ekoCA22JXbd
NgxBeXgkfPl49ql4pzqO4zhXxAUOx3GcO0IIwqITfvGs5cnRxlDRJgaj54IBMyxlNCVySpjq2svy
NgeAYV12kwlNRlT3x3LrSo2MWUA0lyyPc6ajNzGKGlMwJlkZSC27UARDZABZgfRAS/mzYCdz5VOi
eo0YJRHHpJQ0YCsYziAsECnndzxinw7jddBgxJqlkRCppWpZQGdIOCIQMItXF0FvFOWz+exByy+/
nNcMtds2B8dxHOdtuY3SvOM4jvMWzBp49qDhqyeR+weC1T/6N6H6bqeF8kVzRlNeixufRtAnqGoR
bXIu3TWmaexj4w1ApHhwqBmmWrI+zpXN3ESDTpl8jWANWFu+EutLVeAIfS1jmYo3n2JQWE00aVAi
RiifA8vYsII8+pPUa/1TK22wCNZhzFBaDMXCgNkZpqeQl4gaopFgkZt3Tb+Ozfl6cq/jF88PWHSB
EG7bPBzHcZy3xQUOx3GcO8LxIvJ3X885nsVSfnEVDDSnYi5qtdvEJ5DzbVpMRrNmzKxksUwWozxn
0yDfDB29O9RungZgu50/Jp1STMBaxDqwroocYCRMViBLoGdb4PgEEanZCy0qLYpgYqhlNK+w1BeR
wxSRT03oqUKXzDGZY9JgwTBJGCssLyGdQU5VyLxtfyKOXVQKh/PIs4cLnj2cM2tu21wcx3Gct8V/
4juO49wRDjv49bPAvDFQIVzhV4CZ0Q8DOWWgeFeYGWIQkK3lJskem4KM/Qu68d9QuySINao/x/jY
QBUbBQ4o3hUqNyQOHkUOXbfMLM9FhBlRDmiaQ2LoEAkYPaYnMPwI7GRxiHJDJvUeEUxaLM6J7SHS
dhAEYyDlM2w4hdSXjJ5P8k+kgEoLcUFoF1iIGBmzAbMV5L6UYI2ZK7fm9O98hk0Qidw/mPGvf/OY
h8fttY3McRzH+bh8ir+9HcdxnD0cLwK//XrOvIlvFLjklEs7VRFEAmol8N0rHNwgLhU4jJKpobad
kcEmm8MmZShS1x+3YRRFbLq362b3LIz1ROXOvdARwoImLAjS1rT9hOorNL0sPhTkasQ5ihufUgYD
gCChReKc0M4JTQsBlIxav8niSLm04vmUpj5eGxKR2CLNjNC0xZLTMqoJy8O6TIfLhL9bgEjg8KDj
N18/4GjhAofjOM5dwU1GHcdx7gBNhEdHDX/z5YLD2ViGkK+0bc655AEEqeacin0CXhwG65ITzUoM
ggUp1RzrG9hWhJ3JNjYVN0b/wqmP4bUfmMkArD42qQLHDIsziC1KQBnI2iO5RfIKiVXgIFCyQCYt
Yz8JBKRB4gxhTtAGM8E0g2RMBywnJKciel35XL6m1fJNIgSEBqEFa7EhlM+zKaYZyUPxZAkzal1a
3XD6KeCS566bMiYJgcODGb/56pijmf+56ziOc1fwn/iO4zh3gONF4MXjyF89jbTWEhgwdP/KtcMI
1YEi1wyHGEohSklgKK/dZj8OM0U1k1NG00CIAiFeceuxBOSmITvfjyUrAaRFZF6zF2ZkQhF3rCen
hhCWpatKLG1lCTXJ8yZO8y0xQknMqK1gsRZTwXIupRok0AE0lSVE9rQWql+ngf9F69wsTMBCuc6D
tKjNsNxiKZXjEBTLKyQuwWYQGs7naE3nf9OEncmYQuTwIOYM08kAACAASURBVPCffHPI/YOITIRL
x3Ec59PFS1Qcx3HuAJ8/CHz3rKHtOtZlGJdQjDfL9xICUrsQaDXlRG63uDHFzMhZi5FqDdL2zUxQ
hFx8KiQBA5BAMlwkFl0b46/30XhRN89LC2GOSEsMLYFYOsoMSzQvwXoI+QZkonwIqthjDUE6Qjgg
xEMkzFENqGXMeshL0BUlUyeUBThfsjNtwXubKKU6IS4I8RCkQ81Q60HOgFOwJZv0pNswvx2TXTWC
Gcfzhp89OeDx0ez6huY4juN8NDyDw3Ec5w7w/EHLzz9rsX6JaHq9gaTB0A/0Z0tQ3bIQvdXCxija
yKbcRFXRlDBt17YVJutEd8RK/UnJWRkQDPS0rBSYZHJMrU1vCGJgWrMQarmBRJAOYYbYvPqLRLIt
keYVoS0dNiYHaTtZ5Raf/2KOGzBimTv3QXqUmsFhitkZcAIclywGQi3VqUKRjN4ro1gimze/4Z4l
YhAMyrg7RI6x0CNhCTKgtkT1J0JukVDMSNfznJrW3kim9WKFIML8aM53L474/P/8gT+9XF3b6BzH
cZyPg2dwOI7j3AGeP2j4+WctpBVCQmT04diPYaQ0cHZ6us72+BTSuzfJ9kWyMbPSLjZnTLW2x9wp
PjBBsEn2Rg/5FOwMWLLJ5LhJWRzTIFQpfivj+IrAAXPEFgSbIzSorjA9BVYghknAZM+fCbf8QihB
fkCsQ+yYwAOC3AdmxY+DFcYrsFdgeVPiM248bUdqF5Vv3FSkeMhaRKxFOCTIASHMQASlR/Ulln/C
tM7/nKBxE22Fp5/YsP4qsaHpGn715T2+fLK4vuE5juM4Hw0XOBzHcT5xQhC+uBf47lEgNoH/n703
bXIkOdI0HzVzxxVHZmTlnVXFKt5sNtndIrPS0iuy/3j/xazIyvTO7szO7k5fnO4eTjWrSNaRR0QA
cDdT3Q9mBjgQiMisqsjMQNAeCioSCIe7ubkDDH1N9VXxb5BSfyFOu9kr02/EdmVBbgFrmspTNPuK
ACuh4yJJLFDrsLhMfg1WxIObMD/FALX4bwyzCsr4PDDCbIzZCMzjzBA6kCXQsVoJt5sWyF4Tllrn
whhxBzg/w7kRJoISMFtkAavPwtVl13ff5kdyyU3qrAMjcDOcn+CcR4lEWxJ1gekyl1/FQfbGTWaY
USPJQ8Y7iIFf/uCQjx/O3vcAK5VKpfIOqCUqlUqlcst5dtLw8QeOe0cxB3WDNqe7vBGLG19plSL7
sjr9XbDU9jZELOo6jnOCrExISEHhKkPDsKiYRHDKriSH98PW9bFdgXcObG2EMs4ZGhFch5hLIgcx
CTyrDiq37bqXi1yMVD3iG3w7wkKfttAIcQltlzJ2pNnyWtknUWMXWQxwLdgY8RO8n2AxYApKQKzD
uQ5o8+MyYfQGih8mWB+wrgczntw/4P7dyfseVaVSqVTeATfmz7JKpVKpXD8iSeC4d2g4F/K3fvYU
uCxGK7GKGaIDMWTf2Trf4iVippjqZiBvF/6xTsy3tXeHxQgasyD0Ngd/XZQU/hEmLYrP3iKaSpcI
uSzDbmTc+v0phqs5I8MEaBA3ovFjnGty6VJEdUEq11mC9GyW+Qz3t4cTVTI4rAHGiExyFkeL4NP9
bbkcy/XZVLdksQzNPIcGtjcMM8QMAY6nDU/uTXl6b4LcyO5HlUqlUrkuqsBRqVQqt5xPHwj3jzS1
wHR2hUlkTut2QlQlhtwxRfcleP8uSE5oUUIIhL4fCDyDB7ayXkgPy8JIhG1x5KYjHnMjzI3AeSwb
kAoKVtqkZuHmVl54HWRjJNPV1FFmhJPUFtUIRF2iNk9dRWSZg/xtMWNgPLpXc5VLdGwEjBA3w/kZ
3k0Rl5J7zXpUz4B5EniKb08xWDVhLXrcpHPPLjsiiDhEHK2Dpycjfvz0kP3PvqlUKpXKVVSBo1Kp
VG4xIvCLZ8LTE8MRs19EDu62dQsR8B6co+86FvN5ylLIbWU3HjcqoPn2DBdxRQQ1Y7lYsDyfX8zk
sNyJpJT25IwWsSxsaBGB9mFOBMOhrgVfHimoFxEkBOgWELu1v8itWvEuClXMAXvOZHAtIqPUOUQE
tYDqEo2nqJ2BLAYCx4CieN0YD5Y3pWRwtCBj8DOkOaJpZjhpc2XSktA9T+fPgvS9MaSUuV3lUfI+
KLlWuaRGHJjx6O6En354Z7+7QFUqlUrltVQPjkqlUrnFiMGPHjc8vispcSOGnFEuOZNj+Md+DtRj
JHY9MYQcuN/OgGBT5Ni9jZFS3Nfuoxc2WFmV7A0iiBOkbRHGWBhh1iIaMDUsBqSfA1NwqYRjz87w
coZihGjyVsEBDbgR3rXglsTYo7bE4hk+pkwXJx7E58yH8j64eRkMb0IxG3VZxGqT2GGpRMVJRCXQ
xzPQcSrfkUkW8Yp4MEx1usFk4fHR3Qk/fnqY2jxXKpVK5dZSMzgqlUrlljIdCZ8+anh813MwGSHi
UwkCIa9gb5tSAqpoCMQQ0LhnpRevY8epXNoDIyseVxTz5KqEfcncGJCrE6TxSNPi3BhhhDDC1GEh
QDgHXYD13PgA9lszFCRKsO7Bt4hvEecQUdR6Qjwn6DlqpaNICfB37WufKF12/ErYwJr0PP9paBaI
OifEfP5DD47VLvbn3B/dnfCzZ0dMRw3O3RLBrlKpVCoXqAJHpVKp3FJmY+FnHzacHDha5xDzA8PQ
HYGJpdV7zeKG3TbvjR0xzYZX4sbUCFfIHwhFADHWbWLLjq4R2zWO7ev3LVuV5rIK8Q7nR4ibIjJN
Qa4KFgOEM4jnWeC4oSaS35syZyWDo02lKs6nzjgSUF0Q4xzVJabDEpXBjSNXfKZuHMPxllaxnnWn
lAbDYWKYBMyWxHiOxiVmYb2P4f6+1XkLFz9b3/N+fkMOpw3PPpjx7P6Mceuvff+VSqVSuRlUgaNS
qVRuKbMx/PSp52AsORAHtKTY+43SEwFQQ/tI7EPqKrLizQKYfQjvhgwrb9JidPHYeLP3p24MqZ0m
2gM7PBq+9wBz8E3DqixAtoPUq8WYtK8ytNJZwhAcIhO8O8S5I4w2774HPYdwCppX7jdi0D1f/Zbs
y0B5FD+KCcgkZXF4wXkFlpguU4AfQ74/1nNtovmxL4as26aog3tMkvFsdB4VMImIdFico2GOxo7V
vbDBjntvp+YzzBppcpnPro2HHhrXh2AcTj1/8cN7HE1rhXalUqncVuo3fKVSqdxSjqeO/+nHDUdT
TcG4CtgoBWgCeEvdYku87ATXQFyk7I0iekjusgHDEER2GI3e/MB3LWpsBU+WfqnR6Jc9jZMUAwOr
DAYhd2bIr1hciQG6COl3o5a0In4duBwItvlpx7pVqbEO0PNALXcF2YUN/6E4JY9zAnKEuIjZKcoC
s4CYIjYB63JQP5gv4c19WW7QLZGGXLIWXB5aFjhsBDoDlhgvkzUFPajgrMfFgJMsCGTvmnTLpI4s
ks1b96JiQ/L94xyrTjK0mJsQ2hmRV6gBEnASQFvou1Te1tigVMdySctAaBveJ7vmwopgJ6w62QzF
FnN5n1xPZszAXEeAw4njLz894v/8xy/5w3ffa6VSqVRuMDWDo1KpVG4pR1PPv/vhlKOpse6AkFdP
cQiyFjcgdUcJEQ1ppdqJrDsObMUZ+95FZRdmEFXp+y75UOi2R0kJ4oooZIiGJALoMpeqvI15Kddg
u45mcFEsZyWI7E7o2K4I0EGbUJkgboKKQ1FUOlTmGOdAl95w2f5ukIDxOqSUHq3MNUv2Rg66bZwe
uUwDUuchZz2OwKa4lExKTTR/FmxtXnnZZbopD8jnMeh8Ih5khPMTpB3nzjrgLNBYh9MlhEV6WBxk
sricDZNvhsvuudUL2e+EtdfHhUkrAky5XteGcTzz/M+//IA7h3V9r1KpVG4r9Ru+UqlUbiEHY8ej
E8+ze55WBXTYxrGsQg/CBwNTJfQ9sV8LHHtnoPk9MIwYY56DJplNNjtS7zfiOE2L0DRvoTtDKSfI
pS8rY9gSlDIIWMuT9LgqwUKGXTAke080LdYIhmLSow5ggZMuZ3fY1h5s+PTt6DpvATEwEcTyoGUY
SJfSrSb71UgSOKTDSQfSgZRSpHV5hayyD2DdZeQGsxJ68v2FgAkiDc6P8UwwG4N5nCnOeuAc01OI
U/Bjkl9H+h4xbJApsXkjyK5nqyyPHT4c5XqsRJPrZTby/OLDQ+7MWryDeFvtZSqVSuVPmCpwVCqV
yi3k8b2GHz8ZI2gOI8rKfkk/4GLZvBp93xNiWqEVWGefX+CGB3HfAVPDiIQeQt/g2gZ/WaLjOzl9
y+JGzgyRoZlpHkSO023Dl2MgcOwaZw5whVxe4B04j7QOFUMtIhIxWYL0OIlEsdVtw0ZAe/lhdh/3
PZIHKSsPjWFKQ55Xy2VB2iLWYKTsDZElyAJkSSoZSvPnVmLB4HGT2SgvKjdP/icOkRGNm4KMUdo8
VwGzM4wXqE5xdjdf/1Liku+/4TEKG9dc03tWItA66yO9vQh4RUAq5SrXl2zceLg3c9w7bJmOGk4X
4fVvqlQqlcpeUUtUKpVK5Rby8QcNv/poTNu0KROjBBNO0+OCWYBhqsSYSllEBLkibL3+bIX3y8pu
0sDMCCF1kyEWU8ULOf6J1ar9W5gPyen60ufMge0SmLQCbxI3hZDXYDmYXZe1pIeIQ6QB8SguSWO2
+b7L9m5y8XHxfN7vY/f4SmZM8aJwWcAYg44R9YhJMqAlAjmDwwKopjIlKxkh7/8cX/uAgTixUnxY
iVbSIDLFuQPEzTDJmRoo0Tp6m2Pyfcx0c0aS5HbVq/0MhCYX1vf7NZuaCOC841ef3OEHD2fXuu9K
pVKp3AxqBkelUqncQk4O4emdmNq+ao5vxHLnj/KCrSUMM8ySwGG2dtiQrZX61ea84ar9PpJFDlMF
0xwQbosYg+c55V5jQGJAmtF6lbpMksl3CNZ2mieskSRUicR0LAVTwUyuvjhGEq9WpRkp4nc2Ah1h
GhBpEFqIDguKJFfSQawsl41q51m875tlYwz5eokYkr0oxAs0LcQJEg7w4RAhokGgA42K9B3SdOD7
VNaDzz4t6f4wS2Vg1xmSXyUyfnu27iVL2RKp+kgRNcQJ4sb45hBsTgivUOmBJp2qBUwUcemeW31P
XFLKtnnLD8pQVs91UAZn69fKZ+6adUMDNER+8uyYJx885//77cvrPUClUqlU3jtV4KhUKpVbRuOF
x3eEj+4Zy8Wc1kk2DAVxlgIKAVfi9vzDtAT1lgM3S++x9x6fvj9W2Rvbrw8nxVYGreYjzg8NJ4vY
sIquv+NAtq6AlMyDkNp5GpQ8FMFdfZhhp4qSmWCGj4Kox6LH4cA3iCpiPcJycyjbHi6v4cZUbggk
g8uUlWD0SeQQl182BI8wQazDxYCFHgsK/RxpRzAZZRPOQdYHW9f5OrxrNu6bN9z+jQ+7474UBdEk
aroWJyNE2ySKmkNQzHqQJbgFyYcDVqag+bEhalw6/AtpJazncjur4xrJwuVPnhzw9GR8/fuvVCqV
ynunChyVSqVyyziawg8etHzysOHs9Aw/mSDZtM9yBofbCC5YZy3ELHCYre06blc1yhuxEnV2ZbCs
F+03plBVsZjKWrwfRpvfNbov12h7P5qDyg6zOaoLHArRs+4McgkmYA4jbZuqE3qwOU6XSOwhat6D
YboAfQmu3xjXpfH7jkPnZKGbgRRvh+If0SGiaV60hdiDnYN1OeMpbW+qRD1P5zJyGBGk+EOULJh0
kmXurmnAb77paw85qM2R4atl7JbvD0V0gdOeRiOCJRGNHmOO2HNSeUnLylNDclcWe00GiwiIIOJT
KZC1WWwTksnr8HzfXhX1jx5NeXoywTshbndLqlQqlcpeUwWOSqVSuWX8+KHj6YlnPG5p3DGmiimU
ghSR7RXSLHeYoZayEW6bx8a34VtlrAxEjqiKxggx4FxzaXnPG7MywxyKFpb8C1zArCPEV4T4AgsL
WHa4EC8tF0gIkjM4BI9ThzMQ6UBeIjZP/hLmQebE8y+I8z+CH5W3pxFdUbq0vYB/E5I31uPyg4Da
EBbJRFTBac5IYEnqmELazqd0JxeXqM1h/hLrG1SEmM/QafLpEAC9vjIVyZlX14INr8Z6RjSbq4gI
zmXjWe0RXeDtHHGK0eCJQIecnmI0KC3GKH2vSASSGHLZyZsI6hr87BBpZog7wMkh2DiJSyWraNXS
Wrju1B8RR9O23J0d8ODBESdHY758sbjWY1QqlUrl/VIFjkqlUrll/PlHDR/eVWLX5ZKTS2r5VzHO
IChRQ/T6a9/3kqFlwWvjLEOIiHZYXKRWmq5JGQPfK0jb6iQhMf1bBLOI2oIQT9H+Ja2G1Nb0iosn
ZZ94BJdW0gEsgiyAjhRgptV4V2QxaxiusIvsmJjc4vONKhTeA2lcZT49oIgsEAupJCvmP4kkG/GS
TDcRn8QqiYgpxgIslXiVnA2HJKHIcnbLtbRXlpRwci2fxR1igQxKSqwINVn80ZhEDrr8/aGshAdN
HhnOWowx4Fkbteql47WcOdR3S9AlziteHA6H0CKldMiu7aR3IoDFnmd3R/ziozv8+ypwVCqVyq2i
ChyVSqVyy/jxo4ZHx5LMIVlnbhRSKGPrzg8KGiMxBLBST7+m+GPeGB+Ft44RNRJDxMWAb9rLNy1e
FBJxdKnsQwEtJiebZUDr5fg3DeC2vAo2DEQVtUDUJapzRhhOFH9h31vPRbJPRw4mjWyQmTqEiFgu
JehwpZNFzJ1FcKy7u2SBo5yT6c7D3SxKAJ3Pw4bdPIqoMTCm8Z7UCzYLfxoRCxgKTpKnDWk+RV0u
abmeKZCB18k17O2Sl9O5GZJFnCJaRdK8FBNQTc8lz4EIWMj+JT7vI313XDZiRTAcMRomLpnauim4
[...]
1WpYLBacOHECl112mUfLddi9ezd3J3Pt2rUuQRmHqKgo/OIXv8CTTz4Ju92O06dPo7m5ecwsivLy
cigUCjz66KMIDh7JJFOpVFCp+Fmau3bt4u5k3n333W6DGwCbKXPjjTfi7bffRnd3N4qKipCXlzep
z0vI+ai2ttajYF1QUBByc3NdpgcGBuKvf/0rAEAqlbo8DwCXXHIJjhw5gubmZuj1etTU1LjdtziE
hYXh4Ycfhp8fv16cn58fNm/ejNdeew06nQ4AG2BwVzPhiiuuwLFjx9Df3w+TyYTq6mqPaytMRlJS
EuLi4tDS0gK73Y6jR4+OuS8rKytDf38/ADbjxLGPPtf8/f25wIZjOzp44/tsbGzk/p2fn+92Xy2T
ybBu3TqX6aP5+fnhN7/5jdugvEwmw/XXX4+///3vAICKigqYTKZxs2LGGsoiEAiwZcsWVFdXo6Gh
AQzD4MiRIy7r7s3j1tn47Uzm+Ld7927u38uWLcOVV17pdpkZGRm4/fbb8corr4z5vjNlTt1msNkZ
XoABYLM1fKT8OE+Iwhc3jSrI+MqooqTORt+pvvJi9+Nwrxg1vbqln/f4m4JGVLeOTAtXyvHML9by
ghsO6/LiccdlI0MFDha1oL1v0GU+d0a3FA0Lknv0uslYnROHx25d6nLh7rAmN44XVDGarZPuBvLt
mWbUtPK34WuPXOa2UKpQKMBVy5J5AaWZdi62kTtfn2p02W4v/Ho9L7jhEKLwxf/9kp9Zc6i4Fadr
uiZ8n7/cewmefXAdkqOVkEpECPKXUXCDkHMsNTWVS121Wq3cHR+dTsel0kokEtx5550eXcxkZ2eP
exIlkUiwYsUK7vHocdYT6ejo4FLIhULhmCeJDtHR0Vi0aBH3ePT46dHuuOMO3smdO62trWhoaADA
1iSZ6OJn8eLF3LCe0tLSceclZLYoLCzE9u3bJ/zPMQzOHalUOuYFmoPz0IHW1tZx542Pj3cJbjiM
rjGUn5/vdj6hUMgLWDqGH5wNa9eu5f596NAhl1oGDs77LefXnGvOQyUMBoPL89P9PhmnG8w2G79e
4WRlZGSMm3GYkpLCravdbkdnZ+eY88bGxo5bp0MgEOCSS0ZKARQV8a8Jz8Zxy9u/HcCz419bWxua
mthSBgKBAJs3bx53/rGykmbanMrgOFDYjIYOLW/ajWvT3c576/osvLuvnHt8tKwNJfW93F1zZxHB
/J3t6ParDuWN/HoEPlJ+kZr9p5t5j69fnQ5/37H/uC/OjMbbX5VxjwtrexAdOnFXldH1G0YHPM6V
eZFB6NeNXChPdj0OFfGLCuUkh3u1UOr5YLrbyJ3RNViWZkYhMyF0jLmBFQtiEBuuQGvPSDT/YFEL
8tPGrnCdm6LCIzddNO11JWQuy83NHTNzwNlEQ0C2bt2K0tJS9PX1oaqqCsePH0dFRQV3Anvttde6
3MEZy3jF1Rycx5o77l56OmyjqmokIy0lJQUBARMf03Jzc7m0Z3cF2Rzi4+Mxf/7ENYSqq0eG/Mnl
chw4cGDC10gkElitVo9OMgkhI4KCgrh/jy7mOxn+/vw6buNdyDlflLm7kPeW/Px87Nq1C4ODg9Bq
tSguLnbJdlGr1SgrY8/lw8PDkZmZedbWZyLOhVvl8qnd/Bzv+3S+ID9x4gRUKhU2bNhwVgq9AkBI
SAgX2Bjvb2uyxzWdTgeNRsMde8/mcWs8k/nteHr8cwRqADazc7JDTM8XcyrA8eYX/DsrC5PCkJfi
/iJtTU4cIoL9eNkZ7+wrw99/7toSZ00uPzX4yXePIUThi60rUxEa6Au1bpitFfEmv1bERaNakTp3
mwCAF3afwQu7+VXqx+Ppxe/ogIzeaIFm0OiVwpXudPQN4WRVJ8ob+1DT1g/NoBGDBjPKRxWgNFkm
F811DJtwWLlwcq2gzidnaxu546hF4jD673A0oVCApZlRvADH6L/V0dbkxrnNPCKEeM7RBm66ZDIZ
7rzzTvzjH/8AwzDYsWMHN2Y2PT19wuJkkxUWNnIjwGq1YnBw0OO7PO3t7dy/3bWsc8d5nLZarYbR
aHQ7pt55vcbT1TUSVHYUEvXU0NCQx/MScj674YYbPBoqMFlarRZdXV3Q6/VcwUSH6dzVHx1EHS+o
6vzcdDMJxiORSLBq1Squ5sfBgwddAhxHjx7lMhvWrl07ZmvWc8F5/+XJRTowue8zMjISGzduxNdf
fw2GYfDpp59i//79WLJkCXJzc5GSkuLVGkbOgZPpfs8hISG8IqzOAY6zedxyNp3fjqfHv7a2kRqU
k22xez6ZMwGOTvUQdowq8rkkPQrHytvGeAWwbH40Pj48cmLz+ufF+NOdy12yKpKjlXj0lqX42za2
sJrFaseD//cNHvy/b8Zc9s3rMpGdxB9j16OdeuQaAEyWiTtyAGyRx8+O1fGmnazq9OrwDYYBvj7V
gH98eMpt1xZvGD00yN3QlPPZudhG7oyuwRIWOHGUPlzJn6d7jAKihJDzkyNY8t1333F3ehzFQr19
Qj26IrzRaPQ4wOF8gj1WKvpoo+fT6/XTKho4nbvI52u6LiEzxW63o6ioCGfOnEF5eflZzZg4H61c
uRJffPEF7HY7qqqq0NXVhYgI9uaqzWbjiovKZLJz3hrWmclkQk/PyI3DseqATPf7vPrqq+Hn54e9
e/fCZDJBr9fjwIEDOHDgABQKBZYuXYr169dDoVBM6/N4m0AggI+PD3dzwDnb5Wwdt2bit+P8WUZn
Rc0mcybA8eGBKl4hUAB4fW8xXt/r+fjgAb0Jnx2rw83rXNPHnrz3EvhIxfjvt4/yipi6c/lF8/Dy
b1yLuQX48ovfJEYGItSDi08AkElEWJY1fvV7h1XZsXj6gxO8aR9+V+m1AIdOb8K9/+8rfHSwauKZ
p0E46qScwfjb/XxyrraRO6OvZTy5thk9y0zeYSCETI1Go+E9ttvtqKioGHfs8VSMvpN0truKeHt/
5Dzu+dZbb+WNvSaEeK6qqgrvvfceenvHz/q8kAUFBSE/Px8nT54EwNZbuOGGGwCwNYocxTyXLVs2
bpvrs62+vp5XIyQjI8NlHm98n0KhEBs3bsSKFStQUFCAgoIC1NXVwW63Q6fTYd++fTh8+DBuu+02
LF68eMrvczY4b5/pHtcmOm7N1G/H+TN6MnTnfDUnAhx2N8VFp+qVPUVuAxwioQBr8+LxymdF6FS7
T1FdsSAGD1ydixvWZEAkdP3DHj105Dc3LMGDW71fjf3irGj4SMUwmkcyPt7+qgy/uWEx5id6lsI0
FoYB7nn6S17b0kA/GX56ZTbW5MYhNTYYKqUffKRiLH/wPZyqGrvoz0RUo7bXbMkqOJfbyJ2oEH/U
to1c6HgytKln1DyqYO8XpiWEnD3Hjx9HYSF7HIyNjUVbWxsYhsHOnTuRmZnJa7k4XaOHaXh6R2v0
vJ7erRqdcTGZ93PHOTV7dCcBQohnzpw5g1dffZVL6Q8NDcWiRYswb948hIeHIzAwEFKpFPv378cn
n3wyw2t7dq1Zs4YLcBw9ehRbtmyBTCbjFZecidawzo4ePcr9OygoyKWAp7e/Tz8/P6xatQqrVq2C
Xq9HQUEBDhw4gM7OTq7tdkRExHkzTMJiscBkMnGPnbMbvH3cmsnfjnMWiXOWymwzJwIch4pbXbpG
TGdZZY29LoGAY2XtWPebD2Cx2hGi8MWB526G3EcC9cAwfKRixKkUCPIfuz0RACxOj8CuwyMXvScr
O4CzEOBQBvjgoevy8dSPQ2oAwM4wuPXJz3D4n7ci0G/89XTQGy0Qi4SQSUYifD+Ut/Mu3BMjA3H4
n7ciJsyzsXyTsWBeGL44Xs89Plwy+eJuYpFrBNYbdS7Gcy63kTt5qRE4VDyyrU5OEECx2xkcr+BX
GR89vIoQcv7SaDTYvp1tKy4UCnHHHXfgyJEjOHjwIIxGI95991089NBDXsuEcB6PHBwcPKlidc7j
l52XMx7nLgjBwcHTGp4C8McdO7qpEEI8Zzab8e6773IXaNdddx3WrVvn9q73XMgInTdvHhISEtDU
1ASj0YiTJ08iLS2NK06ZkZGByMiZK5Lf3d2NM2dGav5t3LiR972c7e/TEexYsWIFXn31VRQVFYFh
GPzwww/nTYDD+XgkEol4hbm9edya6d+Oc3He2Zx5NSeqAL71ZQnvcaCfDPqvfgPm4O8n/K9t5wMu
QyGcu6s4/Oeb38NiZdN6FqdHYsG8MCRFBWFJRiQWJoVNGNwAgDW5/J7KHx2sRluvZ61fJ+uX1+TB
z0fCm1ZS34t1D29HXbtmjFeN+PyHesy7+WWsePA9qHXD3PQTlfwL4VsuzRzzwt1un96QktHFXUvq
e3GszLMdi4OvTOyyHVq6x75jN911Bs7tNnLn0kX8v7NjZe289sSj/VDR7rJNVufEjTE3IeR8wjAM
3n77bW7c8KZNmxAbG4utW7dyFdgrKyu5ceDe4Hyi7EkXGGfO89fW1npUD8O5ZV96uvvOaJORmprK
nThWVla6DO0hhIyvpqaGu5OdkZGB9evXn/Whauc754Ktx44dw4kTJ3jFRWeK1WrFG2+8wQ1NCAoK
chm2eK6+T5FIxNsWWq12nLnPLefjTFJSEiSSkWsHbx63Zvq34xxQcgwdmo0u+L1Nt0aPbfsreNPu
3rQQ8lEXtWOJDg3A1pWpvGmvfV4Mg9HCm3bC6Q73VycbcM/TX2L7d5XYd6oRx8raUVzfg/oOLYZN
YxcCXZIRibV5IxefRrMVt//1c/Tr3KcI6fQmvLD7DB76135oBieXRhQdGoB/P3aFy/TTNV3IvON1
PPz8tzhU3Iq+gWHY7AwMRgtae3T49GgtNv9hF656bCd6NAYUVHdhyx8+xoCeTdtyBHkcqltcL5zN
FhuefPcYTtd0uTw3GWty4pASw29fdN/fv3IpPgoABqMFf/73UVz7x90u23N095WXPi10+Rx2O4Pn
d5/B7u89r6Y/Fm9vI5mEn4g11hAph/X5iciI56ejP/jcN9CP+psGgH6dEQ/981vetLV58chN8ayl
JCFkZh06dIhrQRcbG4tNmzYBYNNQb7nlFm6+nTt3Qq123+Lc2cDAAHdS7k5bWxsKCgq4x5Ot7xET
E4OkpCQAbC2PvXv3jjt/R0cH12oPgFfqZSiVSq7Tgd1ux86dOyd8jd1u54JIhMx1zr+F8TKqbDYb
mprOXZH1mZSXl8cVzmxsbMSxY8cAsMMPPGnfeTaYTCa89NJLaG5uBsAGGO677z7exTtwbr9P54Cy
cxvUs0mv18NqHfv6TKvV8tqFr1ixgve8N49bM/3bycjI4Gpv6HQ6XiDG3Tp88cUXXl8Hb7jgh6h8
+J1rcdFbLp1cj+nbN87nDR3RDBrx2bE63Lh2pADPwqRw/FA+kj3w5hclePMLfuaIQ0Z8CG5el4mb
12UgOZp/gf7/7l+Di3/xLsw/DpM4UNiC+Xe9gZ9vyUV+WgT8fCRQ64ZxsKgF//6qFDq9GQBQ367F
x/+zFVKJ5wVhrluVhifvuQRPvHGYN91iteO5nQV4bmfBGK/k69HqMTBkQqCfzOXz7DxUjYf+tR+b
liZBKBCgurUfr31ehJL66ac9SSUiPH3/Gmx94mNuWnlTH7LveRP/ceMS5CSrIBIKUN7Uh2c/OoXG
zgFuvh1/upqrg3L96jR8dXIkDfmH8nZs+I8Pcd9V2VAp/dDYOYA3vyyZdHbIWLy9jRIi+FX7vzzR
gP/bWYCM+BDsOVaH6NAAPHbrSGVuiViIZx9ch8se2cFN23+6CXk//Td+ec0iZMSHwG5nUNbYi2c/
KuC1h5WIhXjqZ95tKUkIOTt6enqwa9cuAGy7vLvvvptXNCw7OxuLFi3C6dOnYTKZ8Pbbb+Phhx8e
N+21trYW7733Hm688UZeMU6ADW48//zz3B2f+fPncyd9k7F161aupe23334LhUKBDRs2uNzF6uzs
xAsvvMC9X25uLhITvVMse/PmzSgrK4PZbEZBQQHkcjmuu+46yGT8bEyGYVBaWoqPP/4YAwMDePzx
xxEaGuqVdSBktnKu6VNdXQ21Wu1S56ezsxPbtm2bVBvm2UwsFmP16tXYs2cPGIZBfz97c2vNmjXn
PLvF0Z1j9+7dXOcUR1ctd/tsb32f7e3tePHFF7FgwQJcddVVLvWStFotPvvsM+5xVlbWlD7fZPX2
9uK1117DHXfc4TKkUq1W48UXX+TqUcTExGDRokUuy/DWcWumfzt+fn7Iz8/HiRNsM4pt27YhIiKC
19YWYG92vPXWW9wNlPPNBR3gsNsZvLyHX1w0Oykci1IjJrWcjUsSERYk5xVjfPXzYl6A468/vQSb
fv/RuBkaDpXNavzxze/x1/d+wCd/uYbXvSQvVYV3HrsCt/zPZ1w3lk71EP745vjpw0PDZgwNWxA8
iQAHADz+k4sRp1Lgnqe/cMks8MTCpDB8/r/XITacjUqvWxSPEIUvb9jKP3edxj93nea9zlcmxq2X
Zk2qi407V69Iwe9uvojXFaZHY8DvXj445muMZhvMFht8Zeyf/01rM/DczgKUNowEFA4WteBgUYvL
a+NUinGHsHjC29to45JECAUCXveeXz/Pz7pYnROLi7NGxghuXJyI5x5cx5uvprUfvxyntbFQIMC/
H70C+WmT+/0QQqamtrZ2Uie+iYmJSEhIAMCewL711lswm9kg+JYtW1xOUADgpptuQmVlJQwGA6qr
q3Ho0CGsXj12EFMgEODIkSMoKSlBTk4OwsLCYLVa0dTUhNLSUu6kTalU4rbbbpvMx+WkpKTguuuu
w0cffQQA2L17N44ePYqFCxdCqVTCbDajsbERZWVl3PtFRkbi9ttvn9L7ueNY3htvvAGGYXD48GGc
OXMGCxcuREREBIRCIdRqNUpKSrjMF4FAgPr6egpwkDkvISEBYWFh6O3thcFgwF/+8hcsXboUwcHB
GBoaQl1dHerq6iASibBp06bz9i6wtzlaxjqyBaRSKZYtW+bV9xjruGG32zE0NITe3l5UVFTwhlH4
+fnhvvvuG3OIn7e+z08++QR9fX04cOAAjhw5gtzcXMTExIBhGHR3d6OgoIA7ZmVkZJyzAEd4eDiK
i4vx+OOPIycnBxEREWAYBq2trSguLobFwmY4y+Vy3HXXXRCLXS+fvXXcOh9+O1u3bkVpaSkMBgMG
Bwfx5JNPIi8vD7GxsbDZbOjo6EBhYSGsVis2b96MPXv2eH0dpuuCDnB8X9qGymZ+yu1Pr8z2qC2m
M5lEhHuvWIj/fX+kKOd3Z5pR2azmUv01g0bEhitQ09qPQD8ZYsICUN+h5XUqGc1otuLep79E/baf
8TIvblybgYgQf/z0/33J63bhjlQiwkPX5uNPdy73eNjNaD/ZkIVl86Px5DvH8O+vSj16jZ+PBP9z
z0r8fEsufKQjf0aBfjK898SV2PL4x1wWymgL5oXhrUc3QaX0m3aAAwD+dt9qRIX449FXD427vX1l
Yvzhtovxu5su4m1vuY8EO/98NS773Q5eloczqUSEp362GnkpKqx6aNu01tfb2ygpKghP3b8aj7x0
YMx5tu2v4AU4AOCh6/KRGBmEX/7zmwmDNikxSrzy28tc6p4QQs6ewsJCrvOJJ7Zs2cIFOL7++muu
QGby/2/v3oPavO89j38eCSwhGXERCDAYc3NMDTYmmEtx2ji2Y+d+aZK20zbderfpdP/odk57ZnZn
tu22s9PuHzs7c9rpbKftmT2n2dOmTVKnTevEGzvGdh07vsQXHNtgsLnaYK4GIYG4SPtHxtSKANsx
IB54v2byh59HD8+XMBLoo9/v+y0o0LZt26a8xuVy6fnnn9fLL78sSdq1a5eKi4unfZNeUlIim82m
Y8eOhU0AuNXKlSv1zW9+U0lJSVOevxPbtm2Ty+XS73//e/l8PnV1dWnfvn1TPra0tFRf/epX76qZ
6Z0oLy+Xw+HQb37zGw0MDGhoaGhyWfnHpaSk6POf/7xKSkpmtQbAjCwWi3bu3Kl/+qd/0ujoqHw+
n959N/yDl5SUFH3ta19TTk6O9uzZY9q9/nfD5XKpvLxcR48elSRVVVXN+uvW3fzeuLmqZMeOHZPb
Z6YyWz/Pr3zlK3r55Zf14YcfamxsTMePH5+cLnOr4uJiff3rX7+j72E2lJaWKj09Xb/97W+nfY33
eDx66aWXIqbL3Go2fm8thOdOUlKSvv3tb+vnP/+5vF6vJiYmdOLEibBtNXa7XS+++KKqqqpUU1Mj
r3duekZ+Uos64PjNx96sbyvL0Ve2f7I08B9eKNe7p1p0/OLfJ07833c+1E9eelD/+Isa/a8/fPQE
3bgmXW/+5DlluP8+PigYDMk3MqbmzgHtfv+y/uuvD01+2t7e7dWVjhsqzA5ffvRgyUp9+C//QX9+
r0F7jjfp/QvXJt+Epic7df99afrs+pV67sE1EeNlP4n8FYn6l//ymH648wHtP9Wid040qfFqv9q7
vRrwBZSZEq/MlOUqyk3RIxV5erBkpVzTTFt5QApX/QAAHb5JREFUpCJPZ/55p/73n07p/51oUluX
V54kh9bnpeqFzYX6/EOFk6HIN58q1b/uOTdjMHE7hvHRm/XnHlyjf9t7Xm+9f1n1bX3y+keV4V6u
knyPNm/I1gub14T9XG5138pknfnnnfrVX8/qjb9d0vmmHlmthtasdOvRyjy9uL1IOekJ8o+Mqbo4
8563q8z2/6N//EKF1q5y6xd/Pq0j56/KPzKuVWkuPbghW59/qFBbPtbA9qanNhVoW9kq/fm9Br1z
olnH6zrU3j0oQ4ayUuP16aJM7ajI1VPVBXe1/QlA9LS3t08u801KStLOnTtnXAlSXV2tCxcu6OTJ
k5NbVb7zne9MuVXl5laXjRs36vDhw2pqapLP59Py5cuVlZWl8vJyVVZWzsqS64qKCq1bt05HjhzR
hx9+qGvXrmloaEjLli1TYmKiCgsLVV5erry8vHu+13SKior04x//WEePHtW5c+fU2tqqoaEhxcbG
KiEhQXl5eSouLtaGDRvCtv8AS11+fr6+973vac+ePbpw4YK8Xq+cTqfS09NVVlam6urqyW1uJSUl
M+71X0xuHTU602q52WaxWLR8+XK5XC5lZmZq7dq1KioqChuLPZPZ+HkmJCToW9/6lhoaGnT8+HHV
19frxo0bCgaDcrlcysvLU1VVlYqKiuZtuo7FYlFeXp42bNignJwc7du3T3V1dRoYGFBcXJwyMjJU
VlamTZs2RfQmmcps/N5aCM+dnJwc/ehHP9L+/ft15swZdXd3y2KxyO12a8OGDfrMZz4z2SOlqKhI
77///m2+4vwyQjN1C8NtnW64rvtf+tfJf+/6789GNCX9uMf+82t6+9jfez5c+rdvRDTLBABgIaip
qZkcM7tx40a99NJLUa4IAMynq6tLP/jBDxQKhXTffffpu9/9brRLAhalRT9FZa59fAvJibqOaR75
kSvXboR9+r/S44poEgkAAABg8di3b9+CGA0LLHaLeovKfLhvZXLYv//Hb9/Xh009enrTaq30xCvO
Fqux8Ql13fDr6Pmr+j9vndPQ8Ojk43+08wHFxpAzAQAAAIuR1+vVe++9J0lKTk6mXw8whwg47tGG
Ao/+/WPrw0bC/uVIo/5ypPG21/6n58r073ZEZ/Y1AAAAgLlXU1MzOT1l8+bN8z4aFlhKCDhmwS/+
YbuyPS795LdHp52Kcav0ZKf+5398SF/eVnTXE10AAAAAmEMgENCBAwckfdSoedOmTVGuCFjcCDhm
wbJYq/7b1zbpG0+WaPf7l3XobJvONHbpao9XXv+okuLtWpnqUlXRCm29f5UercwLG60KAAAAYPE5
cuSIfD6fDMPQjh07tHz51BP9AMwOpqgAAAAAAADTYwMYAAAAAAAwPQIOAAAAAABgegQcAAAAAADA
9Ag4AAAAAACA6RFwAAAAAAAA0yPgAAAAAAAApkfAAQAAAAAATI+AAwAAAAAAmB4BBwAAAAAAMD0C
DgAAAAAAYHoEHAAAAAAAwPQIOAAAAAAAgOkRcAAAAAAAANMj4AAAAAAAAKZHwAEAAAAAAEyPgAMA
AAAAAJgeAQcAAAAAADA9Ag4AAAAAAGB6BBwAAAAAAMD0CDgAAAAAAIDpEXAAAAAAAADTMySFol0E
AAAAAADAvWAFBwAAAAAAMD0CDgAAAAAAYHoEHAAAAAAAwPQIOAAAAAAAgOkRcAAAAAAAANMj4AAA
AAAAAKZHwAEAAAAAAEyPgAMAAAAAAJgeAQcAAAAAADA9Ag4AAAAAAGB6BBwAAAAAAMD0CDgAAAAA
AIDpEXAAAAAAAADTI+AAAAAAAACmR8ABAAAAAABMj4ADAAAAAACYHgEHAAAAAAAwPQIOAAAAAABg
egQcAAAAAADA9Ag4AAAAAACA6RFwAAAAAAAA0yPgAAAAAAAApkfAAQAAAAAATI+AAwAAAAAAmB4B
BwAAAAAAMD0CDgAAAAAAYHoEHAAAAAAAwPQIOAAAAAAAgOkRcAAAAAAAANMj4AAAAAAAAKZHwAEA
AAAAAEyPgAMAAAAAAJgeAQcAAAAAADA9Ag4AAAAAAGB6BBwAAAAAAMD0YqJdAAAAMD+Xy6WkpCRZ
rdaIc8PDw+ro6IhCVQAAYCkh4AAAAHfFarUqPT1dhYWFWr16tbKzs5WYmChJMgwj7LGhUEiSND4+
rtbWVjU1Nam+vl5NTU3y+XzzXjsAAFi8DEmhaBcBAAAWLsMwFBMTo9TUVJWWlqqiokLp6en39DV9
Pp8uXLig48ePT4YdwWBwlioGAABLEQEHAACYksVikd1ul8fj0ZYtW1RZWTkn92lublZNTY3q6+vl
9Xo1Pj4+J/cBAACLGwEHgCUjNjZWhmFodHQ02qUAC57D4VBGRoaqq6tVXl4um8025/dsbGzUgQMH
1NjYqP7+/jm/HwAAWFwIOAAsehaLRcnJyVq9erViY2PV3t6utrY2jY2NRbs0YMGxWCxyu90qLy9X
dXW1UlJSIvpq3GpiYkJ+v18jIyMKBAKamJiIeIzdbteyZcvkdDq1bNmyGe8/Ojqq2tpavfvuuzxP
AQDAXSHgALCoOZ1O5ebmqrq6WiUlJYqJiVF3d7deffVV1dbWRrs8YEGx2WzKycnR5s2bVVRUNO2q
jWAwqN7eXvX29qqvr0+dnZ3q7u5Wf3+/RkZGIh7vdruVkJCgzMxMpaamKikpSW63Ww6HY9paent7
tXv3bp05c4ZmpAAA4I4QcABYlGJiYpSRkaENGzaosrIy7FPoYDCoixcv6mc/+1mUqwQWDrvdruLi
Ym3dulU5OTmyWCwRj7k5CaWlpUVXrlxRU1OT+vv777hnhmEYcjgcysrKUn5+vnJyciYnsEy1SsTv
96umpkbvvfeeent77/l7BAAAixtjYgEsOgkJCSoqKtLGjRuVn58vu90edt5iscjj8cgwjMkRlsBS
ZrfbVVJSou3btysrK2vKx7S0tOjcuXOqq6tTU1PTJ2oEGgqF5PP5VF9fr4aGBrndbhUWFqqoqEhr
1qyJWNHhcDi0bds2ORwO7du3Tz09PZ/o+wMWK7vdrvT0dKWkpMjtdis2Nnbe7t3f368bN26oqalJ
fr9/3u4LADMh4ACwaMTExGjVqlWqqKhQcXGx3G73jL0DAHy0LWX9+vXThhter1enT5/WqVOn1NDQ
MGsTToLBoLq7u9Xb26vGxkYVFxerqqpKK1asCFs9YrPZVFVVJcMwtG/fPnV3d8/K/QGzc7vduv/+
+yd/3yUlJSkmZv7+tB8YGJDX61VjY6OOHz+uy5cvz9u9AWA6Vkk/jHYRAHAvDMOQy+XSpk2btG3b
Nq1du1Yul2vGcOPm0ndgKYuJiVFRUZGefPJJZWZmRpy/du2a9u3bp0OHDunq1asKBoOzXkMoFNLQ
0JCuXr2qzs5OOZ1OpaSkhIUcsbGx8ng8slqtam9vVyAQmPU6ADPJysrSjh07VFVVpczMTDmdzim3
lc0lu90ul8ulrKwsrVixQqFQSG1tbfNaAwB8HCs4AJia1WpVfn6+tmzZory8vNsGGwA+YhiGPB6P
Hn/8cWVkZEScP3/+vPbv36/GxkYFAoE5384VCARUV1envr4+9fT06KGHHgp7LjscDpWXl2tgYEAH
Dx4k5MCSlZiYqOrqam3cuHFexjffTkxMjPLy8hQXF6eenh5dunQp2iUBWMJYwQHAtBwOhx577DE9
8sgjysnJkcPhuONwgxUcWOpiY2P14osvqqCgIOJ5c/78eb311ltqbGzU6OjovNV0czVHa2urxsbG
dN9994Wdt9lsSkhIUE9Pj65fvz5vdQELxbJly1RSUqItW7bI6XRGu5xJhmEoLi5ODodDdXV1jHcG
EDWs4ABgSsXFxXrqqaeUnp6+ID7BAszmoYce0qc+9amIZe11dXXavXu3mpubNTExccdfLz4+XomJ
iUpJSVFCQoIMw1AgEFBnZ6f8fr86Ozvv+Gt5vV7t3btXNptNDz/88ORxwzCUkZGhBx54QH19fWpv
b7/jrwksBgkJCVq3bp1cLle0S4kQExOjnJwcFRcX69ixY9EuB8ASRcABwFRcLpeeeeYZlZWVyWaz
sR0F+ASSkpK0ffv2iIaEXV1dOnz4sJqamu6o34bdbteaNWtUXl6u/Pz8yVVUt4YmExMTCoVC6uzs
1KlTp3Tq1Kk7moYyMjKit99+W2lpaVq/fv3kcYvFosLCQjU0NKirq2teV5gA0eZwOJSenr5gf/c5
HA6tWLEi2mUAWMIIOACYgmEYKisr0zPPPKOUlJQF+8cdYAZPPvmk4uPjw475/X4dO3ZMZ86cuW24
YbVaVVBQoGeeeUZ5eXkzPvbm2Mrc3Fzl5uZq+/btOnjwoGpqajQ0NDTjtX6/X7t27VJaWprS0tIm
j9tsNpWVleny5cu6cuXKjF8DWEwWeoCwbNkyeTyeaJcBYAkj4ACwoMXExCg1NVWPPPKISktL2Y4C
3KO0tDRVVVWFHQsGg2poaNDhw4dn3Dt/c2LRCy+8oPLy8k90//j4eD3xxBMqKyvTX//6V505c2ba
0bOhUEjd3d168803tXPnzrAVJ7m5uSooKNDVq1dpOAosEBaLRcuWLYt2GQCWMAIOAAuSxWLR8uXL
VVJSoq1bty7oJbmAWVgsFj3yyCMRfTe6urp06NAh3bhxY9prDcNQZmamvvCFL0Q0//wkMjIy9LnP
fU7x8fE6fvy4/H7/lJNaxsfH1djYqJMnT6qysjLsdaCsrEz19fVqbW2d8ykvAABg4SPgALCgGIYh
u92u7Oxsbdq0SRs2bGDVBjBLbvazuDUkGBsbU1NTk+rr62e8NisrS9/4xjdmdfm52+3W448/LqvV
qiNHjsjv90/5uMHBQR07dkyFhYVKTEycPJ6Tk6Pc3Fx1dHTQiwMAAMhy+4cAwPywWq1KT0/XZz/7
WX3pS19SZWUl4QYwi0pKSiZ7Ytx0MzyYaWuKx+PR888/Pyd76+Pj47V582atW7du2qXtwWBQ165d
U21tbcS5NWvWLKhxmQAAIHoIOAAsCE6nU6WlpXr22Wcnx78CmD2xsbFav359WIgQDAbV2dmphoaG
Ga97/PHHtXr16jmrLTU1VQ8//LAyMjKm3Yo2ODio+vr6iFUeq1evnhxLCwAAljYCDgBRZRiG8vLy
tGPHDj333HMqKSmJGF0J4N6lpaVFBAGBQEC1tbXTNvmUpOLiYhUVFclqtc5pfStXrtSGDRtkt9un
PB8MBnX9+nW1tLSEHY+Pj1dmZiavGwAAgIADQPQkJCRo8+bNevbZZ/Xwww8rOTk52iUBi1Z2dnbE
lq9AIKCLFy9Oe43T6dQDDzwwb1tAqqqqZmwo3Nvbq9bW1ojjubm5EVtvAADA0sPHHQDmndVqVWFh
oSoqKlRUVKT4+PholwQsepmZmWHbU0KhkPr6+tTT0zPtNXl5ecrIyIiYujJXkpOTVVxcrPb29il7
ggwPD6u7u1sjIyNhKz1WrlzJCg4AAMAKDgDzKzU1VY899pieffZZlZeXE24A8yQtLS1slUMwGFRz
c7MmJiamvSYaDTynaoR6081Qpq+vL+x4eno6AQcAAGAFB4D5ERsbq3Xr1umBBx5QTk6OHA4HTQGB
eeJyuRQfHx+2EiMUCqmzs3PGa7KysuZ9klFGRoY8Ho+am5unPD88PCyfzxd2zG63y+Vyqb+/X6FQ
aD7KBAAACxABB4A5l5qaqs2bN6u0tFSJiYlz3qzwTvFGCEuF0+mMeN6FQiF1dHRMe01cXJxsNtu8
B5ExMTFyuVzTnh8cHNSNGzcijicnJ6u1tZXnNQAASxhbVADMKY/HoyeeeEIPPvigkpOTF0y4ASwl
hmFEBBWhUGjG6SlpaWlyOBxzXdqUZhoXOzExMeW2Gl5bAAAAAQeAOZWZmanS0lLFxsYuuC0pC60e
YCGxWq3z1lz045YvXx6V+wIAAHMj4AAwpwzD4JNVAAAAAHOOgAPAnOru7lZdXZ3GxsYW3N74hVYP
sJCMjIzMuIVlLg0NDUXlvgAAwNwIOADMqba2Nv3hD3/QoUOH1NfXN+NISgBzIxQKRQR6hmHMOFq1
r69PIyMjc13alDo6OqYNIK1W65SrwnhtAQAABBwA5lxXV5feeOMNvf7666qrq5PP51sQqyfowYGl
wufzRQQAhmEoIyNj2muGh4cVCATm/bk6Pj6uwcHBac+7XC4lJiZGHO/r61sQrysAACB6CDgAzIux
sTGdOnVKr7zyimpqatTe3s4nrsA8GRwc1NDQkILB4OQxwzCUlpY24zVXr17V6OjofJQ4qaOjQ11d
XdOej4uLk9PpDDsWCAQ0ODhIwAEAwBJHwAFgXnV3d+vtt9/WG2+8oRMnTsjr9Ua7JGBJ6Ozs1NjY
2OS/LRaLcnNzZ2wCXFdXN+/9MM6ePRtW560Mw1BycrKSk5PDjnd0dEStXwgAAFg4pt98CwBzZHx8
XOfPn1d7e7uam5tVVlam/Pz8qI2kBJaCa9euaXR0VDabTdLfwwK32z3tiokrV66ovb1diYmJ8zIN
qa+vTx9++OG0YUVcXJxSU1Nlt9vDjre3txNwAAAAVnAAiJ6BgQEdOHBAu3bt0r59+9TX1xftkoBF
q6WlRYFAIOyYzWbT2rVrp73G5/Pp8OHD8vv9c12eJOnYsWPq7OycdquJ2+1WdnZ2xPErV65Mu+oD
AAAsHQQcAKIqFArpypUr2rNnj/74xz/q7NmzfBILzIHr16+rp6cnrA+HzWbT+vXrZ5ymcvHiRZ0/
f37Oe+a0tbXp9OnT005usVgsSktL06pVq8KOe71eXbt2jdcNAABAwAFgYfD5fDp9+rT+9Kc/6c03
31RnZ2e0SwIWlbGxMZ0/fz6iD0d6erpWr14943VvvfWWGhsb56y27u5u7d27d8bxsC6XS2vWrJHD
4Qg73tDQoBs3btBgFAAAEHAAWDgmJibU0dGhQ4cO6ZVXXtHx48cjltQD+OTOnTsXsZXD5XKpoqJC
sbGx0153/fp1vfbaazNON/mkhoaGdPDgQZ07d27aiS0Wi0UrVqzQ+vXrI87V19fL5/PNel0AAMB8
CDgALCihUEjDw8O6dOmSXn/9db322mszfqoL4M5dv35dtbW1Yc+n2NhYFRQUqLi4eMZr29vb9ctf
/lINDQ2zVk9vb692796tI0eOaHh4eNrH3QxhEhISwo63tLSoqamJ/hsAAEASAQeABSoYDGpgYEBH
jx7Vr371Kx07dozVHMA9CgaD2rNnT1gfDklKTU3Vpz/9aSUmJk57bSgU0tWrV/XrX/9aJ0+evOda
Ojo6tGvXLh06dEg+n2/aEDMmJkYFBQUqLy+XYRhh506ePDljU1IAALC0WCX9MNpFAMB0gsGgvF6v
amtr1dXVpezsbDkcjog3OnfL7/erpqZmlqoEzMPn80VMIzEMQy6XSxMTE2pqaooIQG4VCARUW1ur
S5cuKT09XUlJSXd1/6GhIe3du1e/+93v1NLSMuO9DMNQWlqavvzlL8vlcoWda2pq0t/+9jf19PTc
1f0BM0tNTVVVVVW0y5hWMBjU1atX9cEHH0S7FABLFAEHAFMIhUK6du2aTp48KafTKY/HI6vV+omD
DgIOLGWtra2qrKyUzWabPBYbG6vExEQNDAzcdlVEMBhUT0+PTp48qaamJhmGIbvdLovFomAwGPbf
+Pi4xsfH1d7erv379+vVV1/V6dOnp+23cSun06kvfvGLKigoCDseCAR08OBB1dbWzvl0F2AhcTqd
ys/PV3x8fLRLmVIgEND58+dVV1cX7VIALFHTz4UDgAVocHBQL7/8sk6dOqWnn35aaWlpYW/SANxe
f3+/3nnnHT399NNhI2LT0tK0efNmDQ4O6vLly7cND0ZGRnT27FmdPXtW8fHxSkpKUkpKilwul6xW
q0ZGRtTR0SG/33/Xk5HsdrseffRRlZSUhB0PBoOqq6vThQsX7igkARaTm8+ljIyMe17JOBeGh4d1
7dq1aJcBYAljBQcAU+rq6tIHH3wgi8WixMRE2Ww2WSx33laIFRxY6lpbW5WTk6OUlJSwN0put1sJ
CQnq6enR4ODgjFtIbjU6OqqBgQF1dHSoublZTU1NamtrU39/v4aGhu6qtvj4eG3dulWPPvpo2PFQ
KKSOjg698847s9rsFDCL0dFRGYah/Px82e32aJcTZnx8XJcuXdK+ffto/Asgagg4AJjW2NiYGhoa
1NbWJqfTKYfDIZvNdkefahFwYKkLhUJqa2tTbm5uRHNRj8ejxMREeb1eDQ4Ozts2EIvFIo/Ho23b
tmnHjh0Rz2Wv16uamhqdPHnyjoMXYDEJBoPy+/2Ki4tTZmZm2AqsaAqFQrp+/br+8pe/3PVqLQCY
TQQcAEwtFAqpr69Ply5d0sjIiOLi4uRwOG77Rx8BB/DR86C3t1fZ2dkRe/o9Ho9WrlypYDCo/v7+
OZ9iZLPZtHr1aj322GOqqKiIWJHl9/v1/vvv69ChQzOOlAUWu5GREQ0MDMhutys+Pv6Og/25crM5
8YEDB3TmzJmo1QEAEgEHgEUiEAiotbV1cu/v8uXLFRcXN+0ffQQcwEcB4eDgoLxer9LS0iImlcTH
x2vVqlVavny5xsbGdOPGjVlfOWGxWJSenq7y8nI9/PDDKigokNVqDXvM8PCwjh8/rv3796u/v39W
7w+Y0eDgoNrb2+Xz+SYbblut1ntqvn03JiYm5PV61dPTo7Nnz2rv3r2qra2d8/sCwO0YkhgeD2BR
SUhIUFFRkTZu3KiCgoIpm5B2d3fr+9///oyTIoClwm63q6SkRNu3b1dWVtaUj2lpadG5c+d08eJF
NTc3a3x8/J7uabFY5Ha7dd9992ndunVas2aNHA5HxOMCgYCOHj2qvXv3MhIW+JjY2FitWLFCHo9H
CQkJ87aaY2JiQoODgxoYGNCVK1fk9/vn/J4AcCcIOAAsSjExMVqxYoVKSkpUWVkZ1kjx5hSGn/70
p1GuElg47Ha71q5dq61btyovL2/Kpr3j4+NqaWlRa2urLl++rObmZvX3999x2GEYhhwOhzIzM5Wf
n6/c3FxlZ2crISFhyvsNDw9r//79eu+999Tb23vP3yMAAFjcCDgALGpOp1N5eXmqqqrSunXrZLPZ
1N3drddee01nz56NdnnAghIbG6vc3Fw99NBDKioqmnYEczAYVG9vr3p6etTf36+Ojg719/err69v
yk9yMzIyFBcXN/lJc2JiolJSUqZcsXFTR0eHdu/erQsXLsjn883a9wgAABYvAg4Ai57FYlFycrLS
0tLkdrvV3t6utrY2xtgBU7BYLEpJSdHGjRtVXV0dMUb24yYmJuT3+xUIBBQIBKZ8XjmdTlmtVjmd
zmlDk5vGxsYm9/S3trYyLQUAANwxAg4AS4ZhGIqNjdXo6Gi0SwEWPIfDoRUrVqi6ulobN268bTAx
Gy5fvqwDBw6ooaGBZqIAAOCuEXAAAIApWSwW2e12eTwebdmyRZWVlXNyn5aWFu3fv1/19fXyer33
3MAUAAAsTQQcAABgRoZhKCYmRh6PR6WlpaqoqFBaWto9fU2fz6cLFy7oxIkTunLlinw+H9tRAADA
PSHgAAAAd8VqtSojI0OFhYUqKChQdna2EhMTZ+zVMT4+rtbWVjU3N+vixYtqamqieSgAAJhVBBwA
AOCexcXFye12T9mro6+vj54aAABgzhFwAAAAAAAA07NEuwAAAAAAAIB7RcABAAAAAABMj4ADAAAA
AACYHgEHAAAAAAAwPQIOAAAAAABgegQcAAAAAADA9Ag4AAAAAACA6RFwAAAAAAAA0yPgAAAAAAAA
pkfAAQAAAAAATI+AAwAAAAAAmB4BBwAAAAAAMD0CDgAAAAAAYHoEHAAAAAAAwPQIOAAAAAAAgOkR
cAAAAAAAANMj4AAAAAAAAKZHwAEAAAAAAEyPgAMAAAAAAJgeAQcAAAAAADA9Ag4AAAAAAGB6BBwA
AAAAAMD0CDgAAAAAAIDpEXAAAAAAAADTI+AAAAAAAACmR8ABAAAAAABMj4ADAAAAAACYHgEHAAAA
AAAwPQIOAAAAAABgegQcAAAAAADA9Ag4AAAAAACA6RFwAAAAAAAA0yPgAAAAAAAApkfAAQAAAAAA
TI+AAwAAAAAAmB4BBwAAAAAAMD0CDgAAAAAAYHoEHAAAAAAAwPQIOAAAAAAAgOkRcAAAAAAAANMj
4AAAAAAAAKb3/wHNT3dov8joRAAAAABJRU5ErkJggg==
" width="800px"&gt;</msg>
<status status="PASS" starttime="20231120 12:36:11.012" endtime="20231120 12:36:12.266"/>
</kw>
<status status="PASS" starttime="20231120 12:35:47.348" endtime="20231120 12:36:12.266"/>
</kw>
<status status="PASS" starttime="20231120 12:35:47.346" endtime="20231120 12:36:12.267"/>
</test>
<kw name="Close Application" library="AppiumLibrary" type="TEARDOWN">
<doc>Closes the current application and also close webdriver session.</doc>
<status status="PASS" starttime="20231120 12:36:12.268" endtime="20231120 12:36:12.723"/>
</kw>
<status status="PASS" starttime="20231120 12:35:05.892" endtime="20231120 12:36:12.724"/>
</suite>
<statistics>
<total>
<stat pass="2" fail="0" skip="0">All Tests</stat>
</total>
<tag>
</tag>
<suite>
<stat pass="2" fail="0" skip="0" id="s1" name="Age Cal Data Driven">Age Cal Data Driven</stat>
</suite>
</statistics>
<errors>
<msg timestamp="20231120 12:35:47.346" level="WARN">Multiple tests with name 'Test_1' executed in suite 'Age Cal Data Driven'.</msg>
</errors>
</robot>
